Log file open, 11/26/21 19:02:06
LogWindows: Failed to load 'aqProf.dll' (GetLastError=126)
LogWindows: File 'aqProf.dll' does not exist
LogWindows: Failed to load 'VtuneApi.dll' (GetLastError=126)
LogWindows: File 'VtuneApi.dll' does not exist
LogWindows: Failed to load 'VtuneApi32e.dll' (GetLastError=126)
LogWindows: File 'VtuneApi32e.dll' does not exist
LogConsoleResponse: Display: Failed to find resolution value strings in scalability ini. Falling back to default.
LogConsoleResponse: Display: Failed to find resolution value strings in scalability ini. Falling back to default.
LogInit: Display: Running engine for game: puzzleBomb
LogPlatformFile: Not using cached read wrapper
LogTaskGraph: Started task graph with 5 named threads and 23 total threads with 3 sets of task threads.
LogStats: Stats thread started at 0.403588
LogICUInternationalization: ICU TimeZone Detection - Raw Offset: +0:00, Platform Override: ''
LogInit: Display: Loading text-based GConfig....
LogPluginManager: Mounting plugin MeshPainting
LogPluginManager: Mounting plugin XGEController
LogPluginManager: Mounting plugin Paper2D
LogPluginManager: Mounting plugin LiveLink
LogPluginManager: Mounting plugin AISupport
LogPluginManager: Mounting plugin EnvironmentQueryEditor
LogPluginManager: Mounting plugin LightPropagationVolume
LogPluginManager: Mounting plugin OodleData
LogPluginManager: Mounting plugin OodleNetwork
LogPluginManager: Mounting plugin AnimationSharing
LogPluginManager: Mounting plugin CodeLiteSourceCodeAccess
LogPluginManager: Mounting plugin CLionSourceCodeAccess
LogPluginManager: Mounting plugin GitSourceControl
LogPluginManager: Mounting plugin CameraShakePreviewer
LogPluginManager: Mounting plugin KDevelopSourceCodeAccess
LogPluginManager: Mounting plugin NullSourceCodeAccess
LogPluginManager: Mounting plugin PerforceSourceControl
LogPluginManager: Mounting plugin PixWinPlugin
LogPluginManager: Mounting plugin PropertyAccessNode
LogPluginManager: Mounting plugin PlasticSourceControl
LogPluginManager: Mounting plugin PluginUtils
LogPluginManager: Mounting plugin RiderSourceCodeAccess
LogPluginManager: Mounting plugin SubversionSourceControl
LogPluginManager: Mounting plugin UObjectPlugin
LogPluginManager: Mounting plugin TextureFormatOodle
LogPluginManager: Mounting plugin GameplayCameras
LogPluginManager: Mounting plugin VisualStudioCodeSourceCodeAccess
LogPluginManager: Mounting plugin VisualStudioSourceCodeAccess
LogPluginManager: Mounting plugin XCodeSourceCodeAccess
LogPluginManager: Mounting plugin DatasmithContent
LogPluginManager: Mounting plugin AssetManagerEditor
LogPluginManager: Mounting plugin VariantManagerContent
LogPluginManager: Mounting plugin AlembicImporter
LogPluginManager: Mounting plugin AutomationUtils
LogPluginManager: Mounting plugin BackChannel
LogPluginManager: Mounting plugin ChaosCloth
LogPluginManager: Mounting plugin ChaosClothEditor
LogPluginManager: Mounting plugin ChaosEditor
LogPluginManager: Mounting plugin ChaosSolverPlugin
LogPluginManager: Mounting plugin ChaosNiagara
LogPluginManager: Mounting plugin CharacterAI
LogPluginManager: Mounting plugin LuminPlatformFeatures
LogPluginManager: Mounting plugin MagicLeap
LogPluginManager: Mounting plugin AndroidMedia
LogPluginManager: Mounting plugin AvfMedia
LogPluginManager: Mounting plugin MagicLeapLightEstimation
LogPluginManager: Mounting plugin Niagara
LogPluginManager: Mounting plugin MagicLeapMedia
LogPluginManager: Mounting plugin CryptoKeys
LogPluginManager: Mounting plugin CurveEditorTools
LogPluginManager: Mounting plugin DataValidation
LogPluginManager: Mounting plugin MagicLeapPassableWorld
LogPluginManager: Mounting plugin GameplayTagsEditor
LogPluginManager: Mounting plugin FacialAnimation
LogPluginManager: Mounting plugin GeometryMode
LogPluginManager: Mounting plugin MLSDK
LogPluginManager: Mounting plugin ImgMedia
LogPluginManager: Mounting plugin MediaCompositing
LogPluginManager: Mounting plugin MediaPlayerEditor
LogPluginManager: Mounting plugin MacGraphicsSwitching
LogPluginManager: Mounting plugin MaterialAnalyzer
LogPluginManager: Mounting plugin MobileLauncherProfileWizard
LogPluginManager: Mounting plugin PluginBrowser
LogPluginManager: Mounting plugin SpeedTreeImporter
LogPluginManager: Mounting plugin WebMMedia
LogPluginManager: Mounting plugin WmfMedia
LogPluginManager: Mounting plugin GeometryCache
LogPluginManager: Mounting plugin GeometryCollectionPlugin
LogPluginManager: Mounting plugin ActorSequence
LogPluginManager: Mounting plugin MatineeToLevelSequence
LogPluginManager: Mounting plugin LevelSequenceEditor
LogPluginManager: Mounting plugin TemplateSequence
LogPluginManager: Mounting plugin TcpMessaging
LogPluginManager: Mounting plugin UdpMessaging
LogPluginManager: Mounting plugin LauncherChunkInstaller
LogPluginManager: Mounting plugin OnlineSubsystem
LogPluginManager: Mounting plugin GeometryProcessing
LogPluginManager: Mounting plugin OnlineSubsystemNull
LogPluginManager: Mounting plugin OnlineSubsystemUtils
LogPluginManager: Mounting plugin OpenImageDenoise
LogPluginManager: Mounting plugin MotoSynth
LogPluginManager: Mounting plugin PlanarCut
LogPluginManager: Mounting plugin ProxyLODPlugin
LogPluginManager: Mounting plugin PlatformCrypto
LogPluginManager: Mounting plugin PythonScriptPlugin
LogPluginManager: Mounting plugin SkeletalReduction
LogPluginManager: Mounting plugin ActorLayerUtilities
LogPluginManager: Mounting plugin AndroidDeviceProfileSelector
LogPluginManager: Mounting plugin AndroidMoviePlayer
LogPluginManager: Mounting plugin AndroidPermission
LogPluginManager: Mounting plugin AppleImageUtils
LogPluginManager: Mounting plugin AppleMoviePlayer
LogPluginManager: Mounting plugin AssetTags
LogPluginManager: Mounting plugin ArchVisCharacter
LogPluginManager: Mounting plugin AudioCapture
LogPluginManager: Mounting plugin AudioSynesthesia
LogPluginManager: Mounting plugin CableComponent
LogPluginManager: Mounting plugin ChunkDownloader
LogPluginManager: Mounting plugin CustomMeshComponent
LogPluginManager: Mounting plugin ExampleDeviceProfileSelector
LogPluginManager: Mounting plugin EditableMesh
LogPluginManager: Mounting plugin GoogleCloudMessaging
LogPluginManager: Mounting plugin GooglePAD
LogPluginManager: Mounting plugin IOSDeviceProfileSelector
LogPluginManager: Mounting plugin LinuxDeviceProfileSelector
LogPluginManager: Mounting plugin LocationServicesBPLibrary
LogPluginManager: Mounting plugin ScreenshotTools
LogPluginManager: Mounting plugin MobilePatchingUtils
LogPluginManager: Mounting plugin OpenXR
LogPluginManager: Mounting plugin OpenXREyeTracker
LogPluginManager: Mounting plugin OpenXRHandTracking
LogPluginManager: Mounting plugin PhysXVehicles
LogPluginManager: Mounting plugin Takes
LogPluginManager: Mounting plugin PostSplashScreen
LogPluginManager: Mounting plugin ProceduralMeshComponent
LogPluginManager: Mounting plugin PropertyAccessEditor
LogPluginManager: Mounting plugin RuntimePhysXCooking
LogPluginManager: Mounting plugin SignificanceManager
LogPluginManager: Mounting plugin SoundFields
LogPluginManager: Mounting plugin Synthesis
LogPluginManager: Mounting plugin WebMMoviePlayer
LogPluginManager: Mounting plugin WindowsMoviePlayer
LogPluginManager: Mounting plugin ContentBrowserAssetDataSource
LogPluginManager: Mounting plugin ContentBrowserClassDataSource
LogPluginManager: Mounting plugin ContentBrowserFileDataSource
LogPluginManager: Mounting plugin OnlineSubsystemGooglePlay
LogPluginManager: Mounting plugin OnlineSubsystemIOS
LogPluginManager: Mounting plugin OculusVR
LogPluginManager: Mounting plugin SteamVR
PixWinPlugin: PIX capture plugin failed to initialize! Check that the process is launched from PIX.
LogInit: Using libcurl 7.55.1-DEV
LogInit:  - built for x86_64-pc-win32
LogInit:  - supports SSL with OpenSSL/1.1.1
LogInit:  - supports HTTP deflate (compression) using libz 1.2.8
LogInit:  - other features:
LogInit:      CURL_VERSION_SSL
LogInit:      CURL_VERSION_LIBZ
LogInit:      CURL_VERSION_IPV6
LogInit:      CURL_VERSION_ASYNCHDNS
LogInit:      CURL_VERSION_LARGEFILE
LogInit:      CURL_VERSION_IDN
LogInit:  CurlRequestOptions (configurable via config and command line):
LogInit:  - bVerifyPeer = true  - Libcurl will verify peer certificate
LogInit:  - bUseHttpProxy = false  - Libcurl will NOT use HTTP proxy
LogInit:  - bDontReuseConnections = false  - Libcurl will reuse connections
LogInit:  - MaxHostConnections = 16  - Libcurl will limit the number of connections to a host
LogInit:  - LocalHostAddr = Default
LogInit:  - BufferSize = 65536
LogOnline: OSS: Creating online subsystem instance for: NULL
LogInit: WinSock: version 1.1 (2.2), MaxSocks=32767, MaxUdp=65467
LogOnline: OSS: TryLoadSubsystemAndSetDefault: Loaded subsystem for module [NULL]
LogOculusPluginWrapper: OculusPlugin initialized successfully
LogHMD: Failed initializing OVRPlugin 1.59.0
LogInit: Build: ++UE4+Release-4.27-CL-17735300
LogInit: Engine Version: 4.27.1-17735300+++UE4+Release-4.27
LogInit: Compatible Engine Version: 4.27.0-17155196+++UE4+Release-4.27
LogInit: Net CL: 17155196
LogInit: OS: Windows 10 (Release 2009) (), CPU: Intel(R) Core(TM) i7-7700HQ CPU @ 2.80GHz, GPU: Intel(R) HD Graphics 630
LogInit: Compiled (64-bit): Oct  6 2021 14:42:51
LogInit: Compiled with Visual C++: 19.24.28315.00
LogInit: Build Configuration: Development
LogInit: Branch Name: ++UE4+Release-4.27
LogInit: Command Line:  -EpicPortal -epicusername=FunkyDealer255 -epicuserid=34536b833d9c4be3ab26ae32d30b4252 -epiclocale=en -epicsandboxid=ue
LogInit: Base Directory: D:/Program Files/Epic Games/UE_4.27/Engine/Binaries/Win64/
LogInit: Allocator: TBB
LogInit: Installed Engine Build: 1
LogDevObjectVersion: Number of dev versions registered: 29
LogDevObjectVersion:   Dev-Blueprints (B0D832E4-1F89-4F0D-ACCF-7EB736FD4AA2): 10
LogDevObjectVersion:   Dev-Build (E1C64328-A22C-4D53-A36C-8E866417BD8C): 0
LogDevObjectVersion:   Dev-Core (375EC13C-06E4-48FB-B500-84F0262A717E): 4
LogDevObjectVersion:   Dev-Editor (E4B068ED-F494-42E9-A231-DA0B2E46BB41): 40
LogDevObjectVersion:   Dev-Framework (CFFC743F-43B0-4480-9391-14DF171D2073): 37
LogDevObjectVersion:   Dev-Mobile (B02B49B5-BB20-44E9-A304-32B752E40360): 3
LogDevObjectVersion:   Dev-Networking (A4E4105C-59A1-49B5-A7C5-40C4547EDFEE): 0
LogDevObjectVersion:   Dev-Online (39C831C9-5AE6-47DC-9A44-9C173E1C8E7C): 0
LogDevObjectVersion:   Dev-Physics (78F01B33-EBEA-4F98-B9B4-84EACCB95AA2): 14
LogDevObjectVersion:   Dev-Platform (6631380F-2D4D-43E0-8009-CF276956A95A): 0
LogDevObjectVersion:   Dev-Rendering (12F88B9F-8875-4AFC-A67C-D90C383ABD29): 45
LogDevObjectVersion:   Dev-Sequencer (7B5AE74C-D270-4C10-A958-57980B212A5A): 13
LogDevObjectVersion:   Dev-VR (D7296918-1DD6-4BDD-9DE2-64A83CC13884): 3
LogDevObjectVersion:   Dev-LoadTimes (C2A15278-BFE7-4AFE-6C17-90FF531DF755): 1
LogDevObjectVersion:   Private-Geometry (6EACA3D4-40EC-4CC1-B786-8BED09428FC5): 3
LogDevObjectVersion:   Dev-AnimPhys (29E575DD-E0A3-4627-9D10-D276232CDCEA): 17
LogDevObjectVersion:   Dev-Anim (AF43A65D-7FD3-4947-9873-3E8ED9C1BB05): 15
LogDevObjectVersion:   Dev-ReflectionCapture (6B266CEC-1EC7-4B8F-A30B-E4D90942FC07): 1
LogDevObjectVersion:   Dev-Automation (0DF73D61-A23F-47EA-B727-89E90C41499A): 1
LogDevObjectVersion:   FortniteMain (601D1886-AC64-4F84-AA16-D3DE0DEAC7D6): 47
LogDevObjectVersion:   FortniteRelease (E7086368-6B23-4C58-8439-1B7016265E91): 1
LogDevObjectVersion:   Dev-Enterprise (9DFFBCD6-494F-0158-E221-12823C92A888): 10
LogDevObjectVersion:   Dev-Niagara (F2AED0AC-9AFE-416F-8664-AA7FFA26D6FC): 1
LogDevObjectVersion:   Dev-Destruction (174F1F0B-B4C6-45A5-B13F-2EE8D0FB917D): 10
LogDevObjectVersion:   Dev-Physics-Ext (35F94A83-E258-406C-A318-09F59610247C): 41
LogDevObjectVersion:   Dev-PhysicsMaterial-Chaos (B68FC16E-8B1B-42E2-B453-215C058844FE): 1
LogDevObjectVersion:   Dev-CineCamera (B2E18506-4273-CFC2-A54E-F4BB758BBA07): 1
LogDevObjectVersion:   Dev-VirtualProduction (64F58936-FD1B-42BA-BA96-7289D5D0FA4E): 1
LogDevObjectVersion:   Dev-MediaFramework (6F0ED827-A609-4895-9C91-998D90180EA4): 2
LogInit: Presizing for max 25165824 objects, including 0 objects not considered by GC, pre-allocating 0 bytes for permanent pool.
LogConfig: Applying CVar settings from Section [/Script/Engine.StreamingSettings] File [D:/Unreal Projects/puzzleBomb/Saved/Config/Windows/Engine.ini]
LogConfig: Setting CVar [[s.MinBulkDataSizeForAsyncLoading:131072]]
LogConfig: Setting CVar [[s.AsyncLoadingThreadEnabled:0]]
LogConfig: Setting CVar [[s.EventDrivenLoaderEnabled:1]]
LogConfig: Setting CVar [[s.WarnIfTimeLimitExceeded:0]]
LogConfig: Setting CVar [[s.TimeLimitExceededMultiplier:1.5]]
LogConfig: Setting CVar [[s.TimeLimitExceededMinTime:0.005]]
LogConfig: Setting CVar [[s.UseBackgroundLevelStreaming:1]]
LogConfig: Setting CVar [[s.PriorityAsyncLoadingExtraTime:15.0]]
LogConfig: Setting CVar [[s.LevelStreamingActorsUpdateTimeLimit:5.0]]
LogConfig: Setting CVar [[s.PriorityLevelStreamingActorsUpdateExtraTime:5.0]]
LogConfig: Setting CVar [[s.LevelStreamingComponentsRegistrationGranularity:10]]
LogConfig: Setting CVar [[s.UnregisterComponentsTimeLimit:1.0]]
LogConfig: Setting CVar [[s.LevelStreamingComponentsUnregistrationGranularity:5]]
LogConfig: Setting CVar [[s.FlushStreamingOnExit:1]]
LogInit: Object subsystem initialized
LogConfig: Setting CVar [[con.DebugEarlyDefault:1]]
LogConfig: Setting CVar [[r.setres:1280x720]]
[2021.11.26-19.02.06:917][  0]LogConfig: Setting CVar [[r.VSync:0]]
[2021.11.26-19.02.06:917][  0]LogConfig: Setting CVar [[r.RHICmdBypass:0]]
[2021.11.26-19.02.06:917][  0]LogConfig: Applying CVar settings from Section [/Script/Engine.RendererSettings] File [D:/Unreal Projects/puzzleBomb/Saved/Config/Windows/Engine.ini]
[2021.11.26-19.02.06:917][  0]LogConfig: Setting CVar [[r.GPUCrashDebugging:0]]
[2021.11.26-19.02.06:917][  0]LogConfig: Applying CVar settings from Section [/Script/Engine.RendererOverrideSettings] File [D:/Unreal Projects/puzzleBomb/Saved/Config/Windows/Engine.ini]
[2021.11.26-19.02.06:917][  0]LogConfig: Applying CVar settings from Section [/Script/Engine.StreamingSettings] File [D:/Unreal Projects/puzzleBomb/Saved/Config/Windows/Engine.ini]
[2021.11.26-19.02.06:917][  0]LogConfig: Setting CVar [[s.MinBulkDataSizeForAsyncLoading:131072]]
[2021.11.26-19.02.06:917][  0]LogConfig: Setting CVar [[s.AsyncLoadingThreadEnabled:0]]
[2021.11.26-19.02.06:917][  0]LogConfig: Setting CVar [[s.EventDrivenLoaderEnabled:1]]
[2021.11.26-19.02.06:917][  0]LogConfig: Setting CVar [[s.WarnIfTimeLimitExceeded:0]]
[2021.11.26-19.02.06:917][  0]LogConfig: Setting CVar [[s.TimeLimitExceededMultiplier:1.5]]
[2021.11.26-19.02.06:917][  0]LogConfig: Setting CVar [[s.TimeLimitExceededMinTime:0.005]]
[2021.11.26-19.02.06:917][  0]LogConfig: Setting CVar [[s.UseBackgroundLevelStreaming:1]]
[2021.11.26-19.02.06:917][  0]LogConfig: Setting CVar [[s.PriorityAsyncLoadingExtraTime:15.0]]
[2021.11.26-19.02.06:917][  0]LogConfig: Setting CVar [[s.LevelStreamingActorsUpdateTimeLimit:5.0]]
[2021.11.26-19.02.06:917][  0]LogConfig: Setting CVar [[s.PriorityLevelStreamingActorsUpdateExtraTime:5.0]]
[2021.11.26-19.02.06:917][  0]LogConfig: Setting CVar [[s.LevelStreamingComponentsRegistrationGranularity:10]]
[2021.11.26-19.02.06:917][  0]LogConfig: Setting CVar [[s.UnregisterComponentsTimeLimit:1.0]]
[2021.11.26-19.02.06:917][  0]LogConfig: Setting CVar [[s.LevelStreamingComponentsUnregistrationGranularity:5]]
[2021.11.26-19.02.06:917][  0]LogConfig: Setting CVar [[s.FlushStreamingOnExit:1]]
[2021.11.26-19.02.06:917][  0]LogConfig: Applying CVar settings from Section [/Script/Engine.GarbageCollectionSettings] File [D:/Unreal Projects/puzzleBomb/Saved/Config/Windows/Engine.ini]
[2021.11.26-19.02.06:917][  0]LogConfig: Setting CVar [[gc.MaxObjectsNotConsideredByGC:1]]
[2021.11.26-19.02.06:917][  0]LogConfig: Setting CVar [[gc.SizeOfPermanentObjectPool:0]]
[2021.11.26-19.02.06:917][  0]LogConfig: Setting CVar [[gc.FlushStreamingOnGC:0]]
[2021.11.26-19.02.06:917][  0]LogConfig: Setting CVar [[gc.NumRetriesBeforeForcingGC:10]]
[2021.11.26-19.02.06:917][  0]LogConfig: Setting CVar [[gc.AllowParallelGC:1]]
[2021.11.26-19.02.06:917][  0]LogConfig: Setting CVar [[gc.TimeBetweenPurgingPendingKillObjects:61.1]]
[2021.11.26-19.02.06:917][  0]LogConfig: Setting CVar [[gc.MaxObjectsInEditor:25165824]]
[2021.11.26-19.02.06:918][  0]LogConfig: Setting CVar [[gc.IncrementalBeginDestroyEnabled:1]]
[2021.11.26-19.02.06:918][  0]LogConfig: Setting CVar [[gc.CreateGCClusters:1]]
[2021.11.26-19.02.06:918][  0]LogConfig: Setting CVar [[gc.MinGCClusterSize:5]]
[2021.11.26-19.02.06:918][  0]LogConfig: Setting CVar [[gc.ActorClusteringEnabled:0]]
[2021.11.26-19.02.06:918][  0]LogConfig: Setting CVar [[gc.BlueprintClusteringEnabled:0]]
[2021.11.26-19.02.06:918][  0]LogConfig: Setting CVar [[gc.UseDisregardForGCOnDedicatedServers:0]]
[2021.11.26-19.02.06:918][  0]LogConfig: Setting CVar [[gc.MultithreadedDestructionEnabled:1]]
[2021.11.26-19.02.06:918][  0]LogConfig: Applying CVar settings from Section [/Script/Engine.NetworkSettings] File [D:/Unreal Projects/puzzleBomb/Saved/Config/Windows/Engine.ini]
[2021.11.26-19.02.06:918][  0]LogConfig: Applying CVar settings from Section [/Script/UnrealEd.CookerSettings] File [D:/Unreal Projects/puzzleBomb/Saved/Config/Windows/Engine.ini]
[2021.11.26-19.02.06:926][  0]LogConfig: Applying CVar settings from Section [ViewDistanceQuality@3] File [D:/Unreal Projects/puzzleBomb/Saved/Config/Windows/Scalability.ini]
[2021.11.26-19.02.06:926][  0]LogConfig: Setting CVar [[r.SkeletalMeshLODBias:0]]
[2021.11.26-19.02.06:926][  0]LogConfig: Setting CVar [[r.ViewDistanceScale:1.0]]
[2021.11.26-19.02.06:926][  0]LogConfig: Applying CVar settings from Section [AntiAliasingQuality@3] File [D:/Unreal Projects/puzzleBomb/Saved/Config/Windows/Scalability.ini]
[2021.11.26-19.02.06:926][  0]LogConfig: Setting CVar [[r.PostProcessAAQuality:4]]
[2021.11.26-19.02.06:926][  0]LogConfig: Applying CVar settings from Section [ShadowQuality@3] File [D:/Unreal Projects/puzzleBomb/Saved/Config/Windows/Scalability.ini]
[2021.11.26-19.02.06:926][  0]LogConfig: Setting CVar [[r.LightFunctionQuality:1]]
[2021.11.26-19.02.06:926][  0]LogConfig: Setting CVar [[r.ShadowQuality:5]]
[2021.11.26-19.02.06:926][  0]LogConfig: Setting CVar [[r.Shadow.CSM.MaxCascades:10]]
[2021.11.26-19.02.06:926][  0]LogConfig: Setting CVar [[r.Shadow.MaxResolution:2048]]
[2021.11.26-19.02.06:926][  0]LogConfig: Setting CVar [[r.Shadow.MaxCSMResolution:2048]]
[2021.11.26-19.02.06:926][  0]LogConfig: Setting CVar [[r.Shadow.RadiusThreshold:0.01]]
[2021.11.26-19.02.06:926][  0]LogConfig: Setting CVar [[r.Shadow.DistanceScale:1.0]]
[2021.11.26-19.02.06:926][  0]LogConfig: Setting CVar [[r.Shadow.CSM.TransitionScale:1.0]]
[2021.11.26-19.02.06:926][  0]LogConfig: Setting CVar [[r.Shadow.PreShadowResolutionFactor:1.0]]
[2021.11.26-19.02.06:926][  0]LogConfig: Setting CVar [[r.DistanceFieldShadowing:1]]
[2021.11.26-19.02.06:926][  0]LogConfig: Setting CVar [[r.DistanceFieldAO:1]]
[2021.11.26-19.02.06:926][  0]LogConfig: Setting CVar [[r.AOQuality:2]]
[2021.11.26-19.02.06:926][  0]LogConfig: Setting CVar [[r.VolumetricFog:1]]
[2021.11.26-19.02.06:926][  0]LogConfig: Setting CVar [[r.VolumetricFog.GridPixelSize:8]]
[2021.11.26-19.02.06:926][  0]LogConfig: Setting CVar [[r.VolumetricFog.GridSizeZ:128]]
[2021.11.26-19.02.06:926][  0]LogConfig: Setting CVar [[r.VolumetricFog.HistoryMissSupersampleCount:4]]
[2021.11.26-19.02.06:926][  0]LogConfig: Setting CVar [[r.LightMaxDrawDistanceScale:1]]
[2021.11.26-19.02.06:926][  0]LogConfig: Setting CVar [[r.CapsuleShadows:1]]
[2021.11.26-19.02.06:926][  0]LogConfig: Applying CVar settings from Section [PostProcessQuality@3] File [D:/Unreal Projects/puzzleBomb/Saved/Config/Windows/Scalability.ini]
[2021.11.26-19.02.06:926][  0]LogConfig: Setting CVar [[r.MotionBlurQuality:4]]
[2021.11.26-19.02.06:926][  0]LogConfig: Setting CVar [[r.AmbientOcclusionMipLevelFactor:0.4]]
[2021.11.26-19.02.06:926][  0]LogConfig: Setting CVar [[r.AmbientOcclusionMaxQuality:100]]
[2021.11.26-19.02.06:926][  0]LogConfig: Setting CVar [[r.AmbientOcclusionLevels:-1]]
[2021.11.26-19.02.06:926][  0]LogConfig: Setting CVar [[r.AmbientOcclusionRadiusScale:1.0]]
[2021.11.26-19.02.06:926][  0]LogConfig: Setting CVar [[r.DepthOfFieldQuality:2]]
[2021.11.26-19.02.06:926][  0]LogConfig: Setting CVar [[r.RenderTargetPoolMin:400]]
[2021.11.26-19.02.06:926][  0]LogConfig: Setting CVar [[r.LensFlareQuality:2]]
[2021.11.26-19.02.06:926][  0]LogConfig: Setting CVar [[r.SceneColorFringeQuality:1]]
[2021.11.26-19.02.06:926][  0]LogConfig: Setting CVar [[r.EyeAdaptationQuality:2]]
[2021.11.26-19.02.06:926][  0]LogConfig: Setting CVar [[r.BloomQuality:5]]
[2021.11.26-19.02.06:926][  0]LogConfig: Setting CVar [[r.FastBlurThreshold:100]]
[2021.11.26-19.02.06:926][  0]LogConfig: Setting CVar [[r.Upscale.Quality:3]]
[2021.11.26-19.02.06:926][  0]LogConfig: Setting CVar [[r.Tonemapper.GrainQuantization:1]]
[2021.11.26-19.02.06:926][  0]LogConfig: Setting CVar [[r.LightShaftQuality:1]]
[2021.11.26-19.02.06:926][  0]LogConfig: Setting CVar [[r.Filter.SizeScale:1]]
[2021.11.26-19.02.06:926][  0]LogConfig: Setting CVar [[r.Tonemapper.Quality:5]]
[2021.11.26-19.02.06:926][  0]LogConfig: Setting CVar [[r.DOF.Gather.AccumulatorQuality:1        ; higher gathering accumulator quality]]
[2021.11.26-19.02.06:926][  0]LogConfig: Setting CVar [[r.DOF.Gather.PostfilterMethod:1          ; Median3x3 postfilering method]]
[2021.11.26-19.02.06:926][  0]LogConfig: Setting CVar [[r.DOF.Gather.EnableBokehSettings:0       ; no bokeh simulation when gathering]]
[2021.11.26-19.02.06:926][  0]LogConfig: Setting CVar [[r.DOF.Gather.RingCount:4                 ; medium number of samples when gathering]]
[2021.11.26-19.02.06:926][  0]LogConfig: Setting CVar [[r.DOF.Scatter.ForegroundCompositing:1    ; additive foreground scattering]]
[2021.11.26-19.02.06:926][  0]LogConfig: Setting CVar [[r.DOF.Scatter.BackgroundCompositing:2    ; additive background scattering]]
[2021.11.26-19.02.06:926][  0]LogConfig: Setting CVar [[r.DOF.Scatter.EnableBokehSettings:1      ; bokeh simulation when scattering]]
[2021.11.26-19.02.06:926][  0]LogConfig: Setting CVar [[r.DOF.Scatter.MaxSpriteRatio:0.1         ; only a maximum of 10% of scattered bokeh]]
[2021.11.26-19.02.06:926][  0]LogConfig: Setting CVar [[r.DOF.Recombine.Quality:1                ; cheap slight out of focus]]
[2021.11.26-19.02.06:926][  0]LogConfig: Setting CVar [[r.DOF.Recombine.EnableBokehSettings:0    ; no bokeh simulation on slight out of focus]]
[2021.11.26-19.02.06:926][  0]LogConfig: Setting CVar [[r.DOF.TemporalAAQuality:1                ; more stable temporal accumulation]]
[2021.11.26-19.02.06:926][  0]LogConfig: Setting CVar [[r.DOF.Kernel.MaxForegroundRadius:0.025]]
[2021.11.26-19.02.06:927][  0]LogConfig: Setting CVar [[r.DOF.Kernel.MaxBackgroundRadius:0.025]]
[2021.11.26-19.02.06:927][  0]LogConfig: Applying CVar settings from Section [TextureQuality@3] File [D:/Unreal Projects/puzzleBomb/Saved/Config/Windows/Scalability.ini]
[2021.11.26-19.02.06:927][  0]LogConfig: Setting CVar [[r.Streaming.MipBias:0]]
[2021.11.26-19.02.06:927][  0]LogConfig: Setting CVar [[r.Streaming.AmortizeCPUToGPUCopy:0]]
[2021.11.26-19.02.06:927][  0]LogConfig: Setting CVar [[r.Streaming.MaxNumTexturesToStreamPerFrame:0]]
[2021.11.26-19.02.06:927][  0]LogConfig: Setting CVar [[r.Streaming.Boost:1]]
[2021.11.26-19.02.06:927][  0]LogConfig: Setting CVar [[r.MaxAnisotropy:8]]
[2021.11.26-19.02.06:927][  0]LogConfig: Setting CVar [[r.VT.MaxAnisotropy:8]]
[2021.11.26-19.02.06:927][  0]LogConfig: Setting CVar [[r.Streaming.LimitPoolSizeToVRAM:0]]
[2021.11.26-19.02.06:927][  0]LogConfig: Setting CVar [[r.Streaming.PoolSize:1000]]
[2021.11.26-19.02.06:927][  0]LogConfig: Setting CVar [[r.Streaming.MaxEffectiveScreenSize:0]]
[2021.11.26-19.02.06:927][  0]LogConfig: Applying CVar settings from Section [EffectsQuality@3] File [D:/Unreal Projects/puzzleBomb/Saved/Config/Windows/Scalability.ini]
[2021.11.26-19.02.06:927][  0]LogConfig: Setting CVar [[r.TranslucencyLightingVolumeDim:64]]
[2021.11.26-19.02.06:927][  0]LogConfig: Setting CVar [[r.RefractionQuality:2]]
[2021.11.26-19.02.06:927][  0]LogConfig: Setting CVar [[r.SSR.Quality:3]]
[2021.11.26-19.02.06:927][  0]LogConfig: Setting CVar [[r.SSR.HalfResSceneColor:0]]
[2021.11.26-19.02.06:927][  0]LogConfig: Setting CVar [[r.SceneColorFormat:4]]
[2021.11.26-19.02.06:927][  0]LogConfig: Setting CVar [[r.DetailMode:2]]
[2021.11.26-19.02.06:927][  0]LogConfig: Setting CVar [[r.TranslucencyVolumeBlur:1]]
[2021.11.26-19.02.06:927][  0]LogConfig: Setting CVar [[r.MaterialQualityLevel:1 ; High quality]]
[2021.11.26-19.02.06:927][  0]LogConfig: Setting CVar [[r.AnisotropicMaterials:1]]
[2021.11.26-19.02.06:927][  0]LogConfig: Setting CVar [[r.SSS.Scale:1]]
[2021.11.26-19.02.06:927][  0]LogConfig: Setting CVar [[r.SSS.SampleSet:2]]
[2021.11.26-19.02.06:927][  0]LogConfig: Setting CVar [[r.SSS.Quality:1]]
[2021.11.26-19.02.06:927][  0]LogConfig: Setting CVar [[r.SSS.HalfRes:0]]
[2021.11.26-19.02.06:927][  0]LogConfig: Setting CVar [[r.SSGI.Quality:3]]
[2021.11.26-19.02.06:927][  0]LogConfig: Setting CVar [[r.EmitterSpawnRateScale:1.0]]
[2021.11.26-19.02.06:927][  0]LogConfig: Setting CVar [[r.ParticleLightQuality:2]]
[2021.11.26-19.02.06:927][  0]LogConfig: Setting CVar [[r.SkyAtmosphere.AerialPerspectiveLUT.FastApplyOnOpaque:1 ; Always have FastSkyLUT 1 in this case to avoid wrong sky]]
[2021.11.26-19.02.06:927][  0]LogConfig: Setting CVar [[r.SkyAtmosphere.AerialPerspectiveLUT.SampleCountMaxPerSlice:4]]
[2021.11.26-19.02.06:927][  0]LogConfig: Setting CVar [[r.SkyAtmosphere.AerialPerspectiveLUT.DepthResolution:16.0]]
[2021.11.26-19.02.06:927][  0]LogConfig: Setting CVar [[r.SkyAtmosphere.FastSkyLUT:1]]
[2021.11.26-19.02.06:927][  0]LogConfig: Setting CVar [[r.SkyAtmosphere.FastSkyLUT.SampleCountMin:4.0]]
[2021.11.26-19.02.06:927][  0]LogConfig: Setting CVar [[r.SkyAtmosphere.FastSkyLUT.SampleCountMax:128.0]]
[2021.11.26-19.02.06:927][  0]LogConfig: Setting CVar [[r.SkyAtmosphere.SampleCountMin:4.0]]
[2021.11.26-19.02.06:927][  0]LogConfig: Setting CVar [[r.SkyAtmosphere.SampleCountMax:128.0]]
[2021.11.26-19.02.06:927][  0]LogConfig: Setting CVar [[r.SkyAtmosphere.TransmittanceLUT.UseSmallFormat:0]]
[2021.11.26-19.02.06:927][  0]LogConfig: Setting CVar [[r.SkyAtmosphere.TransmittanceLUT.SampleCount:10.0]]
[2021.11.26-19.02.06:927][  0]LogConfig: Setting CVar [[r.SkyAtmosphere.MultiScatteringLUT.SampleCount:15.0]]
[2021.11.26-19.02.06:927][  0]LogConfig: Setting CVar [[r.SkyLight.RealTimeReflectionCapture:1]]
[2021.11.26-19.02.06:927][  0]LogConfig: Applying CVar settings from Section [FoliageQuality@3] File [D:/Unreal Projects/puzzleBomb/Saved/Config/Windows/Scalability.ini]
[2021.11.26-19.02.06:927][  0]LogConfig: Setting CVar [[foliage.DensityScale:1.0]]
[2021.11.26-19.02.06:927][  0]LogConfig: Setting CVar [[grass.DensityScale:1.0]]
[2021.11.26-19.02.06:927][  0]LogConfig: Applying CVar settings from Section [ShadingQuality@3] File [D:/Unreal Projects/puzzleBomb/Saved/Config/Windows/Scalability.ini]
[2021.11.26-19.02.06:927][  0]LogConfig: Setting CVar [[r.HairStrands.SkyLighting.IntegrationType:2]]
[2021.11.26-19.02.06:927][  0]LogConfig: Setting CVar [[r.HairStrands.SkyAO.SampleCount:4]]
[2021.11.26-19.02.06:927][  0]LogConfig: Setting CVar [[r.HairStrands.Visibility.MSAA.SamplePerPixel:4]]
[2021.11.26-19.02.06:927][  0]LogInit: Selected Device Profile: [Windows]
[2021.11.26-19.02.06:927][  0]LogInit: Applying CVar settings loaded from the selected device profile: [Windows]
[2021.11.26-19.02.06:927][  0]LogHAL: Display: Platform has ~ 16 GB [17057812480 / 17179869184 / 16], which maps to Larger [LargestMinGB=32, LargerMinGB=12, DefaultMinGB=8, SmallerMinGB=6, SmallestMinGB=0)
[2021.11.26-19.02.06:927][  0]LogInit: Going up to parent DeviceProfile []
[2021.11.26-19.02.06:927][  0]LogConfig: Applying CVar settings from Section [ViewDistanceQuality@3] File [D:/Unreal Projects/puzzleBomb/Saved/Config/Windows/Scalability.ini]
[2021.11.26-19.02.06:927][  0]LogConfig: Setting CVar [[r.SkeletalMeshLODBias:0]]
[2021.11.26-19.02.06:927][  0]LogConfig: Setting CVar [[r.ViewDistanceScale:1.0]]
[2021.11.26-19.02.06:927][  0]LogConfig: Applying CVar settings from Section [AntiAliasingQuality@3] File [D:/Unreal Projects/puzzleBomb/Saved/Config/Windows/Scalability.ini]
[2021.11.26-19.02.06:927][  0]LogConfig: Setting CVar [[r.PostProcessAAQuality:4]]
[2021.11.26-19.02.06:928][  0]LogConfig: Applying CVar settings from Section [ShadowQuality@3] File [D:/Unreal Projects/puzzleBomb/Saved/Config/Windows/Scalability.ini]
[2021.11.26-19.02.06:928][  0]LogConfig: Setting CVar [[r.LightFunctionQuality:1]]
[2021.11.26-19.02.06:928][  0]LogConfig: Setting CVar [[r.ShadowQuality:5]]
[2021.11.26-19.02.06:928][  0]LogConfig: Setting CVar [[r.Shadow.CSM.MaxCascades:10]]
[2021.11.26-19.02.06:928][  0]LogConfig: Setting CVar [[r.Shadow.MaxResolution:2048]]
[2021.11.26-19.02.06:928][  0]LogConfig: Setting CVar [[r.Shadow.MaxCSMResolution:2048]]
[2021.11.26-19.02.06:928][  0]LogConfig: Setting CVar [[r.Shadow.RadiusThreshold:0.01]]
[2021.11.26-19.02.06:928][  0]LogConfig: Setting CVar [[r.Shadow.DistanceScale:1.0]]
[2021.11.26-19.02.06:928][  0]LogConfig: Setting CVar [[r.Shadow.CSM.TransitionScale:1.0]]
[2021.11.26-19.02.06:928][  0]LogConfig: Setting CVar [[r.Shadow.PreShadowResolutionFactor:1.0]]
[2021.11.26-19.02.06:928][  0]LogConfig: Setting CVar [[r.DistanceFieldShadowing:1]]
[2021.11.26-19.02.06:928][  0]LogConfig: Setting CVar [[r.DistanceFieldAO:1]]
[2021.11.26-19.02.06:928][  0]LogConfig: Setting CVar [[r.AOQuality:2]]
[2021.11.26-19.02.06:928][  0]LogConfig: Setting CVar [[r.VolumetricFog:1]]
[2021.11.26-19.02.06:928][  0]LogConfig: Setting CVar [[r.VolumetricFog.GridPixelSize:8]]
[2021.11.26-19.02.06:928][  0]LogConfig: Setting CVar [[r.VolumetricFog.GridSizeZ:128]]
[2021.11.26-19.02.06:928][  0]LogConfig: Setting CVar [[r.VolumetricFog.HistoryMissSupersampleCount:4]]
[2021.11.26-19.02.06:928][  0]LogConfig: Setting CVar [[r.LightMaxDrawDistanceScale:1]]
[2021.11.26-19.02.06:928][  0]LogConfig: Setting CVar [[r.CapsuleShadows:1]]
[2021.11.26-19.02.06:928][  0]LogConfig: Applying CVar settings from Section [PostProcessQuality@3] File [D:/Unreal Projects/puzzleBomb/Saved/Config/Windows/Scalability.ini]
[2021.11.26-19.02.06:928][  0]LogConfig: Setting CVar [[r.MotionBlurQuality:4]]
[2021.11.26-19.02.06:928][  0]LogConfig: Setting CVar [[r.AmbientOcclusionMipLevelFactor:0.4]]
[2021.11.26-19.02.06:928][  0]LogConfig: Setting CVar [[r.AmbientOcclusionMaxQuality:100]]
[2021.11.26-19.02.06:928][  0]LogConfig: Setting CVar [[r.AmbientOcclusionLevels:-1]]
[2021.11.26-19.02.06:928][  0]LogConfig: Setting CVar [[r.AmbientOcclusionRadiusScale:1.0]]
[2021.11.26-19.02.06:928][  0]LogConfig: Setting CVar [[r.DepthOfFieldQuality:2]]
[2021.11.26-19.02.06:928][  0]LogConfig: Setting CVar [[r.RenderTargetPoolMin:400]]
[2021.11.26-19.02.06:928][  0]LogConfig: Setting CVar [[r.LensFlareQuality:2]]
[2021.11.26-19.02.06:928][  0]LogConfig: Setting CVar [[r.SceneColorFringeQuality:1]]
[2021.11.26-19.02.06:928][  0]LogConfig: Setting CVar [[r.EyeAdaptationQuality:2]]
[2021.11.26-19.02.06:928][  0]LogConfig: Setting CVar [[r.BloomQuality:5]]
[2021.11.26-19.02.06:928][  0]LogConfig: Setting CVar [[r.FastBlurThreshold:100]]
[2021.11.26-19.02.06:928][  0]LogConfig: Setting CVar [[r.Upscale.Quality:3]]
[2021.11.26-19.02.06:928][  0]LogConfig: Setting CVar [[r.Tonemapper.GrainQuantization:1]]
[2021.11.26-19.02.06:928][  0]LogConfig: Setting CVar [[r.LightShaftQuality:1]]
[2021.11.26-19.02.06:928][  0]LogConfig: Setting CVar [[r.Filter.SizeScale:1]]
[2021.11.26-19.02.06:928][  0]LogConfig: Setting CVar [[r.Tonemapper.Quality:5]]
[2021.11.26-19.02.06:928][  0]LogConfig: Setting CVar [[r.DOF.Gather.AccumulatorQuality:1        ; higher gathering accumulator quality]]
[2021.11.26-19.02.06:928][  0]LogConfig: Setting CVar [[r.DOF.Gather.PostfilterMethod:1          ; Median3x3 postfilering method]]
[2021.11.26-19.02.06:928][  0]LogConfig: Setting CVar [[r.DOF.Gather.EnableBokehSettings:0       ; no bokeh simulation when gathering]]
[2021.11.26-19.02.06:928][  0]LogConfig: Setting CVar [[r.DOF.Gather.RingCount:4                 ; medium number of samples when gathering]]
[2021.11.26-19.02.06:928][  0]LogConfig: Setting CVar [[r.DOF.Scatter.ForegroundCompositing:1    ; additive foreground scattering]]
[2021.11.26-19.02.06:928][  0]LogConfig: Setting CVar [[r.DOF.Scatter.BackgroundCompositing:2    ; additive background scattering]]
[2021.11.26-19.02.06:928][  0]LogConfig: Setting CVar [[r.DOF.Scatter.EnableBokehSettings:1      ; bokeh simulation when scattering]]
[2021.11.26-19.02.06:928][  0]LogConfig: Setting CVar [[r.DOF.Scatter.MaxSpriteRatio:0.1         ; only a maximum of 10% of scattered bokeh]]
[2021.11.26-19.02.06:928][  0]LogConfig: Setting CVar [[r.DOF.Recombine.Quality:1                ; cheap slight out of focus]]
[2021.11.26-19.02.06:928][  0]LogConfig: Setting CVar [[r.DOF.Recombine.EnableBokehSettings:0    ; no bokeh simulation on slight out of focus]]
[2021.11.26-19.02.06:928][  0]LogConfig: Setting CVar [[r.DOF.TemporalAAQuality:1                ; more stable temporal accumulation]]
[2021.11.26-19.02.06:928][  0]LogConfig: Setting CVar [[r.DOF.Kernel.MaxForegroundRadius:0.025]]
[2021.11.26-19.02.06:928][  0]LogConfig: Setting CVar [[r.DOF.Kernel.MaxBackgroundRadius:0.025]]
[2021.11.26-19.02.06:928][  0]LogConfig: Applying CVar settings from Section [TextureQuality@3] File [D:/Unreal Projects/puzzleBomb/Saved/Config/Windows/Scalability.ini]
[2021.11.26-19.02.06:928][  0]LogConfig: Setting CVar [[r.Streaming.MipBias:0]]
[2021.11.26-19.02.06:928][  0]LogConfig: Setting CVar [[r.Streaming.AmortizeCPUToGPUCopy:0]]
[2021.11.26-19.02.06:928][  0]LogConfig: Setting CVar [[r.Streaming.MaxNumTexturesToStreamPerFrame:0]]
[2021.11.26-19.02.06:928][  0]LogConfig: Setting CVar [[r.Streaming.Boost:1]]
[2021.11.26-19.02.06:928][  0]LogConfig: Setting CVar [[r.MaxAnisotropy:8]]
[2021.11.26-19.02.06:928][  0]LogConfig: Setting CVar [[r.VT.MaxAnisotropy:8]]
[2021.11.26-19.02.06:928][  0]LogConfig: Setting CVar [[r.Streaming.LimitPoolSizeToVRAM:0]]
[2021.11.26-19.02.06:928][  0]LogConfig: Setting CVar [[r.Streaming.PoolSize:1000]]
[2021.11.26-19.02.06:928][  0]LogConfig: Setting CVar [[r.Streaming.MaxEffectiveScreenSize:0]]
[2021.11.26-19.02.06:928][  0]LogConfig: Applying CVar settings from Section [EffectsQuality@3] File [D:/Unreal Projects/puzzleBomb/Saved/Config/Windows/Scalability.ini]
[2021.11.26-19.02.06:928][  0]LogConfig: Setting CVar [[r.TranslucencyLightingVolumeDim:64]]
[2021.11.26-19.02.06:928][  0]LogConfig: Setting CVar [[r.RefractionQuality:2]]
[2021.11.26-19.02.06:928][  0]LogConfig: Setting CVar [[r.SSR.Quality:3]]
[2021.11.26-19.02.06:928][  0]LogConfig: Setting CVar [[r.SSR.HalfResSceneColor:0]]
[2021.11.26-19.02.06:928][  0]LogConfig: Setting CVar [[r.SceneColorFormat:4]]
[2021.11.26-19.02.06:928][  0]LogConfig: Setting CVar [[r.DetailMode:2]]
[2021.11.26-19.02.06:928][  0]LogConfig: Setting CVar [[r.TranslucencyVolumeBlur:1]]
[2021.11.26-19.02.06:928][  0]LogConfig: Setting CVar [[r.MaterialQualityLevel:1 ; High quality]]
[2021.11.26-19.02.06:928][  0]LogConfig: Setting CVar [[r.AnisotropicMaterials:1]]
[2021.11.26-19.02.06:928][  0]LogConfig: Setting CVar [[r.SSS.Scale:1]]
[2021.11.26-19.02.06:928][  0]LogConfig: Setting CVar [[r.SSS.SampleSet:2]]
[2021.11.26-19.02.06:928][  0]LogConfig: Setting CVar [[r.SSS.Quality:1]]
[2021.11.26-19.02.06:928][  0]LogConfig: Setting CVar [[r.SSS.HalfRes:0]]
[2021.11.26-19.02.06:928][  0]LogConfig: Setting CVar [[r.SSGI.Quality:3]]
[2021.11.26-19.02.06:928][  0]LogConfig: Setting CVar [[r.EmitterSpawnRateScale:1.0]]
[2021.11.26-19.02.06:928][  0]LogConfig: Setting CVar [[r.ParticleLightQuality:2]]
[2021.11.26-19.02.06:928][  0]LogConfig: Setting CVar [[r.SkyAtmosphere.AerialPerspectiveLUT.FastApplyOnOpaque:1 ; Always have FastSkyLUT 1 in this case to avoid wrong sky]]
[2021.11.26-19.02.06:929][  0]LogConfig: Setting CVar [[r.SkyAtmosphere.AerialPerspectiveLUT.SampleCountMaxPerSlice:4]]
[2021.11.26-19.02.06:929][  0]LogConfig: Setting CVar [[r.SkyAtmosphere.AerialPerspectiveLUT.DepthResolution:16.0]]
[2021.11.26-19.02.06:929][  0]LogConfig: Setting CVar [[r.SkyAtmosphere.FastSkyLUT:1]]
[2021.11.26-19.02.06:929][  0]LogConfig: Setting CVar [[r.SkyAtmosphere.FastSkyLUT.SampleCountMin:4.0]]
[2021.11.26-19.02.06:929][  0]LogConfig: Setting CVar [[r.SkyAtmosphere.FastSkyLUT.SampleCountMax:128.0]]
[2021.11.26-19.02.06:929][  0]LogConfig: Setting CVar [[r.SkyAtmosphere.SampleCountMin:4.0]]
[2021.11.26-19.02.06:929][  0]LogConfig: Setting CVar [[r.SkyAtmosphere.SampleCountMax:128.0]]
[2021.11.26-19.02.06:929][  0]LogConfig: Setting CVar [[r.SkyAtmosphere.TransmittanceLUT.UseSmallFormat:0]]
[2021.11.26-19.02.06:929][  0]LogConfig: Setting CVar [[r.SkyAtmosphere.TransmittanceLUT.SampleCount:10.0]]
[2021.11.26-19.02.06:929][  0]LogConfig: Setting CVar [[r.SkyAtmosphere.MultiScatteringLUT.SampleCount:15.0]]
[2021.11.26-19.02.06:929][  0]LogConfig: Setting CVar [[r.SkyLight.RealTimeReflectionCapture:1]]
[2021.11.26-19.02.06:929][  0]LogConfig: Applying CVar settings from Section [FoliageQuality@3] File [D:/Unreal Projects/puzzleBomb/Saved/Config/Windows/Scalability.ini]
[2021.11.26-19.02.06:929][  0]LogConfig: Setting CVar [[foliage.DensityScale:1.0]]
[2021.11.26-19.02.06:929][  0]LogConfig: Setting CVar [[grass.DensityScale:1.0]]
[2021.11.26-19.02.06:929][  0]LogConfig: Applying CVar settings from Section [ShadingQuality@3] File [D:/Unreal Projects/puzzleBomb/Saved/Config/Windows/Scalability.ini]
[2021.11.26-19.02.06:929][  0]LogConfig: Setting CVar [[r.HairStrands.SkyLighting.IntegrationType:2]]
[2021.11.26-19.02.06:929][  0]LogConfig: Setting CVar [[r.HairStrands.SkyAO.SampleCount:4]]
[2021.11.26-19.02.06:929][  0]LogConfig: Setting CVar [[r.HairStrands.Visibility.MSAA.SamplePerPixel:4]]
[2021.11.26-19.02.06:929][  0]LogConfig: Applying CVar settings from Section [Startup] File [../../../Engine/Config/ConsoleVariables.ini]
[2021.11.26-19.02.06:929][  0]LogConfig: Setting CVar [[net.UseAdaptiveNetUpdateFrequency:0]]
[2021.11.26-19.02.06:929][  0]LogConfig: Setting CVar [[p.chaos.AllowCreatePhysxBodies:1]]
[2021.11.26-19.02.06:929][  0]LogConfig: Setting CVar [[fx.SkipVectorVMBackendOptimizations:1]]
[2021.11.26-19.02.06:929][  0]LogConfig: Applying CVar settings from Section [ConsoleVariables] File [D:/Unreal Projects/puzzleBomb/Saved/Config/Windows/Engine.ini]
[2021.11.26-19.02.06:929][  0]LogConfig: Applying CVar settings from Section [ConsoleVariables] File [D:/Unreal Projects/puzzleBomb/Saved/Config/Windows/Editor.ini]
[2021.11.26-19.02.06:929][  0]LogInit: Computer: PEDROALMEIDAPC
[2021.11.26-19.02.06:930][  0]LogInit: User: 1269389
[2021.11.26-19.02.06:930][  0]LogInit: CPU Page size=4096, Cores=4
[2021.11.26-19.02.06:930][  0]LogInit: High frequency timer resolution =10.000000 MHz
[2021.11.26-19.02.06:930][  0]LogMemory: Memory total: Physical=15.9GB (16GB approx)
[2021.11.26-19.02.06:930][  0]LogMemory: Platform Memory Stats for Windows
[2021.11.26-19.02.06:930][  0]LogMemory: Process Physical Memory: 144.64 MB used, 144.64 MB peak
[2021.11.26-19.02.06:930][  0]LogMemory: Process Virtual Memory: 128.53 MB used, 128.53 MB peak
[2021.11.26-19.02.06:930][  0]LogMemory: Physical Memory: 6654.62 MB used,  9612.98 MB free, 16267.60 MB total
[2021.11.26-19.02.06:930][  0]LogMemory: Virtual Memory: 134207928.00 MB used,  9799.73 MB free, 134217728.00 MB total
[2021.11.26-19.02.06:935][  0]LogWindows: WindowsPlatformFeatures enabled
[2021.11.26-19.02.06:962][  0]LogInit: Physics initialised using underlying interface: PhysX
[2021.11.26-19.02.06:962][  0]LogInit: Using OS detected language (pt-PT).
[2021.11.26-19.02.06:962][  0]LogInit: Using OS detected locale (pt-PT).
[2021.11.26-19.02.06:964][  0]LogTextLocalizationManager: No localization for 'pt-PT' exists, so 'en' will be used for the language.
[2021.11.26-19.02.07:172][  0]LogInit: Setting process to per monitor DPI aware
[2021.11.26-19.02.07:182][  0]LogWindowsTextInputMethodSystem: Display: IME system deactivated.
[2021.11.26-19.02.07:254][  0]LogSlate: New Slate User Created.  User Index 0, Is Virtual User: 0
[2021.11.26-19.02.07:254][  0]LogSlate: Slate User Registered.  User Index 0, Is Virtual User: 0
[2021.11.26-19.02.07:417][  0]LogD3D11RHI: Loaded GFSDK_Aftermath_Lib.x64.dll
[2021.11.26-19.02.07:461][  0]LogHMD: Failed to initialize OpenVR with code 110
[2021.11.26-19.02.07:461][  0]LogD3D11RHI: D3D11 min allowed feature level: 11_0
[2021.11.26-19.02.07:461][  0]LogD3D11RHI: D3D11 max allowed feature level: 11_0
[2021.11.26-19.02.07:461][  0]LogD3D11RHI: D3D11 adapters:
[2021.11.26-19.02.07:534][  0]LogD3D11RHI:    0. 'NVIDIA GeForce GTX 1050' (Feature Level 11_0)
[2021.11.26-19.02.07:534][  0]LogD3D11RHI:       4029/0/8133 MB DedicatedVideo/DedicatedSystem/SharedSystem, Outputs:1, VendorId:0x10de
[2021.11.26-19.02.07:545][  0]LogD3D11RHI:    1. 'Intel(R) HD Graphics 630' (Feature Level 11_0)
[2021.11.26-19.02.07:545][  0]LogD3D11RHI:       128/0/8133 MB DedicatedVideo/DedicatedSystem/SharedSystem, Outputs:0, VendorId:0x8086
[2021.11.26-19.02.07:548][  0]LogD3D11RHI:    2. 'Microsoft Basic Render Driver' (Feature Level 11_0)
[2021.11.26-19.02.07:548][  0]LogD3D11RHI:       0/0/8133 MB DedicatedVideo/DedicatedSystem/SharedSystem, Outputs:0, VendorId:0x1414
[2021.11.26-19.02.07:548][  0]LogD3D11RHI: Chosen D3D11 Adapter:
[2021.11.26-19.02.07:548][  0]LogD3D11RHI:     Description : NVIDIA GeForce GTX 1050
[2021.11.26-19.02.07:548][  0]LogD3D11RHI:     VendorId    : 10de
[2021.11.26-19.02.07:548][  0]LogD3D11RHI:     DeviceId    : 1c8d
[2021.11.26-19.02.07:548][  0]LogD3D11RHI:     SubSysId    : 118b1025
[2021.11.26-19.02.07:548][  0]LogD3D11RHI:     Revision    : 00a1
[2021.11.26-19.02.07:548][  0]LogD3D11RHI:     DedicatedVideoMemory : 4224712704 bytes
[2021.11.26-19.02.07:548][  0]LogD3D11RHI:     DedicatedSystemMemory : 0 bytes
[2021.11.26-19.02.07:548][  0]LogD3D11RHI:     SharedSystemMemory : 8528906240 bytes
[2021.11.26-19.02.07:548][  0]LogD3D11RHI:     AdapterLuid : 0 54411
[2021.11.26-19.02.07:554][  0]LogD3D11RHI: Creating new Direct3DDevice
[2021.11.26-19.02.07:554][  0]LogD3D11RHI:     GPU DeviceId: 0x1c8d (for the marketing name, search the web for "GPU Device Id")
[2021.11.26-19.02.07:554][  0]LogWindows: EnumDisplayDevices:
[2021.11.26-19.02.07:554][  0]LogWindows:    0. 'Intel(R) HD Graphics 630' (P:1 D:1)
[2021.11.26-19.02.07:555][  0]LogWindows:    1. 'Intel(R) HD Graphics 630' (P:0 D:0)
[2021.11.26-19.02.07:555][  0]LogWindows:    2. 'Intel(R) HD Graphics 630' (P:0 D:0)
[2021.11.26-19.02.07:556][  0]LogWindows:    3. 'NVIDIA GeForce GTX 1050' (P:0 D:0)
[2021.11.26-19.02.07:556][  0]LogWindows: DebugString: PrimaryIsNotTheChoosenAdapter PrimaryIsNotTheChoosenAdapter PrimaryIsNotTheChoosenAdapter 
[2021.11.26-19.02.07:556][  0]LogD3D11RHI:     Adapter Name: NVIDIA GeForce GTX 1050
[2021.11.26-19.02.07:556][  0]LogD3D11RHI:   Driver Version: 388.16 (internal:23.21.13.8816, unified:388.16)
[2021.11.26-19.02.07:556][  0]LogD3D11RHI:      Driver Date: 10-30-2017
[2021.11.26-19.02.07:556][  0]LogRHI: Texture pool is 2820 MB (70% of 4029 MB)
[2021.11.26-19.02.07:556][  0]LogD3D11RHI: Creating D3DDevice using adapter:
[2021.11.26-19.02.07:556][  0]LogD3D11RHI:     Description : NVIDIA GeForce GTX 1050
[2021.11.26-19.02.07:556][  0]LogD3D11RHI:     VendorId    : 10de
[2021.11.26-19.02.07:556][  0]LogD3D11RHI:     DeviceId    : 1c8d
[2021.11.26-19.02.07:556][  0]LogD3D11RHI:     SubSysId    : 118b1025
[2021.11.26-19.02.07:556][  0]LogD3D11RHI:     Revision    : 00a1
[2021.11.26-19.02.07:556][  0]LogD3D11RHI:     DedicatedVideoMemory : 4224712704 bytes
[2021.11.26-19.02.07:556][  0]LogD3D11RHI:     DedicatedSystemMemory : 0 bytes
[2021.11.26-19.02.07:556][  0]LogD3D11RHI:     SharedSystemMemory : 8528906240 bytes
[2021.11.26-19.02.07:556][  0]LogD3D11RHI:     AdapterLuid : 0 54411
[2021.11.26-19.02.07:601][  0]LogD3D11RHI: RHI has support for 64 bit atomics
[2021.11.26-19.02.07:601][  0]LogD3D11RHI: Async texture creation enabled
[2021.11.26-19.02.07:601][  0]LogD3D11RHI: Array index from any shader is supported
[2021.11.26-19.02.07:615][  0]LogD3D11RHI: GPU Timing Frequency: 1000.000000 (Debug: 2 1)
[2021.11.26-19.02.07:666][  0]LogRHI: GeForceNow SDK initialized: 1
[2021.11.26-19.02.08:039][  0]LogTargetPlatformManager: Display: Loaded TargetPlatform 'AllDesktop'
[2021.11.26-19.02.08:062][  0]LogTargetPlatformManager: Display: Loaded TargetPlatform 'Android'
[2021.11.26-19.02.08:062][  0]LogTargetPlatformManager: Display: Loaded TargetPlatform 'Android_ASTC'
[2021.11.26-19.02.08:062][  0]LogTargetPlatformManager: Display: Loaded TargetPlatform 'Android_DXT'
[2021.11.26-19.02.08:062][  0]LogTargetPlatformManager: Display: Loaded TargetPlatform 'Android_ETC2'
[2021.11.26-19.02.08:062][  0]LogTargetPlatformManager: Display: Loaded TargetPlatform 'AndroidClient'
[2021.11.26-19.02.08:062][  0]LogTargetPlatformManager: Display: Loaded TargetPlatform 'Android_ASTCClient'
[2021.11.26-19.02.08:062][  0]LogTargetPlatformManager: Display: Loaded TargetPlatform 'Android_DXTClient'
[2021.11.26-19.02.08:062][  0]LogTargetPlatformManager: Display: Loaded TargetPlatform 'Android_ETC2Client'
[2021.11.26-19.02.08:062][  0]LogTargetPlatformManager: Display: Loaded TargetPlatform 'Android_Multi'
[2021.11.26-19.02.08:062][  0]LogTargetPlatformManager: Display: Loaded TargetPlatform 'Android_MultiClient'
[2021.11.26-19.02.08:082][  0]LogTargetPlatformManager: Display: Loaded TargetPlatform 'IOSClient'
[2021.11.26-19.02.08:082][  0]LogTargetPlatformManager: Display: Loaded TargetPlatform 'IOS'
[2021.11.26-19.02.08:092][  0]LogTargetPlatformManager: Display: Loaded TargetPlatform 'Linux'
[2021.11.26-19.02.08:097][  0]LogTargetPlatformManager: Display: Loaded TargetPlatform 'LinuxNoEditor'
[2021.11.26-19.02.08:102][  0]LogTargetPlatformManager: Display: Loaded TargetPlatform 'LinuxClient'
[2021.11.26-19.02.08:107][  0]LogTargetPlatformManager: Display: Loaded TargetPlatform 'LinuxServer'
[2021.11.26-19.02.08:118][  0]LogTargetPlatformManager: Display: Loaded TargetPlatform 'LinuxAArch64NoEditor'
[2021.11.26-19.02.08:122][  0]LogTargetPlatformManager: Display: Loaded TargetPlatform 'LinuxAArch64Client'
[2021.11.26-19.02.08:126][  0]LogTargetPlatformManager: Display: Loaded TargetPlatform 'LinuxAArch64Server'
[2021.11.26-19.02.08:154][  0]LogTargetPlatformManager: Display: Loaded TargetPlatform 'Lumin'
[2021.11.26-19.02.08:154][  0]LogTargetPlatformManager: Display: Loaded TargetPlatform 'LuminClient'
[2021.11.26-19.02.08:164][  0]LogTargetPlatformManager: Display: Loaded TargetPlatform 'MacNoEditor'
[2021.11.26-19.02.08:168][  0]LogTargetPlatformManager: Display: Loaded TargetPlatform 'Mac'
[2021.11.26-19.02.08:172][  0]LogTargetPlatformManager: Display: Loaded TargetPlatform 'MacClient'
[2021.11.26-19.02.08:176][  0]LogTargetPlatformManager: Display: Loaded TargetPlatform 'MacServer'
[2021.11.26-19.02.08:189][  0]LogTargetPlatformManager: Display: Loaded TargetPlatform 'TVOSClient'
[2021.11.26-19.02.08:189][  0]LogTargetPlatformManager: Display: Loaded TargetPlatform 'TVOS'
[2021.11.26-19.02.08:200][  0]LogTargetPlatformManager: Display: Loaded TargetPlatform 'WindowsNoEditor'
[2021.11.26-19.02.08:205][  0]LogTargetPlatformManager: Display: Loaded TargetPlatform 'Windows'
[2021.11.26-19.02.08:210][  0]LogTargetPlatformManager: Display: Loaded TargetPlatform 'WindowsClient'
[2021.11.26-19.02.08:214][  0]LogTargetPlatformManager: Display: Loaded TargetPlatform 'WindowsServer'
[2021.11.26-19.02.08:214][  0]LogTargetPlatformManager: Display: Building Assets For Windows
[2021.11.26-19.02.08:222][  0]LogAudioDebug: Display: Lib vorbis DLL was dynamically loaded.
[2021.11.26-19.02.08:255][  0]LogTextureFormatOodle: Display: Oodle Texture 2.9.0 init RDO Off
[2021.11.26-19.02.08:288][  0]LogRendererCore: Ray tracing is disabled. Reason: r.RayTracing=0.
[2021.11.26-19.02.08:288][  0]LogShaderCompilers: Guid format shader working directory is 3 characters bigger than the processId version (../../../../../../Unreal Projects/puzzleBomb/Intermediate/Shaders/WorkingDirectory/15388/).
[2021.11.26-19.02.08:288][  0]LogShaderCompilers: Cleaned the shader compiler working directory 'C:/Users/1269389/AppData/Local/Temp/UnrealShaderWorkingDir/7318CA29419BE67F214D03BDCA93EE49/'.
[2021.11.26-19.02.08:288][  0]LogXGEController: Cannot use XGE Controller as Incredibuild is not installed on this machine.
[2021.11.26-19.02.08:288][  0]LogShaderCompilers: Cannot use XGE Shader Compiler as Incredibuild is not installed on this machine.
[2021.11.26-19.02.08:288][  0]LogShaderCompilers: Display: Using Local Shader Compiler.
[2021.11.26-19.02.09:115][  0]LogDerivedDataCache: Display: Max Cache Size: 512 MB
[2021.11.26-19.02.09:176][  0]LogDerivedDataCache: Loaded boot cache 0.06s 94MB C:/Users/1269389/AppData/Local/UnrealEngine/4.27/DerivedDataCache/Boot.ddc.
[2021.11.26-19.02.09:177][  0]LogDerivedDataCache: Display: Loaded Boot cache: C:/Users/1269389/AppData/Local/UnrealEngine/4.27/DerivedDataCache/Boot.ddc
[2021.11.26-19.02.09:246][  0]LogDerivedDataCache: FDerivedDataBackendGraph:  Pak pak cache file ../../../../../../Unreal Projects/puzzleBomb/DerivedDataCache/DDC.ddp not found, will not use a pak cache.
[2021.11.26-19.02.09:246][  0]LogDerivedDataCache: Unable to find inner node Pak for hierarchical cache Hierarchy.
[2021.11.26-19.02.09:246][  0]LogDerivedDataCache: FDerivedDataBackendGraph:  CompressedPak pak cache file ../../../../../../Unreal Projects/puzzleBomb/DerivedDataCache/Compressed.ddp not found, will not use a pak cache.
[2021.11.26-19.02.09:246][  0]LogDerivedDataCache: Unable to find inner node CompressedPak for hierarchical cache Hierarchy.
[2021.11.26-19.02.09:261][  0]LogDerivedDataCache: Display: Pak cache opened for reading ../../../Engine/DerivedDataCache/Compressed.ddp.
[2021.11.26-19.02.09:261][  0]LogDerivedDataCache: FDerivedDataBackendGraph:  EnterprisePak pak cache file ../../../Enterprise/DerivedDataCache/Compressed.ddp not found, will not use a pak cache.
[2021.11.26-19.02.09:261][  0]LogDerivedDataCache: Unable to find inner node EnterprisePak for hierarchical cache Hierarchy.
[2021.11.26-19.02.09:278][  0]LogDerivedDataCache: Speed tests for C:/Users/1269389/AppData/Local/UnrealEngine/Common/DerivedDataCache took 0.02 seconds
[2021.11.26-19.02.09:278][  0]LogDerivedDataCache: Display: Performance to C:/Users/1269389/AppData/Local/UnrealEngine/Common/DerivedDataCache: Latency=0.03ms. RandomReadSpeed=225.47MBs, RandomWriteSpeed=75.44MBs. Assigned SpeedClass 'Local'
[2021.11.26-19.02.09:279][  0]LogDerivedDataCache: Using Local data cache path C:/Users/1269389/AppData/Local/UnrealEngine/Common/DerivedDataCache: Writable
[2021.11.26-19.02.09:279][  0]LogDerivedDataCache: Shared data cache path not found in *engine.ini, will not use an Shared cache.
[2021.11.26-19.02.09:279][  0]LogDerivedDataCache: Unable to find inner node Shared for hierarchical cache Hierarchy.
[2021.11.26-19.02.09:334][  0]LogSlate: Using FreeType 2.10.0
[2021.11.26-19.02.09:334][  0]LogSlate: SlateFontServices - WITH_FREETYPE: 1, WITH_HARFBUZZ: 1
[2021.11.26-19.02.09:363][  0]LogAssetRegistry: FAssetRegistry took 0.0035 seconds to start up
[2021.11.26-19.02.09:622][  0]LogInit: Selected Device Profile: [Windows]
[2021.11.26-19.02.09:622][  0]LogInit: Active device profile: [00000246C47A0B00][00000246B81D7180 49] Windows
[2021.11.26-19.02.09:622][  0]LogInit: Profiles: [00000246C47A0B00][00000246B81D7180 49] Windows, [00000246C4746100][00000246B81DF300 49] WindowsNoEditor, [00000246C47A1900][00000246B81E3480 49] WindowsServer, [00000246C4746E00][00000246BBA63600 49] WindowsClient, [00000246C47A3C00][00000246BBA67780 49] IOS, [00000246C4744F00][00000246BBA6B900 49] iPadAir, [00000246C47A3E00][00000246BBA6FA80 49] iPadAir2, [00000246C4708C00][00000246C260A1C0 49] IPadPro, [00000246C4708D00][00000246BBA72200 49] iPadAir3, [00000246C4747B00][00000246C260E380 49] iPadAir4, [00000246C470B600][00000246C2612500 49] iPadMini2, [00000246C4747200][00000246C2616680 49] iPadMini3, [00000246C470B800][00000246B81DA7C0 49] iPadMini4, [00000246C4747800][00000246C261A900 49] iPadMini5, [00000246C4728600][00000246C2622B40 49] iPhone6, [00000246C4728700][00000246C261EB80 49] iPodTouch6, [00000246C47A2900][00000246C262EE40 49] iPhone7, [00000246C47A2800][00000246C262AE80 49] iPodTouch7, [00000246C4728100][00000246C2633000 49] iPhone5S, [00000246C4708700][00000246C2637180 49] iPhone6Plus, [00000246C472A500][00000246C263B300 49] iPhone6S, [00000246C4709300][00000246C263F480 49] iPhone6SPlus, [00000246C472BB00][00000246C2643600 49] iPhone7Plus, [00000246C470B500][00000246C2647780 49] iPhoneSE, [00000246C47A2600][00000246B82BD900 49] iPhone8, [00000246C4708600][00000246B82C1A80 49] iPhone8Plus, [00000246C47A2200][00000246B82C5C00 49] iPhoneX, [00000246C470B300][00000246B82C8200 49] iPhoneXS, [00000246C47A3400][00000246B82CC380 49] iPhoneXSMax, [00000246C470AD00][00000246B82D0500 49] iPhoneXR, [00000246C47A0200][00000246B82D4680 49] iPhone11, [00000246C4709E00][00000246B82D8800 49] iPhone11Pro, [00000246C47A2A00][00000246C2626940 49] iPhone11ProMax, [00000246C470B700][00000246B82DCA80 49] iPhoneSE2, [00000246C47A0D00][00000246B82E0BC0 49] iPhone12Mini, [00000246C4709F00][00000246B82E4D00 49] iPhone12, [00000246C47A0700][00000246B82ECE80 49] iPhone12Pro, [00000246C4709400][00000246B82F1000 49] iPhone12ProMax, [00000246C47A0C00][00000246B82F5180 49] iPadPro105, [00000246C4709700][00000246B82F9300 49] iPadPro129, [00000246C47A0100][00000246B82FD480 49] iPadPro97, [00000246C470BC00][00000246B8301600 49] iPadPro2_129, [00000246C47A0800][00000246B8305780 49] iPad5, [00000246C470B100][00000246B8309900 49] iPad6, [00000246C47A0500][00000246B830DA80 49] iPad7, [00000246C470A800][00000246B8311C00 49] iPad8, [00000246C47A1500][00000246B8314200 49] iPadPro11, [00000246C4709500][00000246B8318380 49] iPadPro2_11, [00000246C47A0F00][00000246B831C500 49] iPadPro3_129, [00000246C470AC00][00000246B8320680 49] iPadPro4_129, [00000246C47A2500][00000246B8324800 49] AppleTV, [00000246C4709100][00000246B8328980 49] AppleTV4K, [00000246C47A0400][00000246B832CB00 49] TVOS, [00000246C470A600][00000246B82E8C40 49] Mac, [00000246C47A3D00][00000246B8330D80 49] MacClient, [00000246C4709800][00000246B8334EC0 49] MacNoEditor, [00000246C47A3100][00000246C511F040 49] MacServer, [00000246C470B900][00000246C51231C0 49] Linux, [00000246C47A0900][00000246C5127340 49] LinuxAArch64, [00000246C470BF00][00000246C512B4C0 49] LinuxNoEditor, [00000246C47A1B00][00000246C512F640 49] LinuxAArch64NoEditor, [00000246C470B400][00000246C51337C0 49] LinuxClient, [00000246C47A1C00][00000246C5137940 49] LinuxAArch64Client, [00000246C4709D00][00000246C513BAC0 49] LinuxServer, [00000246C47A2F00][00000246C513E0C0 49] LinuxAArch64Server, [00000246C4708500][00000246C5142240 49] Android, [00000246C47A1E00][00000246C51463C0 49] Android_Low, [00000246C470B000][00000246C514A540 49] Android_Mid, [00000246C47A2400][00000246C514E6C0 49] Android_High, [00000246C4708800][00000246C5152840 49] Android_Default, [00000246C47A3200][00000246C51569C0 49] Android_Adreno4xx, [00000246C4746400][00000246C515AB40 49] Android_Adreno5xx_Low, [00000246C4729C00][00000246C515ECC0 49] Android_Adreno5xx, [00000246C4747D00][00000246B8338E00 49] Android_Adreno6xx, [00000246C472AB00][00000246C5162F40 49] Android_Adreno6xx_Vulkan, [00000246C4747E00][00000246C5167080 49] Android_Mali_T6xx, [00000246C4728F00][00000246C516B1C0 49] Android_Mali_T7xx, [00000246C4745300][00000246C5177340 49] Android_Mali_T8xx, [00000246C4729F00][00000246C517B4C0 49] Android_Mali_G71, [00000246C4745C00][00000246C517F640 49] Android_Mali_G72, [00000246C472A400][00000246C51837C0 49] Android_Mali_G72_Vulkan, [00000246C4747600][00000246C5187940 49] Android_Mali_G76, [00000246C472A100][00000246C518BAC0 49] Android_Mali_G76_Vulkan, [00000246C4745B00][00000246C518E0C0 49] Android_Mali_G77, [00000246C4728A00][00000246C5192240 49] Android_Mali_G77_Vulkan, [00000246C4747400][00000246C51963C0 49] Android_Mali_G78, [00000246C4729300][00000246C519A540 49] Android_Mali_G78_Vulkan, [00000246C4746900][00000246C519E6C0 49] Android_Mali_G710, [00000246C472BD00][00000246C51A2840 49] Android_Mali_G710_Vulkan, [00000246C4745E00][00000246C51A69C0 49] Android_Vulkan_SM5, [00000246C4728900][00000246C51AAB40 49] Android_PowerVR_G6xxx, [00000246C4745F00][00000246C51AECC0 49] Android_PowerVR_GT7xxx, [00000246C472A700][00000246C51B2E40 49] Android_PowerVR_GE8xxx, [00000246C4746300][00000246C5172F80 49] Android_PowerVR_GM9xxx, [00000246C472B200][00000246C51B70C0 49] Android_PowerVR_GM9xxx_Vulkan, [00000246C4747000][00000246C51BB200 49] Android_TegraK1, [00000246C4729700][00000246C51BF340 49] Android_Unknown_Vulkan, [00000246C4747700][00000246C51C74C0 49] Lumin, [00000246C4728200][00000246C51CB640 49] Lumin_Desktop, [00000246C4746200][00000246C51CF7C0 49] HoloLens, 
[2021.11.26-19.02.09:761][  0]LogMeshReduction: Using QuadricMeshReduction for automatic static mesh reduction
[2021.11.26-19.02.09:761][  0]LogMeshReduction: Using SimplygonMeshReduction for automatic skeletal mesh reduction
[2021.11.26-19.02.09:761][  0]LogMeshReduction: Using ProxyLODMeshReduction for automatic mesh merging
[2021.11.26-19.02.09:761][  0]LogMeshReduction: No distributed automatic mesh merging module available
[2021.11.26-19.02.09:761][  0]LogMeshMerging: No distributed automatic mesh merging module available
[2021.11.26-19.02.09:776][  0]LogNetVersion: puzzleBomb 1.0.0, NetCL: 17155196, EngineNetVer: 17, GameNetVer: 0 (Checksum: 2720733573)
[2021.11.26-19.02.10:232][  0]LogTexture: Default maximum texture size for cubemaps generated from long-lat sources has been changed from 512 to unlimited. In order to preserve old behaiour for '/Engine/MapTemplates/Sky/DaylightAmbientCubemap.DaylightAmbientCubemap', its maximum texture size has been explicitly set to 512.
[2021.11.26-19.02.10:295][  0]LogHMD: PokeAHoleMaterial loaded successfully
[2021.11.26-19.02.10:302][  0]LogUObjectArray: 17178 objects as part of root set at end of initial load.
[2021.11.26-19.02.10:302][  0]LogUObjectAllocator: 4301856 out of 0 bytes used by permanent object pool.
[2021.11.26-19.02.10:302][  0]LogUObjectArray: CloseDisregardForGC: 0/0 objects in disregard for GC pool
[2021.11.26-19.02.10:650][  0]LogNiagaraDebuggerClient: Niagara Debugger Client Initialized | Session: 5CE6344C4EEEF229D1F49BB8A652BAD7 | Instance: 90D1DA564B0E2CBF12CD069A0CD2E029 (PEDROALMEIDAPC-15388).
[2021.11.26-19.02.10:670][  0]LogImageWrapper: Warning: PNG Warning: Duplicate iCCP chunk
[2021.11.26-19.02.10:670][  0]LogImageWrapper: Warning: PNG Warning: Duplicate iCCP chunk
[2021.11.26-19.02.10:714][  0]LogTcpMessaging: Initializing TcpMessaging bridge
[2021.11.26-19.02.10:717][  0]LogUdpMessaging: Initializing bridge on interface 0.0.0.0:0 to multicast group 230.0.0.1:6666.
[2021.11.26-19.02.10:730][  0]LogPython: Using Python 3.7.7
[2021.11.26-19.02.11:393][  0]SourceControl: Source control is disabled
[2021.11.26-19.02.11:393][  0]SourceControl: Source control is disabled
[2021.11.26-19.02.11:396][  0]SourceControl: Source control is disabled
[2021.11.26-19.02.11:398][  0]SourceControl: Source control is disabled
[2021.11.26-19.02.11:408][  0]SourceControl: Source control is disabled
[2021.11.26-19.02.11:414][  0]LogUProjectInfo: Found projects:
[2021.11.26-19.02.11:634][  0]LogOpenImageDenoise: OIDN starting up
[2021.11.26-19.02.11:656][  0]LogAndroidPermission: UAndroidPermissionCallbackProxy::GetInstance
[2021.11.26-19.02.11:678][  0]LogAudioCaptureCore: Display: No Audio Capture implementations found. Audio input will be silent.
[2021.11.26-19.02.11:678][  0]LogAudioCaptureCore: Display: No Audio Capture implementations found. Audio input will be silent.
[2021.11.26-19.02.11:801][  0]LogCollectionManager: Loaded 0 collections in 0.000807 seconds
[2021.11.26-19.02.11:824][  0]LogFileCache: Scanning file cache for directory 'D:/Unreal Projects/puzzleBomb/Saved/Collections/' took 0.00s
[2021.11.26-19.02.11:824][  0]LogFileCache: Scanning file cache for directory 'D:/Unreal Projects/puzzleBomb/Content/Developers/1269389/Collections/' took 0.00s
[2021.11.26-19.02.11:824][  0]LogFileCache: Scanning file cache for directory 'D:/Unreal Projects/puzzleBomb/Content/Collections/' took 0.00s
[2021.11.26-19.02.11:824][  0]LogOcInput: OculusInput pre-init called
[2021.11.26-19.02.12:052][  0]LogImageWrapper: Warning: PNG Warning: Duplicate iCCP chunk
[2021.11.26-19.02.12:052][  0]LogImageWrapper: Warning: PNG Warning: Duplicate iCCP chunk
[2021.11.26-19.02.12:103][  0]LogEngine: Initializing Engine...
[2021.11.26-19.02.12:276][  0]LogHMD: Failed to enumerate extensions. Please check that you have a valid OpenXR runtime installed.
[2021.11.26-19.02.12:277][  0]LogHMD: Failed to initialize OpenVR with code 110
[2021.11.26-19.02.12:286][  0]LogMagicLeap: Warning: VR disabled because ZI is not enabled.  To enable, in the editor, Edit -> Project Settings -> Plugins -> Magic Leap Plugin -> Enable Zero Iteration
[2021.11.26-19.02.12:286][  0]LogStats: UGameplayTagsManager::InitializeManager -  0.000 s
[2021.11.26-19.02.12:416][  0]LogInit: Initializing FReadOnlyCVARCache
[2021.11.26-19.02.12:425][  0]LogAIModule: Creating AISystem for world Untitled
[2021.11.26-19.02.12:429][  0]LogAudio: Display: Initializing Audio Device Manager...
[2021.11.26-19.02.12:433][  0]LogAudio: Display: Loading Default Audio Settings Objects...
[2021.11.26-19.02.12:433][  0]LogAudio: Display: No default SoundConcurrencyObject specified (or failed to load).
[2021.11.26-19.02.12:434][  0]LogAudio: Display: Audio Device Manager Initialized
[2021.11.26-19.02.12:434][  0]LogAudio: Display: Creating Audio Device:                 Id: 1, Scope: Shared, Realtime: True
[2021.11.26-19.02.12:434][  0]LogAudioMixer: Display: Audio Mixer Platform Settings:
[2021.11.26-19.02.12:434][  0]LogAudioMixer: Display: 	Sample Rate:						  48000
[2021.11.26-19.02.12:434][  0]LogAudioMixer: Display: 	Callback Buffer Frame Size Requested: 1024
[2021.11.26-19.02.12:434][  0]LogAudioMixer: Display: 	Callback Buffer Frame Size To Use:	  1024
[2021.11.26-19.02.12:434][  0]LogAudioMixer: Display: 	Number of buffers to queue:			  2
[2021.11.26-19.02.12:434][  0]LogAudioMixer: Display: 	Max Channels (voices):				  32
[2021.11.26-19.02.12:434][  0]LogAudioMixer: Display: 	Number of Async Source Workers:		  0
[2021.11.26-19.02.12:434][  0]LogAudio: Display: AudioDevice MaxSources: 32
[2021.11.26-19.02.12:434][  0]LogAudio: Display: Audio Spatialization Plugin: None (built-in).
[2021.11.26-19.02.12:434][  0]LogAudio: Display: Audio Reverb Plugin: None (built-in).
[2021.11.26-19.02.12:434][  0]LogAudio: Display: Audio Occlusion Plugin: None (built-in).
[2021.11.26-19.02.12:434][  0]LogAudioMixer: Display: Initializing audio mixer.
[2021.11.26-19.02.12:443][  0]LogAudioMixer: Display: 0: FrontLeft
[2021.11.26-19.02.12:443][  0]LogAudioMixer: Display: 1: FrontRight
[2021.11.26-19.02.12:962][  0]LogAudioMixer: Display: Using Audio Device Altifalantes (Realtek High Definition Audio(SST))
[2021.11.26-19.02.12:964][  0]LogAudioMixer: Display: Initializing Sound Submixes...
[2021.11.26-19.02.12:966][  0]LogAudioMixer: Display: Creating Master Submix 'MasterSubmixDefault'
[2021.11.26-19.02.12:966][  0]LogAudioMixer: Display: Creating Master Submix 'MasterReverbSubmixDefault'
[2021.11.26-19.02.12:967][  0]LogAudioMixer: Display: Creating Master Submix 'MasterEQSubmixDefault'
[2021.11.26-19.02.12:967][  0]LogAudioMixer: FMixerPlatformXAudio2::StartAudioStream() called
[2021.11.26-19.02.12:967][  0]LogAudioMixer: Display: Output buffers initialized: Frames=1024, Channels=2, Samples=2048
[2021.11.26-19.02.12:968][  0]LogAudioMixer: Display: Starting AudioMixerPlatformInterface::RunInternal()
[2021.11.26-19.02.12:968][  0]LogAudioMixer: Display: FMixerPlatformXAudio2::SubmitBuffer() called for the first time
[2021.11.26-19.02.12:968][  0]LogInit: FAudioDevice initialized.
[2021.11.26-19.02.12:968][  0]LogAudio: Display: Audio Device (ID: 1) registered with world 'Untitled'.
[2021.11.26-19.02.12:968][  0]LogNetVersion: Set ProjectVersion to 1.0.0.0. Version Checksum will be recalculated on next use.
[2021.11.26-19.02.13:116][  0]LogDerivedDataCache: Saved boot cache 0.15s 94MB C:/Users/1269389/AppData/Local/UnrealEngine/4.27/DerivedDataCache/Boot.ddc.
[2021.11.26-19.02.13:117][  0]LogInit: Texture streaming: Enabled
[2021.11.26-19.02.13:129][  0]LogAnalytics: Display: [UEEditor.Rocket.Release] APIServer = https://datarouter.ol.epicgames.com/. AppVersion = 4.27.1-17735300+++UE4+Release-4.27
[2021.11.26-19.02.13:135][  0]LogEngineSessionManager: EngineSessionManager initialized
[2021.11.26-19.02.13:135][  0]LogEditorSessionSummary: Verbose: Initializing EditorSessionSummaryWriter for editor session tracking
[2021.11.26-19.02.13:138][  0]LogEditorSessionSummary: EditorSessionSummaryWriter initialized
[2021.11.26-19.02.13:192][  0]LogInit: Transaction tracking system initialized
[2021.11.26-19.02.13:211][  0]BlueprintLog: New page: Editor Load
[2021.11.26-19.02.13:270][  0]LocalizationService: Localization service is disabled
[2021.11.26-19.02.13:292][  0]TimingProfiler: Initialize
[2021.11.26-19.02.13:292][  0]TimingProfiler: OnSessionChanged
[2021.11.26-19.02.13:292][  0]LoadingProfiler: Initialize
[2021.11.26-19.02.13:292][  0]LoadingProfiler: OnSessionChanged
[2021.11.26-19.02.13:292][  0]NetworkingProfiler: Initialize
[2021.11.26-19.02.13:292][  0]NetworkingProfiler: OnSessionChanged
[2021.11.26-19.02.13:292][  0]MemoryProfiler: Initialize
[2021.11.26-19.02.13:292][  0]MemoryProfiler: OnSessionChanged
[2021.11.26-19.02.13:487][  0]LogCook: Display: CookSettings for Memory: MemoryMaxUsedVirtual 0MiB, MemoryMaxUsedPhysical 16384MiB, MemoryMinFreeVirtual 0MiB, MemoryMinFreePhysical 1024MiB
[2021.11.26-19.02.13:487][  0]LogCook: Display: Mobile HDR setting 1
[2021.11.26-19.02.13:669][  0]LogFileCache: Scanning file cache for directory 'D:/Unreal Projects/puzzleBomb/Content/' took 0.00s
[2021.11.26-19.02.13:894][  0]LogImageWrapper: Warning: PNG Warning: Duplicate iCCP chunk
[2021.11.26-19.02.13:894][  0]LogImageWrapper: Warning: PNG Warning: Duplicate iCCP chunk
[2021.11.26-19.02.13:894][  0]LogInit: Display: Engine is initialized. Leaving FEngineLoop::Init()
[2021.11.26-19.02.13:897][  0]SourceControl: Source control is disabled
[2021.11.26-19.02.13:897][  0]LogUnrealEdMisc: Loading editor; pre map load, took 8.582
[2021.11.26-19.02.13:897][  0]Cmd: MAP LOAD FILE="../../../../../../Unreal Projects/puzzleBomb/Content/Maps/TestLevel.umap" TEMPLATE=0 SHOWPROGRESS=1 FEATURELEVEL=3
[2021.11.26-19.02.13:897][  0]LogEditorServer: Warning: Can't find file '../../../../../../Unreal Projects/puzzleBomb/Content/Maps/TestLevel.umap'
[2021.11.26-19.02.13:897][  0]Cmd: MAP CHECKDEP NOCLEARLOG
[2021.11.26-19.02.13:898][  0]MapCheck: Map check complete: 0 Error(s), 0 Warning(s), took 0,111ms to complete.
[2021.11.26-19.02.13:898][  0]LogFileHelpers: Loading map 'TestLevel' took 0.000
[2021.11.26-19.02.13:899][  0]LogUnrealEdMisc: Total Editor Startup Time, took 8.584
[2021.11.26-19.02.14:972][  0]LogSlate: Updating window title bar state: overlay mode, drag disabled, window buttons hidden, title bar hidden
[2021.11.26-19.02.14:980][  0]LogSlate: Updating window title bar state: overlay mode, drag disabled, window buttons hidden, title bar hidden
[2021.11.26-19.02.14:986][  0]LogSlate: Updating window title bar state: overlay mode, drag disabled, window buttons hidden, title bar hidden
[2021.11.26-19.02.14:994][  0]LogSlate: Updating window title bar state: overlay mode, drag disabled, window buttons hidden, title bar hidden
[2021.11.26-19.02.15:413][  0]LogNativeClassHierarchy: Verbose: Native class hierarchy populated in 0.0099 seconds. Added 3822 classes and 928 folders.
[2021.11.26-19.02.15:488][  0]LogNativeClassHierarchy: Verbose: Native class hierarchy updated for 'WidgetCarousel' in 0.0003 seconds. Added 0 classes and 0 folders.
[2021.11.26-19.02.15:662][  0]LogPakFile: PakFile PrimaryIndexSize=187
[2021.11.26-19.02.15:662][  0]LogPakFile: PakFile PathHashIndexSize=101
[2021.11.26-19.02.15:662][  0]LogPakFile: PakFile FullDirectoryIndexSize=148
[2021.11.26-19.02.15:662][  0]LogShaderLibrary: Display: ShaderCodeLibraryPakFileMountedCallback: PakFile 'D:/Program Files/Epic Games/UE_4.27/FeaturePacks/FP_FirstPerson.upack' (chunk index -1, root 'root:/') mounted
[2021.11.26-19.02.15:662][  0]LogShaderLibrary: Display: ShaderCodeLibraryPakFileMountedCallback: pending pak file info (ChunkID:-1 Root:root:/ File:D:/Program Files/Epic Games/UE_4.27/FeaturePacks/FP_FirstPerson.upack)
[2021.11.26-19.02.15:662][  0]LogPakFile: OnPakFileMounted2Time == 0.000062
[2021.11.26-19.02.15:686][  0]LogPakFile: PakFile PrimaryIndexSize=189
[2021.11.26-19.02.15:686][  0]LogPakFile: PakFile PathHashIndexSize=101
[2021.11.26-19.02.15:686][  0]LogPakFile: PakFile FullDirectoryIndexSize=152
[2021.11.26-19.02.15:686][  0]LogShaderLibrary: Display: ShaderCodeLibraryPakFileMountedCallback: PakFile 'D:/Program Files/Epic Games/UE_4.27/FeaturePacks/FP_FirstPersonBP.upack' (chunk index -1, root 'root:/') mounted
[2021.11.26-19.02.15:686][  0]LogShaderLibrary: Display: ShaderCodeLibraryPakFileMountedCallback: pending pak file info (ChunkID:-1 Root:root:/ File:D:/Program Files/Epic Games/UE_4.27/FeaturePacks/FP_FirstPersonBP.upack)
[2021.11.26-19.02.15:686][  0]LogPakFile: OnPakFileMounted2Time == 0.000049
[2021.11.26-19.02.15:723][  0]LogPakFile: PakFile PrimaryIndexSize=191
[2021.11.26-19.02.15:723][  0]LogPakFile: PakFile PathHashIndexSize=101
[2021.11.26-19.02.15:723][  0]LogPakFile: PakFile FullDirectoryIndexSize=160
[2021.11.26-19.02.15:723][  0]LogShaderLibrary: Display: ShaderCodeLibraryPakFileMountedCallback: PakFile 'D:/Program Files/Epic Games/UE_4.27/FeaturePacks/MobileStarterContent.upack' (chunk index -1, root 'root:/') mounted
[2021.11.26-19.02.15:723][  0]LogShaderLibrary: Display: ShaderCodeLibraryPakFileMountedCallback: pending pak file info (ChunkID:-1 Root:root:/ File:D:/Program Files/Epic Games/UE_4.27/FeaturePacks/MobileStarterContent.upack)
[2021.11.26-19.02.15:723][  0]LogPakFile: OnPakFileMounted2Time == 0.000042
[2021.11.26-19.02.15:739][  0]LogPakFile: PakFile PrimaryIndexSize=185
[2021.11.26-19.02.15:739][  0]LogPakFile: PakFile PathHashIndexSize=101
[2021.11.26-19.02.15:739][  0]LogPakFile: PakFile FullDirectoryIndexSize=148
[2021.11.26-19.02.15:739][  0]LogShaderLibrary: Display: ShaderCodeLibraryPakFileMountedCallback: PakFile 'D:/Program Files/Epic Games/UE_4.27/FeaturePacks/StarterContent.upack' (chunk index -1, root 'root:/') mounted
[2021.11.26-19.02.15:739][  0]LogShaderLibrary: Display: ShaderCodeLibraryPakFileMountedCallback: pending pak file info (ChunkID:-1 Root:root:/ File:D:/Program Files/Epic Games/UE_4.27/FeaturePacks/StarterContent.upack)
[2021.11.26-19.02.15:739][  0]LogPakFile: OnPakFileMounted2Time == 0.000065
[2021.11.26-19.02.15:788][  0]LogPakFile: PakFile PrimaryIndexSize=190
[2021.11.26-19.02.15:788][  0]LogPakFile: PakFile PathHashIndexSize=101
[2021.11.26-19.02.15:788][  0]LogPakFile: PakFile FullDirectoryIndexSize=154
[2021.11.26-19.02.15:788][  0]LogShaderLibrary: Display: ShaderCodeLibraryPakFileMountedCallback: PakFile 'D:/Program Files/Epic Games/UE_4.27/FeaturePacks/TP_2DSideScroller.upack' (chunk index -1, root 'root:/') mounted
[2021.11.26-19.02.15:788][  0]LogShaderLibrary: Display: ShaderCodeLibraryPakFileMountedCallback: pending pak file info (ChunkID:-1 Root:root:/ File:D:/Program Files/Epic Games/UE_4.27/FeaturePacks/TP_2DSideScroller.upack)
[2021.11.26-19.02.15:788][  0]LogPakFile: OnPakFileMounted2Time == 0.000041
[2021.11.26-19.02.15:815][  0]LogPakFile: PakFile PrimaryIndexSize=192
[2021.11.26-19.02.15:815][  0]LogPakFile: PakFile PathHashIndexSize=101
[2021.11.26-19.02.15:815][  0]LogPakFile: PakFile FullDirectoryIndexSize=158
[2021.11.26-19.02.15:815][  0]LogShaderLibrary: Display: ShaderCodeLibraryPakFileMountedCallback: PakFile 'D:/Program Files/Epic Games/UE_4.27/FeaturePacks/TP_2DSideScrollerBP.upack' (chunk index -1, root 'root:/') mounted
[2021.11.26-19.02.15:815][  0]LogShaderLibrary: Display: ShaderCodeLibraryPakFileMountedCallback: pending pak file info (ChunkID:-1 Root:root:/ File:D:/Program Files/Epic Games/UE_4.27/FeaturePacks/TP_2DSideScrollerBP.upack)
[2021.11.26-19.02.15:815][  0]LogPakFile: OnPakFileMounted2Time == 0.000051
[2021.11.26-19.02.15:822][  0]LogPakFile: PakFile PrimaryIndexSize=182
[2021.11.26-19.02.15:822][  0]LogPakFile: PakFile PathHashIndexSize=101
[2021.11.26-19.02.15:822][  0]LogPakFile: PakFile FullDirectoryIndexSize=138
[2021.11.26-19.02.15:822][  0]LogShaderLibrary: Display: ShaderCodeLibraryPakFileMountedCallback: PakFile 'D:/Program Files/Epic Games/UE_4.27/FeaturePacks/TP_Flying.upack' (chunk index -1, root 'root:/') mounted
[2021.11.26-19.02.15:824][  0]LogShaderLibrary: Display: ShaderCodeLibraryPakFileMountedCallback: pending pak file info (ChunkID:-1 Root:root:/ File:D:/Program Files/Epic Games/UE_4.27/FeaturePacks/TP_Flying.upack)
[2021.11.26-19.02.15:824][  0]LogPakFile: OnPakFileMounted2Time == 0.000074
[2021.11.26-19.02.15:850][  0]LogPakFile: PakFile PrimaryIndexSize=184
[2021.11.26-19.02.15:850][  0]LogPakFile: PakFile PathHashIndexSize=101
[2021.11.26-19.02.15:850][  0]LogPakFile: PakFile FullDirectoryIndexSize=142
[2021.11.26-19.02.15:850][  0]LogShaderLibrary: Display: ShaderCodeLibraryPakFileMountedCallback: PakFile 'D:/Program Files/Epic Games/UE_4.27/FeaturePacks/TP_FlyingBP.upack' (chunk index -1, root 'root:/') mounted
[2021.11.26-19.02.15:850][  0]LogShaderLibrary: Display: ShaderCodeLibraryPakFileMountedCallback: pending pak file info (ChunkID:-1 Root:root:/ File:D:/Program Files/Epic Games/UE_4.27/FeaturePacks/TP_FlyingBP.upack)
[2021.11.26-19.02.15:850][  0]LogPakFile: OnPakFileMounted2Time == 0.000063
[2021.11.26-19.02.15:884][  0]LogPakFile: PakFile PrimaryIndexSize=188
[2021.11.26-19.02.15:884][  0]LogPakFile: PakFile PathHashIndexSize=101
[2021.11.26-19.02.15:884][  0]LogPakFile: PakFile FullDirectoryIndexSize=150
[2021.11.26-19.02.15:884][  0]LogShaderLibrary: Display: ShaderCodeLibraryPakFileMountedCallback: PakFile 'D:/Program Files/Epic Games/UE_4.27/FeaturePacks/TP_HandheldARBP.upack' (chunk index -1, root 'root:/') mounted
[2021.11.26-19.02.15:885][  0]LogShaderLibrary: Display: ShaderCodeLibraryPakFileMountedCallback: pending pak file info (ChunkID:-1 Root:root:/ File:D:/Program Files/Epic Games/UE_4.27/FeaturePacks/TP_HandheldARBP.upack)
[2021.11.26-19.02.15:885][  0]LogPakFile: OnPakFileMounted2Time == 0.000057
[2021.11.26-19.02.15:920][  0]LogPakFile: PakFile PrimaryIndexSize=182
[2021.11.26-19.02.15:920][  0]LogPakFile: PakFile PathHashIndexSize=101
[2021.11.26-19.02.15:920][  0]LogPakFile: PakFile FullDirectoryIndexSize=138
[2021.11.26-19.02.15:920][  0]LogShaderLibrary: Display: ShaderCodeLibraryPakFileMountedCallback: PakFile 'D:/Program Files/Epic Games/UE_4.27/FeaturePacks/TP_Puzzle.upack' (chunk index -1, root 'root:/') mounted
[2021.11.26-19.02.15:920][  0]LogShaderLibrary: Display: ShaderCodeLibraryPakFileMountedCallback: pending pak file info (ChunkID:-1 Root:root:/ File:D:/Program Files/Epic Games/UE_4.27/FeaturePacks/TP_Puzzle.upack)
[2021.11.26-19.02.15:920][  0]LogPakFile: OnPakFileMounted2Time == 0.000041
[2021.11.26-19.02.15:937][  0]LogPakFile: PakFile PrimaryIndexSize=184
[2021.11.26-19.02.15:938][  0]LogPakFile: PakFile PathHashIndexSize=101
[2021.11.26-19.02.15:938][  0]LogPakFile: PakFile FullDirectoryIndexSize=142
[2021.11.26-19.02.15:938][  0]LogShaderLibrary: Display: ShaderCodeLibraryPakFileMountedCallback: PakFile 'D:/Program Files/Epic Games/UE_4.27/FeaturePacks/TP_PuzzleBP.upack' (chunk index -1, root 'root:/') mounted
[2021.11.26-19.02.15:938][  0]LogShaderLibrary: Display: ShaderCodeLibraryPakFileMountedCallback: pending pak file info (ChunkID:-1 Root:root:/ File:D:/Program Files/Epic Games/UE_4.27/FeaturePacks/TP_PuzzleBP.upack)
[2021.11.26-19.02.15:938][  0]LogPakFile: OnPakFileMounted2Time == 0.000071
[2021.11.26-19.02.15:949][  0]LogPakFile: PakFile PrimaryIndexSize=183
[2021.11.26-19.02.15:949][  0]LogPakFile: PakFile PathHashIndexSize=101
[2021.11.26-19.02.15:949][  0]LogPakFile: PakFile FullDirectoryIndexSize=140
[2021.11.26-19.02.15:949][  0]LogShaderLibrary: Display: ShaderCodeLibraryPakFileMountedCallback: PakFile 'D:/Program Files/Epic Games/UE_4.27/FeaturePacks/TP_Rolling.upack' (chunk index -1, root 'root:/') mounted
[2021.11.26-19.02.15:949][  0]LogShaderLibrary: Display: ShaderCodeLibraryPakFileMountedCallback: pending pak file info (ChunkID:-1 Root:root:/ File:D:/Program Files/Epic Games/UE_4.27/FeaturePacks/TP_Rolling.upack)
[2021.11.26-19.02.15:949][  0]LogPakFile: OnPakFileMounted2Time == 0.000044
[2021.11.26-19.02.15:956][  0]LogPakFile: PakFile PrimaryIndexSize=185
[2021.11.26-19.02.15:956][  0]LogPakFile: PakFile PathHashIndexSize=101
[2021.11.26-19.02.15:956][  0]LogPakFile: PakFile FullDirectoryIndexSize=144
[2021.11.26-19.02.15:956][  0]LogShaderLibrary: Display: ShaderCodeLibraryPakFileMountedCallback: PakFile 'D:/Program Files/Epic Games/UE_4.27/FeaturePacks/TP_RollingBP.upack' (chunk index -1, root 'root:/') mounted
[2021.11.26-19.02.15:956][  0]LogShaderLibrary: Display: ShaderCodeLibraryPakFileMountedCallback: pending pak file info (ChunkID:-1 Root:root:/ File:D:/Program Files/Epic Games/UE_4.27/FeaturePacks/TP_RollingBP.upack)
[2021.11.26-19.02.15:956][  0]LogPakFile: OnPakFileMounted2Time == 0.000046
[2021.11.26-19.02.15:963][  0]LogPakFile: PakFile PrimaryIndexSize=188
[2021.11.26-19.02.15:963][  0]LogPakFile: PakFile PathHashIndexSize=101
[2021.11.26-19.02.15:963][  0]LogPakFile: PakFile FullDirectoryIndexSize=150
[2021.11.26-19.02.15:963][  0]LogShaderLibrary: Display: ShaderCodeLibraryPakFileMountedCallback: PakFile 'D:/Program Files/Epic Games/UE_4.27/FeaturePacks/TP_SideScroller.upack' (chunk index -1, root 'root:/') mounted
[2021.11.26-19.02.15:963][  0]LogShaderLibrary: Display: ShaderCodeLibraryPakFileMountedCallback: pending pak file info (ChunkID:-1 Root:root:/ File:D:/Program Files/Epic Games/UE_4.27/FeaturePacks/TP_SideScroller.upack)
[2021.11.26-19.02.15:963][  0]LogPakFile: OnPakFileMounted2Time == 0.000044
[2021.11.26-19.02.15:979][  0]LogPakFile: PakFile PrimaryIndexSize=190
[2021.11.26-19.02.15:979][  0]LogPakFile: PakFile PathHashIndexSize=101
[2021.11.26-19.02.15:979][  0]LogPakFile: PakFile FullDirectoryIndexSize=154
[2021.11.26-19.02.15:979][  0]LogShaderLibrary: Display: ShaderCodeLibraryPakFileMountedCallback: PakFile 'D:/Program Files/Epic Games/UE_4.27/FeaturePacks/TP_SideScrollerBP.upack' (chunk index -1, root 'root:/') mounted
[2021.11.26-19.02.15:979][  0]LogShaderLibrary: Display: ShaderCodeLibraryPakFileMountedCallback: pending pak file info (ChunkID:-1 Root:root:/ File:D:/Program Files/Epic Games/UE_4.27/FeaturePacks/TP_SideScrollerBP.upack)
[2021.11.26-19.02.15:979][  0]LogPakFile: OnPakFileMounted2Time == 0.000053
[2021.11.26-19.02.16:008][  0]LogPakFile: PakFile PrimaryIndexSize=187
[2021.11.26-19.02.16:008][  0]LogPakFile: PakFile PathHashIndexSize=101
[2021.11.26-19.02.16:008][  0]LogPakFile: PakFile FullDirectoryIndexSize=148
[2021.11.26-19.02.16:008][  0]LogShaderLibrary: Display: ShaderCodeLibraryPakFileMountedCallback: PakFile 'D:/Program Files/Epic Games/UE_4.27/FeaturePacks/TP_ThirdPerson.upack' (chunk index -1, root 'root:/') mounted
[2021.11.26-19.02.16:008][  0]LogShaderLibrary: Display: ShaderCodeLibraryPakFileMountedCallback: pending pak file info (ChunkID:-1 Root:root:/ File:D:/Program Files/Epic Games/UE_4.27/FeaturePacks/TP_ThirdPerson.upack)
[2021.11.26-19.02.16:008][  0]LogPakFile: OnPakFileMounted2Time == 0.000054
[2021.11.26-19.02.16:015][  0]LogPakFile: PakFile PrimaryIndexSize=189
[2021.11.26-19.02.16:015][  0]LogPakFile: PakFile PathHashIndexSize=101
[2021.11.26-19.02.16:015][  0]LogPakFile: PakFile FullDirectoryIndexSize=152
[2021.11.26-19.02.16:015][  0]LogShaderLibrary: Display: ShaderCodeLibraryPakFileMountedCallback: PakFile 'D:/Program Files/Epic Games/UE_4.27/FeaturePacks/TP_ThirdPersonBP.upack' (chunk index -1, root 'root:/') mounted
[2021.11.26-19.02.16:015][  0]LogShaderLibrary: Display: ShaderCodeLibraryPakFileMountedCallback: pending pak file info (ChunkID:-1 Root:root:/ File:D:/Program Files/Epic Games/UE_4.27/FeaturePacks/TP_ThirdPersonBP.upack)
[2021.11.26-19.02.16:015][  0]LogPakFile: OnPakFileMounted2Time == 0.000042
[2021.11.26-19.02.16:023][  0]LogPakFile: PakFile PrimaryIndexSize=183
[2021.11.26-19.02.16:023][  0]LogPakFile: PakFile PathHashIndexSize=101
[2021.11.26-19.02.16:023][  0]LogPakFile: PakFile FullDirectoryIndexSize=140
[2021.11.26-19.02.16:023][  0]LogShaderLibrary: Display: ShaderCodeLibraryPakFileMountedCallback: PakFile 'D:/Program Files/Epic Games/UE_4.27/FeaturePacks/TP_TopDown.upack' (chunk index -1, root 'root:/') mounted
[2021.11.26-19.02.16:023][  0]LogShaderLibrary: Display: ShaderCodeLibraryPakFileMountedCallback: pending pak file info (ChunkID:-1 Root:root:/ File:D:/Program Files/Epic Games/UE_4.27/FeaturePacks/TP_TopDown.upack)
[2021.11.26-19.02.16:023][  0]LogPakFile: OnPakFileMounted2Time == 0.000050
[2021.11.26-19.02.16:035][  0]LogPakFile: PakFile PrimaryIndexSize=185
[2021.11.26-19.02.16:035][  0]LogPakFile: PakFile PathHashIndexSize=101
[2021.11.26-19.02.16:035][  0]LogPakFile: PakFile FullDirectoryIndexSize=144
[2021.11.26-19.02.16:035][  0]LogShaderLibrary: Display: ShaderCodeLibraryPakFileMountedCallback: PakFile 'D:/Program Files/Epic Games/UE_4.27/FeaturePacks/TP_TopDownBP.upack' (chunk index -1, root 'root:/') mounted
[2021.11.26-19.02.16:035][  0]LogShaderLibrary: Display: ShaderCodeLibraryPakFileMountedCallback: pending pak file info (ChunkID:-1 Root:root:/ File:D:/Program Files/Epic Games/UE_4.27/FeaturePacks/TP_TopDownBP.upack)
[2021.11.26-19.02.16:035][  0]LogPakFile: OnPakFileMounted2Time == 0.000047
[2021.11.26-19.02.16:046][  0]LogPakFile: PakFile PrimaryIndexSize=185
[2021.11.26-19.02.16:047][  0]LogPakFile: PakFile PathHashIndexSize=101
[2021.11.26-19.02.16:047][  0]LogPakFile: PakFile FullDirectoryIndexSize=144
[2021.11.26-19.02.16:047][  0]LogShaderLibrary: Display: ShaderCodeLibraryPakFileMountedCallback: PakFile 'D:/Program Files/Epic Games/UE_4.27/FeaturePacks/TP_TwinStick.upack' (chunk index -1, root 'root:/') mounted
[2021.11.26-19.02.16:047][  0]LogShaderLibrary: Display: ShaderCodeLibraryPakFileMountedCallback: pending pak file info (ChunkID:-1 Root:root:/ File:D:/Program Files/Epic Games/UE_4.27/FeaturePacks/TP_TwinStick.upack)
[2021.11.26-19.02.16:047][  0]LogPakFile: OnPakFileMounted2Time == 0.000041
[2021.11.26-19.02.16:069][  0]LogPakFile: PakFile PrimaryIndexSize=187
[2021.11.26-19.02.16:069][  0]LogPakFile: PakFile PathHashIndexSize=101
[2021.11.26-19.02.16:069][  0]LogPakFile: PakFile FullDirectoryIndexSize=148
[2021.11.26-19.02.16:069][  0]LogShaderLibrary: Display: ShaderCodeLibraryPakFileMountedCallback: PakFile 'D:/Program Files/Epic Games/UE_4.27/FeaturePacks/TP_TwinStickBP.upack' (chunk index -1, root 'root:/') mounted
[2021.11.26-19.02.16:069][  0]LogShaderLibrary: Display: ShaderCodeLibraryPakFileMountedCallback: pending pak file info (ChunkID:-1 Root:root:/ File:D:/Program Files/Epic Games/UE_4.27/FeaturePacks/TP_TwinStickBP.upack)
[2021.11.26-19.02.16:069][  0]LogPakFile: OnPakFileMounted2Time == 0.000042
[2021.11.26-19.02.16:090][  0]LogPakFile: PakFile PrimaryIndexSize=183
[2021.11.26-19.02.16:090][  0]LogPakFile: PakFile PathHashIndexSize=101
[2021.11.26-19.02.16:090][  0]LogPakFile: PakFile FullDirectoryIndexSize=140
[2021.11.26-19.02.16:090][  0]LogShaderLibrary: Display: ShaderCodeLibraryPakFileMountedCallback: PakFile 'D:/Program Files/Epic Games/UE_4.27/FeaturePacks/TP_Vehicle.upack' (chunk index -1, root 'root:/') mounted
[2021.11.26-19.02.16:090][  0]LogShaderLibrary: Display: ShaderCodeLibraryPakFileMountedCallback: pending pak file info (ChunkID:-1 Root:root:/ File:D:/Program Files/Epic Games/UE_4.27/FeaturePacks/TP_Vehicle.upack)
[2021.11.26-19.02.16:090][  0]LogPakFile: OnPakFileMounted2Time == 0.000041
[2021.11.26-19.02.16:098][  0]LogPakFile: PakFile PrimaryIndexSize=186
[2021.11.26-19.02.16:098][  0]LogPakFile: PakFile PathHashIndexSize=101
[2021.11.26-19.02.16:098][  0]LogPakFile: PakFile FullDirectoryIndexSize=146
[2021.11.26-19.02.16:098][  0]LogShaderLibrary: Display: ShaderCodeLibraryPakFileMountedCallback: PakFile 'D:/Program Files/Epic Games/UE_4.27/FeaturePacks/TP_VehicleAdv.upack' (chunk index -1, root 'root:/') mounted
[2021.11.26-19.02.16:098][  0]LogShaderLibrary: Display: ShaderCodeLibraryPakFileMountedCallback: pending pak file info (ChunkID:-1 Root:root:/ File:D:/Program Files/Epic Games/UE_4.27/FeaturePacks/TP_VehicleAdv.upack)
[2021.11.26-19.02.16:098][  0]LogPakFile: OnPakFileMounted2Time == 0.000055
[2021.11.26-19.02.16:108][  0]LogPakFile: PakFile PrimaryIndexSize=188
[2021.11.26-19.02.16:108][  0]LogPakFile: PakFile PathHashIndexSize=101
[2021.11.26-19.02.16:108][  0]LogPakFile: PakFile FullDirectoryIndexSize=150
[2021.11.26-19.02.16:108][  0]LogShaderLibrary: Display: ShaderCodeLibraryPakFileMountedCallback: PakFile 'D:/Program Files/Epic Games/UE_4.27/FeaturePacks/TP_VehicleAdvBP.upack' (chunk index -1, root 'root:/') mounted
[2021.11.26-19.02.16:108][  0]LogShaderLibrary: Display: ShaderCodeLibraryPakFileMountedCallback: pending pak file info (ChunkID:-1 Root:root:/ File:D:/Program Files/Epic Games/UE_4.27/FeaturePacks/TP_VehicleAdvBP.upack)
[2021.11.26-19.02.16:108][  0]LogPakFile: OnPakFileMounted2Time == 0.000044
[2021.11.26-19.02.16:117][  0]LogPakFile: PakFile PrimaryIndexSize=185
[2021.11.26-19.02.16:117][  0]LogPakFile: PakFile PathHashIndexSize=101
[2021.11.26-19.02.16:117][  0]LogPakFile: PakFile FullDirectoryIndexSize=144
[2021.11.26-19.02.16:117][  0]LogShaderLibrary: Display: ShaderCodeLibraryPakFileMountedCallback: PakFile 'D:/Program Files/Epic Games/UE_4.27/FeaturePacks/TP_VehicleBP.upack' (chunk index -1, root 'root:/') mounted
[2021.11.26-19.02.16:117][  0]LogShaderLibrary: Display: ShaderCodeLibraryPakFileMountedCallback: pending pak file info (ChunkID:-1 Root:root:/ File:D:/Program Files/Epic Games/UE_4.27/FeaturePacks/TP_VehicleBP.upack)
[2021.11.26-19.02.16:117][  0]LogPakFile: OnPakFileMounted2Time == 0.000071
[2021.11.26-19.02.16:124][  0]LogPakFile: PakFile PrimaryIndexSize=192
[2021.11.26-19.02.16:124][  0]LogPakFile: PakFile PathHashIndexSize=101
[2021.11.26-19.02.16:124][  0]LogPakFile: PakFile FullDirectoryIndexSize=158
[2021.11.26-19.02.16:124][  0]LogShaderLibrary: Display: ShaderCodeLibraryPakFileMountedCallback: PakFile 'D:/Program Files/Epic Games/UE_4.27/FeaturePacks/TP_VirtualRealityBP.upack' (chunk index -1, root 'root:/') mounted
[2021.11.26-19.02.16:124][  0]LogShaderLibrary: Display: ShaderCodeLibraryPakFileMountedCallback: pending pak file info (ChunkID:-1 Root:root:/ File:D:/Program Files/Epic Games/UE_4.27/FeaturePacks/TP_VirtualRealityBP.upack)
[2021.11.26-19.02.16:124][  0]LogPakFile: OnPakFileMounted2Time == 0.000043
[2021.11.26-19.02.17:435][  0]LogNativeClassHierarchy: Verbose: Native class hierarchy updated for 'AddContentDialog' in 0.0003 seconds. Added 0 classes and 0 folders.
[2021.11.26-19.02.17:552][  0]LogNativeClassHierarchy: Verbose: Native class hierarchy updated for 'SceneOutliner' in 0.0006 seconds. Added 2 classes and 0 folders.
[2021.11.26-19.02.18:534][  0]LogSlate: Took 0.000342 seconds to synchronously load lazily loaded font '../../../Engine/Content/Slate/Fonts/Roboto-Regular.ttf' (155K)
[2021.11.26-19.02.18:609][  0]LogSlate: Took 0.071871 seconds to synchronously load lazily loaded font '../../../Engine/Content/Editor/Slate/Fonts/FontAwesome.ttf' (139K)
[2021.11.26-19.02.18:632][  0]LogSlate: Took 0.000261 seconds to synchronously load lazily loaded font '../../../Engine/Content/Slate/Fonts/Roboto-Bold.ttf' (160K)
[2021.11.26-19.02.19:048][  0]LogRenderer: Reallocating scene render targets to support 964x460 Format 10 NumSamples 1 (Frame:1).
[2021.11.26-19.02.19:512][  0]LogNativeClassHierarchy: Verbose: Native class hierarchy updated for 'HierarchicalLODOutliner' in 0.0005 seconds. Added 0 classes and 0 folders.
[2021.11.26-19.02.19:512][  0]LogLoad: (Engine Initialization) Total time: 14.20 seconds
[2021.11.26-19.02.19:512][  0]LogLoad: (Engine Initialization) Total Blueprint compile time: 0.00 seconds
[2021.11.26-19.02.19:576][  0]LogAssetRegistry: Asset discovery search completed in 10.2141 seconds
[2021.11.26-19.02.19:582][  0]LogCollectionManager: Fixed up redirectors for 0 collections in 0.000003 seconds (updated 0 objects)
[2021.11.26-19.02.19:592][  0]LogContentStreaming: Texture pool size now 1000 MB
[2021.11.26-19.02.20:395][  2]LogSlate: Took 0.045378 seconds to synchronously load lazily loaded font '../../../Engine/Content/Slate/Fonts/Roboto-Light.ttf' (167K)
[2021.11.26-19.02.39:406][338]LogUObjectHash: Compacting FUObjectHashTables data took   0.88ms
[2021.11.26-19.02.39:432][338]LogSlate: Took 0.000143 seconds to synchronously load lazily loaded font '../../../Engine/Content/Slate/Fonts/Roboto-Light.ttf' (167K)
[2021.11.26-19.02.43:209][338]LogAssetEditorSubsystem: Opening Asset editor for World /Game/Maps/Level1.Level1
[2021.11.26-19.02.43:224][338]Cmd: MAP LOAD FILE="../../../../../../Unreal Projects/puzzleBomb/Content/Maps/Level1.umap" TEMPLATE=0 SHOWPROGRESS=1 FEATURELEVEL=3
[2021.11.26-19.02.43:224][338]LightingResults: New page: Lighting Build
[2021.11.26-19.02.43:224][338]LogNativeClassHierarchy: Verbose: Native class hierarchy updated for 'StatsViewer' in 0.0003 seconds. Added 6 classes and 0 folders.
[2021.11.26-19.02.43:225][338]LoadErrors: New page: Loading map: Level1.umap
[2021.11.26-19.02.43:225][338]LogWorld: UWorld::CleanupWorld for Untitled, bSessionEnded=true, bCleanupResources=true
[2021.11.26-19.02.43:225][338]LogSlate: InvalidateAllWidgets triggered.  All widgets were invalidated
[2021.11.26-19.02.43:226][338]MapCheck: New page: Map Check
[2021.11.26-19.02.43:226][338]LightingResults: New page: Lighting Build
[2021.11.26-19.02.43:233][338]LogAudio: Display: Audio Device unregistered from world 'None'.
[2021.11.26-19.02.43:259][338]LogUObjectHash: Compacting FUObjectHashTables data took   1.02ms
[2021.11.26-19.02.43:259][338]LogAudio: Display: Audio Device (ID: 1) registered with world 'Level1'.
[2021.11.26-19.02.43:474][338]LogEditorServer: Finished looking for orphan Actors (0.000 secs)
[2021.11.26-19.02.43:474][338]LogAIModule: Creating AISystem for world Level1
[2021.11.26-19.02.43:490][338]LogUObjectHash: Compacting FUObjectHashTables data took   0.62ms
[2021.11.26-19.02.43:495][338]Cmd: MAP CHECKDEP NOCLEARLOG
[2021.11.26-19.02.43:495][338]MapCheck: Map check complete: 0 Error(s), 0 Warning(s), took 0,099ms to complete.
[2021.11.26-19.02.43:495][338]LogFileHelpers: Loading map 'Level1' took 0.272
[2021.11.26-19.03.09:055][825]Cmd: OBJ SAVEPACKAGE PACKAGE="/Game/Maps/Level1" FILE="../../../../../../Unreal Projects/puzzleBomb/Content/Maps/Level1.umap" SILENT=true AUTOSAVING=false KEEPDIRTY=false
[2021.11.26-19.03.09:063][825]LogUObjectHash: Compacting FUObjectHashTables data took   0.56ms
[2021.11.26-19.03.09:364][825]LogSavePackage: Moving '../../../../../../Unreal Projects/puzzleBomb/Saved/Level10587CBED47E94E562AD59FAA8FB42B8D.tmp' to '../../../../../../Unreal Projects/puzzleBomb/Content/Maps/Level1.umap'
[2021.11.26-19.03.09:421][825]AssetCheck: New page: Asset Save: Level1
[2021.11.26-19.03.09:421][825]LogContentValidation: Display: Validating World /Game/Maps/Level1.Level1
