Log file open, 11/20/21 18:56:04
LogWindows: Failed to load 'aqProf.dll' (GetLastError=126)
LogWindows: File 'aqProf.dll' does not exist
LogWindows: Failed to load 'VtuneApi.dll' (GetLastError=126)
LogWindows: File 'VtuneApi.dll' does not exist
LogWindows: Failed to load 'VtuneApi32e.dll' (GetLastError=126)
LogWindows: File 'VtuneApi32e.dll' does not exist
LogConsoleResponse: Display: Failed to find resolution value strings in scalability ini. Falling back to default.
LogConsoleResponse: Display: Failed to find resolution value strings in scalability ini. Falling back to default.
LogInit: Display: Running engine for game: puzzleBomb
LogPlatformFile: Not using cached read wrapper
LogTaskGraph: Started task graph with 5 named threads and 47 total threads with 3 sets of task threads.
LogStats: Stats thread started at 0.238587
LogICUInternationalization: ICU TimeZone Detection - Raw Offset: +0:00, Platform Override: ''
LogInit: Display: Loading text-based GConfig....
LogPluginManager: Mounting plugin MeshPainting
LogPluginManager: Mounting plugin XGEController
LogPluginManager: Mounting plugin Paper2D
LogPluginManager: Mounting plugin AISupport
LogPluginManager: Mounting plugin EnvironmentQueryEditor
LogPluginManager: Mounting plugin LightPropagationVolume
LogPluginManager: Mounting plugin LiveLink
LogPluginManager: Mounting plugin GitSourceControl
LogPluginManager: Mounting plugin CLionSourceCodeAccess
LogPluginManager: Mounting plugin CodeLiteSourceCodeAccess
LogPluginManager: Mounting plugin AnimationSharing
LogPluginManager: Mounting plugin KDevelopSourceCodeAccess
LogPluginManager: Mounting plugin PerforceSourceControl
LogPluginManager: Mounting plugin PixWinPlugin
LogPluginManager: Mounting plugin PropertyAccessNode
LogPluginManager: Mounting plugin PlasticSourceControl
LogPluginManager: Mounting plugin RiderSourceCodeAccess
LogPluginManager: Mounting plugin NullSourceCodeAccess
LogPluginManager: Mounting plugin TextureFormatOodle
LogPluginManager: Mounting plugin SubversionSourceControl
LogPluginManager: Mounting plugin AssetManagerEditor
LogPluginManager: Mounting plugin VisualStudioCodeSourceCodeAccess
LogPluginManager: Mounting plugin PluginUtils
LogPluginManager: Mounting plugin XCodeSourceCodeAccess
LogPluginManager: Mounting plugin VisualStudioSourceCodeAccess
LogPluginManager: Mounting plugin AutomationUtils
LogPluginManager: Mounting plugin AlembicImporter
LogPluginManager: Mounting plugin BackChannel
LogPluginManager: Mounting plugin ChaosCloth
LogPluginManager: Mounting plugin ChaosEditor
LogPluginManager: Mounting plugin ChaosClothEditor
LogPluginManager: Mounting plugin ChaosNiagara
LogPluginManager: Mounting plugin ChaosSolverPlugin
LogPluginManager: Mounting plugin UObjectPlugin
LogPluginManager: Mounting plugin CharacterAI
LogPluginManager: Mounting plugin GeometryCollectionPlugin
LogPluginManager: Mounting plugin GeometryProcessing
LogPluginManager: Mounting plugin GeometryCache
LogPluginManager: Mounting plugin Niagara
LogPluginManager: Mounting plugin PlatformCrypto
LogPluginManager: Mounting plugin MotoSynth
LogPluginManager: Mounting plugin OpenImageDenoise
LogPluginManager: Mounting plugin PlanarCut
LogPluginManager: Mounting plugin ProxyLODPlugin
LogPluginManager: Mounting plugin PythonScriptPlugin
LogPluginManager: Mounting plugin CameraShakePreviewer
LogPluginManager: Mounting plugin SkeletalReduction
LogPluginManager: Mounting plugin GameplayCameras
LogPluginManager: Mounting plugin DatasmithContent
LogPluginManager: Mounting plugin VariantManagerContent
LogPluginManager: Mounting plugin UdpMessaging
LogPluginManager: Mounting plugin TcpMessaging
LogPluginManager: Mounting plugin AndroidMedia
LogPluginManager: Mounting plugin AvfMedia
LogPluginManager: Mounting plugin ImgMedia
LogPluginManager: Mounting plugin MediaPlayerEditor
LogPluginManager: Mounting plugin WebMMedia
LogPluginManager: Mounting plugin MediaCompositing
LogPluginManager: Mounting plugin WmfMedia
LogPluginManager: Mounting plugin LuminPlatformFeatures
LogPluginManager: Mounting plugin MagicLeap
LogPluginManager: Mounting plugin OnlineSubsystem
LogPluginManager: Mounting plugin OnlineSubsystemNull
LogPluginManager: Mounting plugin OnlineSubsystemUtils
LogPluginManager: Mounting plugin MagicLeapLightEstimation
LogPluginManager: Mounting plugin ActorSequence
LogPluginManager: Mounting plugin MagicLeapPassableWorld
LogPluginManager: Mounting plugin MLSDK
LogPluginManager: Mounting plugin MagicLeapMedia
LogPluginManager: Mounting plugin LevelSequenceEditor
LogPluginManager: Mounting plugin MatineeToLevelSequence
LogPluginManager: Mounting plugin ActorLayerUtilities
LogPluginManager: Mounting plugin AndroidMoviePlayer
LogPluginManager: Mounting plugin AndroidPermission
LogPluginManager: Mounting plugin AppleImageUtils
LogPluginManager: Mounting plugin AppleMoviePlayer
LogPluginManager: Mounting plugin AndroidDeviceProfileSelector
LogPluginManager: Mounting plugin ArchVisCharacter
LogPluginManager: Mounting plugin AudioCapture
LogPluginManager: Mounting plugin AssetTags
LogPluginManager: Mounting plugin AudioSynesthesia
LogPluginManager: Mounting plugin CustomMeshComponent
LogPluginManager: Mounting plugin ChunkDownloader
LogPluginManager: Mounting plugin CableComponent
LogPluginManager: Mounting plugin EditableMesh
LogPluginManager: Mounting plugin ExampleDeviceProfileSelector
LogPluginManager: Mounting plugin GoogleCloudMessaging
LogPluginManager: Mounting plugin GooglePAD
LogPluginManager: Mounting plugin TemplateSequence
LogPluginManager: Mounting plugin IOSDeviceProfileSelector
LogPluginManager: Mounting plugin LinuxDeviceProfileSelector
LogPluginManager: Mounting plugin LocationServicesBPLibrary
LogPluginManager: Mounting plugin MobilePatchingUtils
LogPluginManager: Mounting plugin OpenXREyeTracker
LogPluginManager: Mounting plugin OpenXRHandTracking
LogPluginManager: Mounting plugin OpenXR
LogPluginManager: Mounting plugin PhysXVehicles
LogPluginManager: Mounting plugin PostSplashScreen
LogPluginManager: Mounting plugin ProceduralMeshComponent
LogPluginManager: Mounting plugin LauncherChunkInstaller
LogPluginManager: Mounting plugin PropertyAccessEditor
LogPluginManager: Mounting plugin SignificanceManager
LogPluginManager: Mounting plugin RuntimePhysXCooking
LogPluginManager: Mounting plugin SoundFields
LogPluginManager: Mounting plugin Synthesis
LogPluginManager: Mounting plugin WebMMoviePlayer
LogPluginManager: Mounting plugin Takes
LogPluginManager: Mounting plugin WindowsMoviePlayer
LogPluginManager: Mounting plugin OodleNetwork
LogPluginManager: Mounting plugin OodleData
LogPluginManager: Mounting plugin ScreenshotTools
LogPluginManager: Mounting plugin DataValidation
LogPluginManager: Mounting plugin CryptoKeys
LogPluginManager: Mounting plugin CurveEditorTools
LogPluginManager: Mounting plugin FacialAnimation
LogPluginManager: Mounting plugin GeometryMode
LogPluginManager: Mounting plugin GameplayTagsEditor
LogPluginManager: Mounting plugin MacGraphicsSwitching
LogPluginManager: Mounting plugin MaterialAnalyzer
LogPluginManager: Mounting plugin MobileLauncherProfileWizard
LogPluginManager: Mounting plugin PluginBrowser
LogPluginManager: Mounting plugin SpeedTreeImporter
LogPluginManager: Mounting plugin OnlineSubsystemIOS
LogPluginManager: Mounting plugin OnlineSubsystemGooglePlay
LogPluginManager: Mounting plugin OculusVR
LogPluginManager: Mounting plugin SteamVR
LogPluginManager: Mounting plugin ContentBrowserAssetDataSource
LogPluginManager: Mounting plugin ContentBrowserClassDataSource
LogPluginManager: Mounting plugin ContentBrowserFileDataSource
PixWinPlugin: PIX capture plugin failed to initialize! Check that the process is launched from PIX.
LogInit: Using libcurl 7.55.1-DEV
LogInit:  - built for x86_64-pc-win32
LogInit:  - supports SSL with OpenSSL/1.1.1
LogInit:  - supports HTTP deflate (compression) using libz 1.2.8
LogInit:  - other features:
LogInit:      CURL_VERSION_SSL
LogInit:      CURL_VERSION_LIBZ
LogInit:      CURL_VERSION_IPV6
LogInit:      CURL_VERSION_ASYNCHDNS
LogInit:      CURL_VERSION_LARGEFILE
LogInit:      CURL_VERSION_IDN
LogInit:  CurlRequestOptions (configurable via config and command line):
LogInit:  - bVerifyPeer = true  - Libcurl will verify peer certificate
LogInit:  - bUseHttpProxy = false  - Libcurl will NOT use HTTP proxy
LogInit:  - bDontReuseConnections = false  - Libcurl will reuse connections
LogInit:  - MaxHostConnections = 16  - Libcurl will limit the number of connections to a host
LogInit:  - LocalHostAddr = Default
LogInit:  - BufferSize = 65536
LogOnline: OSS: Creating online subsystem instance for: NULL
LogInit: WinSock: version 1.1 (2.2), MaxSocks=32767, MaxUdp=65467
LogOnline: OSS: TryLoadSubsystemAndSetDefault: Loaded subsystem for module [NULL]
LogOculusPluginWrapper: OculusPlugin initialized successfully
LogHMD: Failed initializing OVRPlugin 1.59.0
LogInit: Build: ++UE4+Release-4.27-CL-17735300
LogInit: Engine Version: 4.27.1-17735300+++UE4+Release-4.27
LogInit: Compatible Engine Version: 4.27.0-17155196+++UE4+Release-4.27
LogInit: Net CL: 17155196
LogInit: OS: Windows 10 (Release 2009) (), CPU: AMD Ryzen 7 3700X 8-Core Processor             , GPU: Radeon (TM) RX 480 Graphics
LogInit: Compiled (64-bit): Oct  6 2021 14:42:51
LogInit: Compiled with Visual C++: 19.24.28315.00
LogInit: Build Configuration: Development
LogInit: Branch Name: ++UE4+Release-4.27
LogInit: Command Line: 
LogInit: Base Directory: D:/Games/UE_4.27/Engine/Binaries/Win64/
LogInit: Allocator: TBB
LogInit: Installed Engine Build: 1
LogDevObjectVersion: Number of dev versions registered: 29
LogDevObjectVersion:   Dev-Blueprints (B0D832E4-1F89-4F0D-ACCF-7EB736FD4AA2): 10
LogDevObjectVersion:   Dev-Build (E1C64328-A22C-4D53-A36C-8E866417BD8C): 0
LogDevObjectVersion:   Dev-Core (375EC13C-06E4-48FB-B500-84F0262A717E): 4
LogDevObjectVersion:   Dev-Editor (E4B068ED-F494-42E9-A231-DA0B2E46BB41): 40
LogDevObjectVersion:   Dev-Framework (CFFC743F-43B0-4480-9391-14DF171D2073): 37
LogDevObjectVersion:   Dev-Mobile (B02B49B5-BB20-44E9-A304-32B752E40360): 3
LogDevObjectVersion:   Dev-Networking (A4E4105C-59A1-49B5-A7C5-40C4547EDFEE): 0
LogDevObjectVersion:   Dev-Online (39C831C9-5AE6-47DC-9A44-9C173E1C8E7C): 0
LogDevObjectVersion:   Dev-Physics (78F01B33-EBEA-4F98-B9B4-84EACCB95AA2): 14
LogDevObjectVersion:   Dev-Platform (6631380F-2D4D-43E0-8009-CF276956A95A): 0
LogDevObjectVersion:   Dev-Rendering (12F88B9F-8875-4AFC-A67C-D90C383ABD29): 45
LogDevObjectVersion:   Dev-Sequencer (7B5AE74C-D270-4C10-A958-57980B212A5A): 13
LogDevObjectVersion:   Dev-VR (D7296918-1DD6-4BDD-9DE2-64A83CC13884): 3
LogDevObjectVersion:   Dev-LoadTimes (C2A15278-BFE7-4AFE-6C17-90FF531DF755): 1
LogDevObjectVersion:   Private-Geometry (6EACA3D4-40EC-4CC1-B786-8BED09428FC5): 3
LogDevObjectVersion:   Dev-AnimPhys (29E575DD-E0A3-4627-9D10-D276232CDCEA): 17
LogDevObjectVersion:   Dev-Anim (AF43A65D-7FD3-4947-9873-3E8ED9C1BB05): 15
LogDevObjectVersion:   Dev-ReflectionCapture (6B266CEC-1EC7-4B8F-A30B-E4D90942FC07): 1
LogDevObjectVersion:   Dev-Automation (0DF73D61-A23F-47EA-B727-89E90C41499A): 1
LogDevObjectVersion:   FortniteMain (601D1886-AC64-4F84-AA16-D3DE0DEAC7D6): 47
LogDevObjectVersion:   FortniteRelease (E7086368-6B23-4C58-8439-1B7016265E91): 1
LogDevObjectVersion:   Dev-Enterprise (9DFFBCD6-494F-0158-E221-12823C92A888): 10
LogDevObjectVersion:   Dev-Niagara (F2AED0AC-9AFE-416F-8664-AA7FFA26D6FC): 1
LogDevObjectVersion:   Dev-Destruction (174F1F0B-B4C6-45A5-B13F-2EE8D0FB917D): 10
LogDevObjectVersion:   Dev-Physics-Ext (35F94A83-E258-406C-A318-09F59610247C): 41
LogDevObjectVersion:   Dev-PhysicsMaterial-Chaos (B68FC16E-8B1B-42E2-B453-215C058844FE): 1
LogDevObjectVersion:   Dev-CineCamera (B2E18506-4273-CFC2-A54E-F4BB758BBA07): 1
LogDevObjectVersion:   Dev-VirtualProduction (64F58936-FD1B-42BA-BA96-7289D5D0FA4E): 1
LogDevObjectVersion:   Dev-MediaFramework (6F0ED827-A609-4895-9C91-998D90180EA4): 2
LogInit: Presizing for max 25165824 objects, including 0 objects not considered by GC, pre-allocating 0 bytes for permanent pool.
LogConfig: Applying CVar settings from Section [/Script/Engine.StreamingSettings] File [C:/Users/Fabio/Documents/Unreal Projects/PuzzleBombUnreal/puzzleBomb/Saved/Config/Windows/Engine.ini]
LogConfig: Setting CVar [[s.MinBulkDataSizeForAsyncLoading:131072]]
LogConfig: Setting CVar [[s.AsyncLoadingThreadEnabled:0]]
LogConfig: Setting CVar [[s.EventDrivenLoaderEnabled:1]]
LogConfig: Setting CVar [[s.WarnIfTimeLimitExceeded:0]]
LogConfig: Setting CVar [[s.TimeLimitExceededMultiplier:1.5]]
LogConfig: Setting CVar [[s.TimeLimitExceededMinTime:0.005]]
LogConfig: Setting CVar [[s.UseBackgroundLevelStreaming:1]]
LogConfig: Setting CVar [[s.PriorityAsyncLoadingExtraTime:15.0]]
LogConfig: Setting CVar [[s.LevelStreamingActorsUpdateTimeLimit:5.0]]
LogConfig: Setting CVar [[s.PriorityLevelStreamingActorsUpdateExtraTime:5.0]]
LogConfig: Setting CVar [[s.LevelStreamingComponentsRegistrationGranularity:10]]
LogConfig: Setting CVar [[s.UnregisterComponentsTimeLimit:1.0]]
LogConfig: Setting CVar [[s.LevelStreamingComponentsUnregistrationGranularity:5]]
LogConfig: Setting CVar [[s.FlushStreamingOnExit:1]]
LogInit: Object subsystem initialized
LogConfig: Setting CVar [[con.DebugEarlyDefault:1]]
LogConfig: Setting CVar [[r.setres:1280x720]]
[2021.11.20-18.56.05:378][  0]LogConfig: Setting CVar [[r.VSync:0]]
[2021.11.20-18.56.05:378][  0]LogConfig: Setting CVar [[r.RHICmdBypass:0]]
[2021.11.20-18.56.05:378][  0]LogConfig: Applying CVar settings from Section [/Script/Engine.RendererSettings] File [C:/Users/Fabio/Documents/Unreal Projects/PuzzleBombUnreal/puzzleBomb/Saved/Config/Windows/Engine.ini]
[2021.11.20-18.56.05:378][  0]LogConfig: Setting CVar [[r.GPUCrashDebugging:0]]
[2021.11.20-18.56.05:378][  0]LogConfig: Applying CVar settings from Section [/Script/Engine.RendererOverrideSettings] File [C:/Users/Fabio/Documents/Unreal Projects/PuzzleBombUnreal/puzzleBomb/Saved/Config/Windows/Engine.ini]
[2021.11.20-18.56.05:378][  0]LogConfig: Applying CVar settings from Section [/Script/Engine.StreamingSettings] File [C:/Users/Fabio/Documents/Unreal Projects/PuzzleBombUnreal/puzzleBomb/Saved/Config/Windows/Engine.ini]
[2021.11.20-18.56.05:378][  0]LogConfig: Setting CVar [[s.MinBulkDataSizeForAsyncLoading:131072]]
[2021.11.20-18.56.05:378][  0]LogConfig: Setting CVar [[s.AsyncLoadingThreadEnabled:0]]
[2021.11.20-18.56.05:378][  0]LogConfig: Setting CVar [[s.EventDrivenLoaderEnabled:1]]
[2021.11.20-18.56.05:378][  0]LogConfig: Setting CVar [[s.WarnIfTimeLimitExceeded:0]]
[2021.11.20-18.56.05:378][  0]LogConfig: Setting CVar [[s.TimeLimitExceededMultiplier:1.5]]
[2021.11.20-18.56.05:378][  0]LogConfig: Setting CVar [[s.TimeLimitExceededMinTime:0.005]]
[2021.11.20-18.56.05:378][  0]LogConfig: Setting CVar [[s.UseBackgroundLevelStreaming:1]]
[2021.11.20-18.56.05:378][  0]LogConfig: Setting CVar [[s.PriorityAsyncLoadingExtraTime:15.0]]
[2021.11.20-18.56.05:378][  0]LogConfig: Setting CVar [[s.LevelStreamingActorsUpdateTimeLimit:5.0]]
[2021.11.20-18.56.05:378][  0]LogConfig: Setting CVar [[s.PriorityLevelStreamingActorsUpdateExtraTime:5.0]]
[2021.11.20-18.56.05:378][  0]LogConfig: Setting CVar [[s.LevelStreamingComponentsRegistrationGranularity:10]]
[2021.11.20-18.56.05:378][  0]LogConfig: Setting CVar [[s.UnregisterComponentsTimeLimit:1.0]]
[2021.11.20-18.56.05:378][  0]LogConfig: Setting CVar [[s.LevelStreamingComponentsUnregistrationGranularity:5]]
[2021.11.20-18.56.05:378][  0]LogConfig: Setting CVar [[s.FlushStreamingOnExit:1]]
[2021.11.20-18.56.05:378][  0]LogConfig: Applying CVar settings from Section [/Script/Engine.GarbageCollectionSettings] File [C:/Users/Fabio/Documents/Unreal Projects/PuzzleBombUnreal/puzzleBomb/Saved/Config/Windows/Engine.ini]
[2021.11.20-18.56.05:378][  0]LogConfig: Setting CVar [[gc.MaxObjectsNotConsideredByGC:1]]
[2021.11.20-18.56.05:378][  0]LogConfig: Setting CVar [[gc.SizeOfPermanentObjectPool:0]]
[2021.11.20-18.56.05:378][  0]LogConfig: Setting CVar [[gc.FlushStreamingOnGC:0]]
[2021.11.20-18.56.05:378][  0]LogConfig: Setting CVar [[gc.NumRetriesBeforeForcingGC:10]]
[2021.11.20-18.56.05:378][  0]LogConfig: Setting CVar [[gc.AllowParallelGC:1]]
[2021.11.20-18.56.05:378][  0]LogConfig: Setting CVar [[gc.TimeBetweenPurgingPendingKillObjects:61.1]]
[2021.11.20-18.56.05:378][  0]LogConfig: Setting CVar [[gc.MaxObjectsInEditor:25165824]]
[2021.11.20-18.56.05:378][  0]LogConfig: Setting CVar [[gc.IncrementalBeginDestroyEnabled:1]]
[2021.11.20-18.56.05:378][  0]LogConfig: Setting CVar [[gc.CreateGCClusters:1]]
[2021.11.20-18.56.05:378][  0]LogConfig: Setting CVar [[gc.MinGCClusterSize:5]]
[2021.11.20-18.56.05:378][  0]LogConfig: Setting CVar [[gc.ActorClusteringEnabled:0]]
[2021.11.20-18.56.05:378][  0]LogConfig: Setting CVar [[gc.BlueprintClusteringEnabled:0]]
[2021.11.20-18.56.05:378][  0]LogConfig: Setting CVar [[gc.UseDisregardForGCOnDedicatedServers:0]]
[2021.11.20-18.56.05:378][  0]LogConfig: Setting CVar [[gc.MultithreadedDestructionEnabled:1]]
[2021.11.20-18.56.05:378][  0]LogConfig: Applying CVar settings from Section [/Script/Engine.NetworkSettings] File [C:/Users/Fabio/Documents/Unreal Projects/PuzzleBombUnreal/puzzleBomb/Saved/Config/Windows/Engine.ini]
[2021.11.20-18.56.05:378][  0]LogConfig: Applying CVar settings from Section [/Script/UnrealEd.CookerSettings] File [C:/Users/Fabio/Documents/Unreal Projects/PuzzleBombUnreal/puzzleBomb/Saved/Config/Windows/Engine.ini]
[2021.11.20-18.56.05:386][  0]LogConfig: Applying CVar settings from Section [ViewDistanceQuality@3] File [C:/Users/Fabio/Documents/Unreal Projects/PuzzleBombUnreal/puzzleBomb/Saved/Config/Windows/Scalability.ini]
[2021.11.20-18.56.05:386][  0]LogConfig: Setting CVar [[r.SkeletalMeshLODBias:0]]
[2021.11.20-18.56.05:386][  0]LogConfig: Setting CVar [[r.ViewDistanceScale:1.0]]
[2021.11.20-18.56.05:386][  0]LogConfig: Applying CVar settings from Section [AntiAliasingQuality@3] File [C:/Users/Fabio/Documents/Unreal Projects/PuzzleBombUnreal/puzzleBomb/Saved/Config/Windows/Scalability.ini]
[2021.11.20-18.56.05:386][  0]LogConfig: Setting CVar [[r.PostProcessAAQuality:4]]
[2021.11.20-18.56.05:386][  0]LogConfig: Applying CVar settings from Section [ShadowQuality@3] File [C:/Users/Fabio/Documents/Unreal Projects/PuzzleBombUnreal/puzzleBomb/Saved/Config/Windows/Scalability.ini]
[2021.11.20-18.56.05:386][  0]LogConfig: Setting CVar [[r.LightFunctionQuality:1]]
[2021.11.20-18.56.05:386][  0]LogConfig: Setting CVar [[r.ShadowQuality:5]]
[2021.11.20-18.56.05:386][  0]LogConfig: Setting CVar [[r.Shadow.CSM.MaxCascades:10]]
[2021.11.20-18.56.05:386][  0]LogConfig: Setting CVar [[r.Shadow.MaxResolution:2048]]
[2021.11.20-18.56.05:386][  0]LogConfig: Setting CVar [[r.Shadow.MaxCSMResolution:2048]]
[2021.11.20-18.56.05:386][  0]LogConfig: Setting CVar [[r.Shadow.RadiusThreshold:0.01]]
[2021.11.20-18.56.05:386][  0]LogConfig: Setting CVar [[r.Shadow.DistanceScale:1.0]]
[2021.11.20-18.56.05:386][  0]LogConfig: Setting CVar [[r.Shadow.CSM.TransitionScale:1.0]]
[2021.11.20-18.56.05:386][  0]LogConfig: Setting CVar [[r.Shadow.PreShadowResolutionFactor:1.0]]
[2021.11.20-18.56.05:386][  0]LogConfig: Setting CVar [[r.DistanceFieldShadowing:1]]
[2021.11.20-18.56.05:386][  0]LogConfig: Setting CVar [[r.DistanceFieldAO:1]]
[2021.11.20-18.56.05:386][  0]LogConfig: Setting CVar [[r.AOQuality:2]]
[2021.11.20-18.56.05:386][  0]LogConfig: Setting CVar [[r.VolumetricFog:1]]
[2021.11.20-18.56.05:386][  0]LogConfig: Setting CVar [[r.VolumetricFog.GridPixelSize:8]]
[2021.11.20-18.56.05:386][  0]LogConfig: Setting CVar [[r.VolumetricFog.GridSizeZ:128]]
[2021.11.20-18.56.05:386][  0]LogConfig: Setting CVar [[r.VolumetricFog.HistoryMissSupersampleCount:4]]
[2021.11.20-18.56.05:387][  0]LogConfig: Setting CVar [[r.LightMaxDrawDistanceScale:1]]
[2021.11.20-18.56.05:387][  0]LogConfig: Setting CVar [[r.CapsuleShadows:1]]
[2021.11.20-18.56.05:387][  0]LogConfig: Applying CVar settings from Section [PostProcessQuality@3] File [C:/Users/Fabio/Documents/Unreal Projects/PuzzleBombUnreal/puzzleBomb/Saved/Config/Windows/Scalability.ini]
[2021.11.20-18.56.05:387][  0]LogConfig: Setting CVar [[r.MotionBlurQuality:4]]
[2021.11.20-18.56.05:387][  0]LogConfig: Setting CVar [[r.AmbientOcclusionMipLevelFactor:0.4]]
[2021.11.20-18.56.05:387][  0]LogConfig: Setting CVar [[r.AmbientOcclusionMaxQuality:100]]
[2021.11.20-18.56.05:387][  0]LogConfig: Setting CVar [[r.AmbientOcclusionLevels:-1]]
[2021.11.20-18.56.05:387][  0]LogConfig: Setting CVar [[r.AmbientOcclusionRadiusScale:1.0]]
[2021.11.20-18.56.05:387][  0]LogConfig: Setting CVar [[r.DepthOfFieldQuality:2]]
[2021.11.20-18.56.05:387][  0]LogConfig: Setting CVar [[r.RenderTargetPoolMin:400]]
[2021.11.20-18.56.05:387][  0]LogConfig: Setting CVar [[r.LensFlareQuality:2]]
[2021.11.20-18.56.05:387][  0]LogConfig: Setting CVar [[r.SceneColorFringeQuality:1]]
[2021.11.20-18.56.05:387][  0]LogConfig: Setting CVar [[r.EyeAdaptationQuality:2]]
[2021.11.20-18.56.05:387][  0]LogConfig: Setting CVar [[r.BloomQuality:5]]
[2021.11.20-18.56.05:387][  0]LogConfig: Setting CVar [[r.FastBlurThreshold:100]]
[2021.11.20-18.56.05:387][  0]LogConfig: Setting CVar [[r.Upscale.Quality:3]]
[2021.11.20-18.56.05:387][  0]LogConfig: Setting CVar [[r.Tonemapper.GrainQuantization:1]]
[2021.11.20-18.56.05:387][  0]LogConfig: Setting CVar [[r.LightShaftQuality:1]]
[2021.11.20-18.56.05:387][  0]LogConfig: Setting CVar [[r.Filter.SizeScale:1]]
[2021.11.20-18.56.05:387][  0]LogConfig: Setting CVar [[r.Tonemapper.Quality:5]]
[2021.11.20-18.56.05:387][  0]LogConfig: Setting CVar [[r.DOF.Gather.AccumulatorQuality:1        ; higher gathering accumulator quality]]
[2021.11.20-18.56.05:387][  0]LogConfig: Setting CVar [[r.DOF.Gather.PostfilterMethod:1          ; Median3x3 postfilering method]]
[2021.11.20-18.56.05:387][  0]LogConfig: Setting CVar [[r.DOF.Gather.EnableBokehSettings:0       ; no bokeh simulation when gathering]]
[2021.11.20-18.56.05:387][  0]LogConfig: Setting CVar [[r.DOF.Gather.RingCount:4                 ; medium number of samples when gathering]]
[2021.11.20-18.56.05:387][  0]LogConfig: Setting CVar [[r.DOF.Scatter.ForegroundCompositing:1    ; additive foreground scattering]]
[2021.11.20-18.56.05:387][  0]LogConfig: Setting CVar [[r.DOF.Scatter.BackgroundCompositing:2    ; additive background scattering]]
[2021.11.20-18.56.05:387][  0]LogConfig: Setting CVar [[r.DOF.Scatter.EnableBokehSettings:1      ; bokeh simulation when scattering]]
[2021.11.20-18.56.05:387][  0]LogConfig: Setting CVar [[r.DOF.Scatter.MaxSpriteRatio:0.1         ; only a maximum of 10% of scattered bokeh]]
[2021.11.20-18.56.05:387][  0]LogConfig: Setting CVar [[r.DOF.Recombine.Quality:1                ; cheap slight out of focus]]
[2021.11.20-18.56.05:387][  0]LogConfig: Setting CVar [[r.DOF.Recombine.EnableBokehSettings:0    ; no bokeh simulation on slight out of focus]]
[2021.11.20-18.56.05:387][  0]LogConfig: Setting CVar [[r.DOF.TemporalAAQuality:1                ; more stable temporal accumulation]]
[2021.11.20-18.56.05:387][  0]LogConfig: Setting CVar [[r.DOF.Kernel.MaxForegroundRadius:0.025]]
[2021.11.20-18.56.05:387][  0]LogConfig: Setting CVar [[r.DOF.Kernel.MaxBackgroundRadius:0.025]]
[2021.11.20-18.56.05:387][  0]LogConfig: Applying CVar settings from Section [TextureQuality@3] File [C:/Users/Fabio/Documents/Unreal Projects/PuzzleBombUnreal/puzzleBomb/Saved/Config/Windows/Scalability.ini]
[2021.11.20-18.56.05:387][  0]LogConfig: Setting CVar [[r.Streaming.MipBias:0]]
[2021.11.20-18.56.05:387][  0]LogConfig: Setting CVar [[r.Streaming.AmortizeCPUToGPUCopy:0]]
[2021.11.20-18.56.05:387][  0]LogConfig: Setting CVar [[r.Streaming.MaxNumTexturesToStreamPerFrame:0]]
[2021.11.20-18.56.05:387][  0]LogConfig: Setting CVar [[r.Streaming.Boost:1]]
[2021.11.20-18.56.05:387][  0]LogConfig: Setting CVar [[r.MaxAnisotropy:8]]
[2021.11.20-18.56.05:387][  0]LogConfig: Setting CVar [[r.VT.MaxAnisotropy:8]]
[2021.11.20-18.56.05:387][  0]LogConfig: Setting CVar [[r.Streaming.LimitPoolSizeToVRAM:0]]
[2021.11.20-18.56.05:387][  0]LogConfig: Setting CVar [[r.Streaming.PoolSize:1000]]
[2021.11.20-18.56.05:387][  0]LogConfig: Setting CVar [[r.Streaming.MaxEffectiveScreenSize:0]]
[2021.11.20-18.56.05:387][  0]LogConfig: Applying CVar settings from Section [EffectsQuality@3] File [C:/Users/Fabio/Documents/Unreal Projects/PuzzleBombUnreal/puzzleBomb/Saved/Config/Windows/Scalability.ini]
[2021.11.20-18.56.05:387][  0]LogConfig: Setting CVar [[r.TranslucencyLightingVolumeDim:64]]
[2021.11.20-18.56.05:387][  0]LogConfig: Setting CVar [[r.RefractionQuality:2]]
[2021.11.20-18.56.05:387][  0]LogConfig: Setting CVar [[r.SSR.Quality:3]]
[2021.11.20-18.56.05:387][  0]LogConfig: Setting CVar [[r.SSR.HalfResSceneColor:0]]
[2021.11.20-18.56.05:387][  0]LogConfig: Setting CVar [[r.SceneColorFormat:4]]
[2021.11.20-18.56.05:387][  0]LogConfig: Setting CVar [[r.DetailMode:2]]
[2021.11.20-18.56.05:387][  0]LogConfig: Setting CVar [[r.TranslucencyVolumeBlur:1]]
[2021.11.20-18.56.05:387][  0]LogConfig: Setting CVar [[r.MaterialQualityLevel:1 ; High quality]]
[2021.11.20-18.56.05:387][  0]LogConfig: Setting CVar [[r.AnisotropicMaterials:1]]
[2021.11.20-18.56.05:387][  0]LogConfig: Setting CVar [[r.SSS.Scale:1]]
[2021.11.20-18.56.05:387][  0]LogConfig: Setting CVar [[r.SSS.SampleSet:2]]
[2021.11.20-18.56.05:387][  0]LogConfig: Setting CVar [[r.SSS.Quality:1]]
[2021.11.20-18.56.05:387][  0]LogConfig: Setting CVar [[r.SSS.HalfRes:0]]
[2021.11.20-18.56.05:387][  0]LogConfig: Setting CVar [[r.SSGI.Quality:3]]
[2021.11.20-18.56.05:387][  0]LogConfig: Setting CVar [[r.EmitterSpawnRateScale:1.0]]
[2021.11.20-18.56.05:387][  0]LogConfig: Setting CVar [[r.ParticleLightQuality:2]]
[2021.11.20-18.56.05:387][  0]LogConfig: Setting CVar [[r.SkyAtmosphere.AerialPerspectiveLUT.FastApplyOnOpaque:1 ; Always have FastSkyLUT 1 in this case to avoid wrong sky]]
[2021.11.20-18.56.05:387][  0]LogConfig: Setting CVar [[r.SkyAtmosphere.AerialPerspectiveLUT.SampleCountMaxPerSlice:4]]
[2021.11.20-18.56.05:387][  0]LogConfig: Setting CVar [[r.SkyAtmosphere.AerialPerspectiveLUT.DepthResolution:16.0]]
[2021.11.20-18.56.05:387][  0]LogConfig: Setting CVar [[r.SkyAtmosphere.FastSkyLUT:1]]
[2021.11.20-18.56.05:387][  0]LogConfig: Setting CVar [[r.SkyAtmosphere.FastSkyLUT.SampleCountMin:4.0]]
[2021.11.20-18.56.05:387][  0]LogConfig: Setting CVar [[r.SkyAtmosphere.FastSkyLUT.SampleCountMax:128.0]]
[2021.11.20-18.56.05:387][  0]LogConfig: Setting CVar [[r.SkyAtmosphere.SampleCountMin:4.0]]
[2021.11.20-18.56.05:387][  0]LogConfig: Setting CVar [[r.SkyAtmosphere.SampleCountMax:128.0]]
[2021.11.20-18.56.05:387][  0]LogConfig: Setting CVar [[r.SkyAtmosphere.TransmittanceLUT.UseSmallFormat:0]]
[2021.11.20-18.56.05:387][  0]LogConfig: Setting CVar [[r.SkyAtmosphere.TransmittanceLUT.SampleCount:10.0]]
[2021.11.20-18.56.05:387][  0]LogConfig: Setting CVar [[r.SkyAtmosphere.MultiScatteringLUT.SampleCount:15.0]]
[2021.11.20-18.56.05:387][  0]LogConfig: Setting CVar [[r.SkyLight.RealTimeReflectionCapture:1]]
[2021.11.20-18.56.05:387][  0]LogConfig: Applying CVar settings from Section [FoliageQuality@3] File [C:/Users/Fabio/Documents/Unreal Projects/PuzzleBombUnreal/puzzleBomb/Saved/Config/Windows/Scalability.ini]
[2021.11.20-18.56.05:387][  0]LogConfig: Setting CVar [[foliage.DensityScale:1.0]]
[2021.11.20-18.56.05:387][  0]LogConfig: Setting CVar [[grass.DensityScale:1.0]]
[2021.11.20-18.56.05:387][  0]LogConfig: Applying CVar settings from Section [ShadingQuality@3] File [C:/Users/Fabio/Documents/Unreal Projects/PuzzleBombUnreal/puzzleBomb/Saved/Config/Windows/Scalability.ini]
[2021.11.20-18.56.05:387][  0]LogConfig: Setting CVar [[r.HairStrands.SkyLighting.IntegrationType:2]]
[2021.11.20-18.56.05:387][  0]LogConfig: Setting CVar [[r.HairStrands.SkyAO.SampleCount:4]]
[2021.11.20-18.56.05:387][  0]LogConfig: Setting CVar [[r.HairStrands.Visibility.MSAA.SamplePerPixel:4]]
[2021.11.20-18.56.05:387][  0]LogInit: Selected Device Profile: [Windows]
[2021.11.20-18.56.05:387][  0]LogInit: Applying CVar settings loaded from the selected device profile: [Windows]
[2021.11.20-18.56.05:387][  0]LogHAL: Display: Platform has ~ 16 GB [17128067072 / 17179869184 / 16], which maps to Larger [LargestMinGB=32, LargerMinGB=12, DefaultMinGB=8, SmallerMinGB=6, SmallestMinGB=0)
[2021.11.20-18.56.05:387][  0]LogInit: Going up to parent DeviceProfile []
[2021.11.20-18.56.05:387][  0]LogConfig: Applying CVar settings from Section [ViewDistanceQuality@3] File [C:/Users/Fabio/Documents/Unreal Projects/PuzzleBombUnreal/puzzleBomb/Saved/Config/Windows/Scalability.ini]
[2021.11.20-18.56.05:387][  0]LogConfig: Setting CVar [[r.SkeletalMeshLODBias:0]]
[2021.11.20-18.56.05:387][  0]LogConfig: Setting CVar [[r.ViewDistanceScale:1.0]]
[2021.11.20-18.56.05:387][  0]LogConfig: Applying CVar settings from Section [AntiAliasingQuality@3] File [C:/Users/Fabio/Documents/Unreal Projects/PuzzleBombUnreal/puzzleBomb/Saved/Config/Windows/Scalability.ini]
[2021.11.20-18.56.05:387][  0]LogConfig: Setting CVar [[r.PostProcessAAQuality:4]]
[2021.11.20-18.56.05:387][  0]LogConfig: Applying CVar settings from Section [ShadowQuality@3] File [C:/Users/Fabio/Documents/Unreal Projects/PuzzleBombUnreal/puzzleBomb/Saved/Config/Windows/Scalability.ini]
[2021.11.20-18.56.05:388][  0]LogConfig: Setting CVar [[r.LightFunctionQuality:1]]
[2021.11.20-18.56.05:388][  0]LogConfig: Setting CVar [[r.ShadowQuality:5]]
[2021.11.20-18.56.05:388][  0]LogConfig: Setting CVar [[r.Shadow.CSM.MaxCascades:10]]
[2021.11.20-18.56.05:388][  0]LogConfig: Setting CVar [[r.Shadow.MaxResolution:2048]]
[2021.11.20-18.56.05:388][  0]LogConfig: Setting CVar [[r.Shadow.MaxCSMResolution:2048]]
[2021.11.20-18.56.05:388][  0]LogConfig: Setting CVar [[r.Shadow.RadiusThreshold:0.01]]
[2021.11.20-18.56.05:388][  0]LogConfig: Setting CVar [[r.Shadow.DistanceScale:1.0]]
[2021.11.20-18.56.05:388][  0]LogConfig: Setting CVar [[r.Shadow.CSM.TransitionScale:1.0]]
[2021.11.20-18.56.05:388][  0]LogConfig: Setting CVar [[r.Shadow.PreShadowResolutionFactor:1.0]]
[2021.11.20-18.56.05:388][  0]LogConfig: Setting CVar [[r.DistanceFieldShadowing:1]]
[2021.11.20-18.56.05:388][  0]LogConfig: Setting CVar [[r.DistanceFieldAO:1]]
[2021.11.20-18.56.05:388][  0]LogConfig: Setting CVar [[r.AOQuality:2]]
[2021.11.20-18.56.05:388][  0]LogConfig: Setting CVar [[r.VolumetricFog:1]]
[2021.11.20-18.56.05:388][  0]LogConfig: Setting CVar [[r.VolumetricFog.GridPixelSize:8]]
[2021.11.20-18.56.05:388][  0]LogConfig: Setting CVar [[r.VolumetricFog.GridSizeZ:128]]
[2021.11.20-18.56.05:388][  0]LogConfig: Setting CVar [[r.VolumetricFog.HistoryMissSupersampleCount:4]]
[2021.11.20-18.56.05:388][  0]LogConfig: Setting CVar [[r.LightMaxDrawDistanceScale:1]]
[2021.11.20-18.56.05:388][  0]LogConfig: Setting CVar [[r.CapsuleShadows:1]]
[2021.11.20-18.56.05:388][  0]LogConfig: Applying CVar settings from Section [PostProcessQuality@3] File [C:/Users/Fabio/Documents/Unreal Projects/PuzzleBombUnreal/puzzleBomb/Saved/Config/Windows/Scalability.ini]
[2021.11.20-18.56.05:388][  0]LogConfig: Setting CVar [[r.MotionBlurQuality:4]]
[2021.11.20-18.56.05:388][  0]LogConfig: Setting CVar [[r.AmbientOcclusionMipLevelFactor:0.4]]
[2021.11.20-18.56.05:388][  0]LogConfig: Setting CVar [[r.AmbientOcclusionMaxQuality:100]]
[2021.11.20-18.56.05:388][  0]LogConfig: Setting CVar [[r.AmbientOcclusionLevels:-1]]
[2021.11.20-18.56.05:388][  0]LogConfig: Setting CVar [[r.AmbientOcclusionRadiusScale:1.0]]
[2021.11.20-18.56.05:388][  0]LogConfig: Setting CVar [[r.DepthOfFieldQuality:2]]
[2021.11.20-18.56.05:388][  0]LogConfig: Setting CVar [[r.RenderTargetPoolMin:400]]
[2021.11.20-18.56.05:388][  0]LogConfig: Setting CVar [[r.LensFlareQuality:2]]
[2021.11.20-18.56.05:388][  0]LogConfig: Setting CVar [[r.SceneColorFringeQuality:1]]
[2021.11.20-18.56.05:388][  0]LogConfig: Setting CVar [[r.EyeAdaptationQuality:2]]
[2021.11.20-18.56.05:388][  0]LogConfig: Setting CVar [[r.BloomQuality:5]]
[2021.11.20-18.56.05:388][  0]LogConfig: Setting CVar [[r.FastBlurThreshold:100]]
[2021.11.20-18.56.05:388][  0]LogConfig: Setting CVar [[r.Upscale.Quality:3]]
[2021.11.20-18.56.05:388][  0]LogConfig: Setting CVar [[r.Tonemapper.GrainQuantization:1]]
[2021.11.20-18.56.05:388][  0]LogConfig: Setting CVar [[r.LightShaftQuality:1]]
[2021.11.20-18.56.05:388][  0]LogConfig: Setting CVar [[r.Filter.SizeScale:1]]
[2021.11.20-18.56.05:388][  0]LogConfig: Setting CVar [[r.Tonemapper.Quality:5]]
[2021.11.20-18.56.05:388][  0]LogConfig: Setting CVar [[r.DOF.Gather.AccumulatorQuality:1        ; higher gathering accumulator quality]]
[2021.11.20-18.56.05:388][  0]LogConfig: Setting CVar [[r.DOF.Gather.PostfilterMethod:1          ; Median3x3 postfilering method]]
[2021.11.20-18.56.05:388][  0]LogConfig: Setting CVar [[r.DOF.Gather.EnableBokehSettings:0       ; no bokeh simulation when gathering]]
[2021.11.20-18.56.05:388][  0]LogConfig: Setting CVar [[r.DOF.Gather.RingCount:4                 ; medium number of samples when gathering]]
[2021.11.20-18.56.05:388][  0]LogConfig: Setting CVar [[r.DOF.Scatter.ForegroundCompositing:1    ; additive foreground scattering]]
[2021.11.20-18.56.05:388][  0]LogConfig: Setting CVar [[r.DOF.Scatter.BackgroundCompositing:2    ; additive background scattering]]
[2021.11.20-18.56.05:388][  0]LogConfig: Setting CVar [[r.DOF.Scatter.EnableBokehSettings:1      ; bokeh simulation when scattering]]
[2021.11.20-18.56.05:388][  0]LogConfig: Setting CVar [[r.DOF.Scatter.MaxSpriteRatio:0.1         ; only a maximum of 10% of scattered bokeh]]
[2021.11.20-18.56.05:388][  0]LogConfig: Setting CVar [[r.DOF.Recombine.Quality:1                ; cheap slight out of focus]]
[2021.11.20-18.56.05:388][  0]LogConfig: Setting CVar [[r.DOF.Recombine.EnableBokehSettings:0    ; no bokeh simulation on slight out of focus]]
[2021.11.20-18.56.05:388][  0]LogConfig: Setting CVar [[r.DOF.TemporalAAQuality:1                ; more stable temporal accumulation]]
[2021.11.20-18.56.05:388][  0]LogConfig: Setting CVar [[r.DOF.Kernel.MaxForegroundRadius:0.025]]
[2021.11.20-18.56.05:388][  0]LogConfig: Setting CVar [[r.DOF.Kernel.MaxBackgroundRadius:0.025]]
[2021.11.20-18.56.05:388][  0]LogConfig: Applying CVar settings from Section [TextureQuality@3] File [C:/Users/Fabio/Documents/Unreal Projects/PuzzleBombUnreal/puzzleBomb/Saved/Config/Windows/Scalability.ini]
[2021.11.20-18.56.05:388][  0]LogConfig: Setting CVar [[r.Streaming.MipBias:0]]
[2021.11.20-18.56.05:388][  0]LogConfig: Setting CVar [[r.Streaming.AmortizeCPUToGPUCopy:0]]
[2021.11.20-18.56.05:388][  0]LogConfig: Setting CVar [[r.Streaming.MaxNumTexturesToStreamPerFrame:0]]
[2021.11.20-18.56.05:388][  0]LogConfig: Setting CVar [[r.Streaming.Boost:1]]
[2021.11.20-18.56.05:388][  0]LogConfig: Setting CVar [[r.MaxAnisotropy:8]]
[2021.11.20-18.56.05:388][  0]LogConfig: Setting CVar [[r.VT.MaxAnisotropy:8]]
[2021.11.20-18.56.05:388][  0]LogConfig: Setting CVar [[r.Streaming.LimitPoolSizeToVRAM:0]]
[2021.11.20-18.56.05:388][  0]LogConfig: Setting CVar [[r.Streaming.PoolSize:1000]]
[2021.11.20-18.56.05:388][  0]LogConfig: Setting CVar [[r.Streaming.MaxEffectiveScreenSize:0]]
[2021.11.20-18.56.05:388][  0]LogConfig: Applying CVar settings from Section [EffectsQuality@3] File [C:/Users/Fabio/Documents/Unreal Projects/PuzzleBombUnreal/puzzleBomb/Saved/Config/Windows/Scalability.ini]
[2021.11.20-18.56.05:388][  0]LogConfig: Setting CVar [[r.TranslucencyLightingVolumeDim:64]]
[2021.11.20-18.56.05:388][  0]LogConfig: Setting CVar [[r.RefractionQuality:2]]
[2021.11.20-18.56.05:388][  0]LogConfig: Setting CVar [[r.SSR.Quality:3]]
[2021.11.20-18.56.05:388][  0]LogConfig: Setting CVar [[r.SSR.HalfResSceneColor:0]]
[2021.11.20-18.56.05:388][  0]LogConfig: Setting CVar [[r.SceneColorFormat:4]]
[2021.11.20-18.56.05:388][  0]LogConfig: Setting CVar [[r.DetailMode:2]]
[2021.11.20-18.56.05:388][  0]LogConfig: Setting CVar [[r.TranslucencyVolumeBlur:1]]
[2021.11.20-18.56.05:388][  0]LogConfig: Setting CVar [[r.MaterialQualityLevel:1 ; High quality]]
[2021.11.20-18.56.05:388][  0]LogConfig: Setting CVar [[r.AnisotropicMaterials:1]]
[2021.11.20-18.56.05:388][  0]LogConfig: Setting CVar [[r.SSS.Scale:1]]
[2021.11.20-18.56.05:388][  0]LogConfig: Setting CVar [[r.SSS.SampleSet:2]]
[2021.11.20-18.56.05:388][  0]LogConfig: Setting CVar [[r.SSS.Quality:1]]
[2021.11.20-18.56.05:388][  0]LogConfig: Setting CVar [[r.SSS.HalfRes:0]]
[2021.11.20-18.56.05:388][  0]LogConfig: Setting CVar [[r.SSGI.Quality:3]]
[2021.11.20-18.56.05:388][  0]LogConfig: Setting CVar [[r.EmitterSpawnRateScale:1.0]]
[2021.11.20-18.56.05:388][  0]LogConfig: Setting CVar [[r.ParticleLightQuality:2]]
[2021.11.20-18.56.05:388][  0]LogConfig: Setting CVar [[r.SkyAtmosphere.AerialPerspectiveLUT.FastApplyOnOpaque:1 ; Always have FastSkyLUT 1 in this case to avoid wrong sky]]
[2021.11.20-18.56.05:388][  0]LogConfig: Setting CVar [[r.SkyAtmosphere.AerialPerspectiveLUT.SampleCountMaxPerSlice:4]]
[2021.11.20-18.56.05:388][  0]LogConfig: Setting CVar [[r.SkyAtmosphere.AerialPerspectiveLUT.DepthResolution:16.0]]
[2021.11.20-18.56.05:388][  0]LogConfig: Setting CVar [[r.SkyAtmosphere.FastSkyLUT:1]]
[2021.11.20-18.56.05:388][  0]LogConfig: Setting CVar [[r.SkyAtmosphere.FastSkyLUT.SampleCountMin:4.0]]
[2021.11.20-18.56.05:388][  0]LogConfig: Setting CVar [[r.SkyAtmosphere.FastSkyLUT.SampleCountMax:128.0]]
[2021.11.20-18.56.05:388][  0]LogConfig: Setting CVar [[r.SkyAtmosphere.SampleCountMin:4.0]]
[2021.11.20-18.56.05:388][  0]LogConfig: Setting CVar [[r.SkyAtmosphere.SampleCountMax:128.0]]
[2021.11.20-18.56.05:388][  0]LogConfig: Setting CVar [[r.SkyAtmosphere.TransmittanceLUT.UseSmallFormat:0]]
[2021.11.20-18.56.05:388][  0]LogConfig: Setting CVar [[r.SkyAtmosphere.TransmittanceLUT.SampleCount:10.0]]
[2021.11.20-18.56.05:388][  0]LogConfig: Setting CVar [[r.SkyAtmosphere.MultiScatteringLUT.SampleCount:15.0]]
[2021.11.20-18.56.05:388][  0]LogConfig: Setting CVar [[r.SkyLight.RealTimeReflectionCapture:1]]
[2021.11.20-18.56.05:388][  0]LogConfig: Applying CVar settings from Section [FoliageQuality@3] File [C:/Users/Fabio/Documents/Unreal Projects/PuzzleBombUnreal/puzzleBomb/Saved/Config/Windows/Scalability.ini]
[2021.11.20-18.56.05:388][  0]LogConfig: Setting CVar [[foliage.DensityScale:1.0]]
[2021.11.20-18.56.05:388][  0]LogConfig: Setting CVar [[grass.DensityScale:1.0]]
[2021.11.20-18.56.05:388][  0]LogConfig: Applying CVar settings from Section [ShadingQuality@3] File [C:/Users/Fabio/Documents/Unreal Projects/PuzzleBombUnreal/puzzleBomb/Saved/Config/Windows/Scalability.ini]
[2021.11.20-18.56.05:388][  0]LogConfig: Setting CVar [[r.HairStrands.SkyLighting.IntegrationType:2]]
[2021.11.20-18.56.05:388][  0]LogConfig: Setting CVar [[r.HairStrands.SkyAO.SampleCount:4]]
[2021.11.20-18.56.05:388][  0]LogConfig: Setting CVar [[r.HairStrands.Visibility.MSAA.SamplePerPixel:4]]
[2021.11.20-18.56.05:388][  0]LogConfig: Applying CVar settings from Section [Startup] File [../../../Engine/Config/ConsoleVariables.ini]
[2021.11.20-18.56.05:389][  0]LogConfig: Setting CVar [[net.UseAdaptiveNetUpdateFrequency:0]]
[2021.11.20-18.56.05:389][  0]LogConfig: Setting CVar [[p.chaos.AllowCreatePhysxBodies:1]]
[2021.11.20-18.56.05:389][  0]LogConfig: Setting CVar [[fx.SkipVectorVMBackendOptimizations:1]]
[2021.11.20-18.56.05:389][  0]LogConfig: Applying CVar settings from Section [ConsoleVariables] File [C:/Users/Fabio/Documents/Unreal Projects/PuzzleBombUnreal/puzzleBomb/Saved/Config/Windows/Engine.ini]
[2021.11.20-18.56.05:389][  0]LogConfig: Applying CVar settings from Section [ConsoleVariables] File [C:/Users/Fabio/Documents/Unreal Projects/PuzzleBombUnreal/puzzleBomb/Saved/Config/Windows/Editor.ini]
[2021.11.20-18.56.05:389][  0]LogInit: Computer: DESKTOP-B0DIE44
[2021.11.20-18.56.05:389][  0]LogInit: User: Fabio
[2021.11.20-18.56.05:389][  0]LogInit: CPU Page size=4096, Cores=8
[2021.11.20-18.56.05:389][  0]LogInit: High frequency timer resolution =10.000000 MHz
[2021.11.20-18.56.05:389][  0]LogMemory: Memory total: Physical=16.0GB (16GB approx)
[2021.11.20-18.56.05:389][  0]LogMemory: Platform Memory Stats for Windows
[2021.11.20-18.56.05:389][  0]LogMemory: Process Physical Memory: 152.87 MB used, 152.87 MB peak
[2021.11.20-18.56.05:389][  0]LogMemory: Process Virtual Memory: 123.46 MB used, 123.46 MB peak
[2021.11.20-18.56.05:389][  0]LogMemory: Physical Memory: 6952.86 MB used,  9381.73 MB free, 16334.60 MB total
[2021.11.20-18.56.05:389][  0]LogMemory: Virtual Memory: 134210640.00 MB used,  7085.58 MB free, 134217728.00 MB total
[2021.11.20-18.56.05:394][  0]LogWindows: WindowsPlatformFeatures enabled
[2021.11.20-18.56.05:413][  0]LogInit: Physics initialised using underlying interface: PhysX
[2021.11.20-18.56.05:413][  0]LogInit: Using OS detected language (pt-PT).
[2021.11.20-18.56.05:413][  0]LogInit: Using OS detected locale (pt-PT).
[2021.11.20-18.56.05:415][  0]LogTextLocalizationManager: No localization for 'pt-PT' exists, so 'en' will be used for the language.
[2021.11.20-18.56.05:570][  0]LogInit: Setting process to per monitor DPI aware
[2021.11.20-18.56.05:627][  0]LogWindowsTextInputMethodSystem: Display: IME system deactivated.
[2021.11.20-18.56.05:636][  0]LogSlate: New Slate User Created.  User Index 0, Is Virtual User: 0
[2021.11.20-18.56.05:636][  0]LogSlate: Slate User Registered.  User Index 0, Is Virtual User: 0
[2021.11.20-18.56.05:723][  0]LogD3D11RHI: Loaded GFSDK_Aftermath_Lib.x64.dll
[2021.11.20-18.56.05:727][  0]LogHMD: Failed to initialize OpenVR with code 110
[2021.11.20-18.56.05:727][  0]LogD3D11RHI: D3D11 min allowed feature level: 11_0
[2021.11.20-18.56.05:727][  0]LogD3D11RHI: D3D11 max allowed feature level: 11_0
[2021.11.20-18.56.05:727][  0]LogD3D11RHI: D3D11 adapters:
[2021.11.20-18.56.05:775][  0]LogD3D11RHI:    0. 'Radeon (TM) RX 480 Graphics' (Feature Level 11_0)
[2021.11.20-18.56.05:775][  0]LogD3D11RHI:       8171/0/8167 MB DedicatedVideo/DedicatedSystem/SharedSystem, Outputs:2, VendorId:0x1002
[2021.11.20-18.56.05:777][  0]LogD3D11RHI:    1. 'Microsoft Basic Render Driver' (Feature Level 11_0)
[2021.11.20-18.56.05:777][  0]LogD3D11RHI:       0/0/8167 MB DedicatedVideo/DedicatedSystem/SharedSystem, Outputs:0, VendorId:0x1414
[2021.11.20-18.56.05:777][  0]LogD3D11RHI: Chosen D3D11 Adapter:
[2021.11.20-18.56.05:777][  0]LogD3D11RHI:     Description : Radeon (TM) RX 480 Graphics
[2021.11.20-18.56.05:777][  0]LogD3D11RHI:     VendorId    : 1002
[2021.11.20-18.56.05:777][  0]LogD3D11RHI:     DeviceId    : 67df
[2021.11.20-18.56.05:777][  0]LogD3D11RHI:     SubSysId    : e347174b
[2021.11.20-18.56.05:777][  0]LogD3D11RHI:     Revision    : 00c7
[2021.11.20-18.56.05:777][  0]LogD3D11RHI:     DedicatedVideoMemory : 8568401920 bytes
[2021.11.20-18.56.05:777][  0]LogD3D11RHI:     DedicatedSystemMemory : 0 bytes
[2021.11.20-18.56.05:777][  0]LogD3D11RHI:     SharedSystemMemory : 8564033536 bytes
[2021.11.20-18.56.05:777][  0]LogD3D11RHI:     AdapterLuid : 0 62029
[2021.11.20-18.56.05:784][  0]LogD3D11RHI: Creating new Direct3DDevice
[2021.11.20-18.56.05:784][  0]LogD3D11RHI:     GPU DeviceId: 0x67df (for the marketing name, search the web for "GPU Device Id")
[2021.11.20-18.56.05:784][  0]LogWindows: EnumDisplayDevices:
[2021.11.20-18.56.05:784][  0]LogWindows:    0. 'Radeon (TM) RX 480 Graphics' (P:1 D:1)
[2021.11.20-18.56.05:784][  0]LogWindows:    1. 'Radeon (TM) RX 480 Graphics' (P:0 D:1)
[2021.11.20-18.56.05:784][  0]LogWindows:    2. 'Radeon (TM) RX 480 Graphics' (P:0 D:0)
[2021.11.20-18.56.05:784][  0]LogWindows:    3. 'Radeon (TM) RX 480 Graphics' (P:0 D:0)
[2021.11.20-18.56.05:785][  0]LogWindows:    4. 'Radeon (TM) RX 480 Graphics' (P:0 D:0)
[2021.11.20-18.56.05:785][  0]LogWindows:    5. 'Radeon (TM) RX 480 Graphics' (P:0 D:0)
[2021.11.20-18.56.05:785][  0]LogWindows:    6. 'Radeon (TM) RX 480 Graphics' (P:0 D:0)
[2021.11.20-18.56.05:785][  0]LogWindows: DebugString: FoundDriverCount:7 
[2021.11.20-18.56.05:785][  0]LogD3D11RHI:     Adapter Name: Radeon (TM) RX 480 Graphics
[2021.11.20-18.56.05:785][  0]LogD3D11RHI:   Driver Version: Adrenalin 21.30.23.01 (internal:30.0.13023.1012, unified:30.0.13023.1012)
[2021.11.20-18.56.05:785][  0]LogD3D11RHI:      Driver Date: 10-18-2021
[2021.11.20-18.56.05:785][  0]LogRHI: Texture pool is 5182 MB (70% of 7403 MB)
[2021.11.20-18.56.05:812][  0]LogD3D11RHI: Creating D3DDevice with AMD AGS, using adapter:
[2021.11.20-18.56.05:812][  0]LogD3D11RHI:     Description : Radeon (TM) RX 480 Graphics
[2021.11.20-18.56.05:812][  0]LogD3D11RHI:     VendorId    : 1002
[2021.11.20-18.56.05:812][  0]LogD3D11RHI:     DeviceId    : 67df
[2021.11.20-18.56.05:812][  0]LogD3D11RHI:     SubSysId    : e347174b
[2021.11.20-18.56.05:812][  0]LogD3D11RHI:     Revision    : 00c7
[2021.11.20-18.56.05:812][  0]LogD3D11RHI:     DedicatedVideoMemory : 8568401920 bytes
[2021.11.20-18.56.05:812][  0]LogD3D11RHI:     DedicatedSystemMemory : 0 bytes
[2021.11.20-18.56.05:812][  0]LogD3D11RHI:     SharedSystemMemory : 8564033536 bytes
[2021.11.20-18.56.05:812][  0]LogD3D11RHI:     AdapterLuid : 0 62029
[2021.11.20-18.56.05:847][  0]LogD3D11RHI: Created device via AGS, feature level 11_0, supported extensions 1fffffbf.
[2021.11.20-18.56.05:847][  0]LogD3D11RHI: RHI has support for 64 bit atomics
[2021.11.20-18.56.05:847][  0]LogD3D11RHI: Async texture creation enabled
[2021.11.20-18.56.05:847][  0]LogD3D11RHI: Array index from any shader is supported
[2021.11.20-18.56.05:858][  0]LogD3D11RHI: GPU Timing Frequency: 25.000000 (Debug: 2 1)
[2021.11.20-18.56.06:086][  0]LogTargetPlatformManager: Display: Loaded TargetPlatform 'AllDesktop'
[2021.11.20-18.56.06:106][  0]LogTargetPlatformManager: Display: Loaded TargetPlatform 'Android'
[2021.11.20-18.56.06:106][  0]LogTargetPlatformManager: Display: Loaded TargetPlatform 'Android_ASTC'
[2021.11.20-18.56.06:106][  0]LogTargetPlatformManager: Display: Loaded TargetPlatform 'Android_DXT'
[2021.11.20-18.56.06:106][  0]LogTargetPlatformManager: Display: Loaded TargetPlatform 'Android_ETC2'
[2021.11.20-18.56.06:106][  0]LogTargetPlatformManager: Display: Loaded TargetPlatform 'AndroidClient'
[2021.11.20-18.56.06:106][  0]LogTargetPlatformManager: Display: Loaded TargetPlatform 'Android_ASTCClient'
[2021.11.20-18.56.06:106][  0]LogTargetPlatformManager: Display: Loaded TargetPlatform 'Android_DXTClient'
[2021.11.20-18.56.06:106][  0]LogTargetPlatformManager: Display: Loaded TargetPlatform 'Android_ETC2Client'
[2021.11.20-18.56.06:106][  0]LogTargetPlatformManager: Display: Loaded TargetPlatform 'Android_Multi'
[2021.11.20-18.56.06:106][  0]LogTargetPlatformManager: Display: Loaded TargetPlatform 'Android_MultiClient'
[2021.11.20-18.56.06:122][  0]LogTargetPlatformManager: Display: Loaded TargetPlatform 'IOSClient'
[2021.11.20-18.56.06:122][  0]LogTargetPlatformManager: Display: Loaded TargetPlatform 'IOS'
[2021.11.20-18.56.06:130][  0]LogTargetPlatformManager: Display: Loaded TargetPlatform 'Linux'
[2021.11.20-18.56.06:134][  0]LogTargetPlatformManager: Display: Loaded TargetPlatform 'LinuxNoEditor'
[2021.11.20-18.56.06:139][  0]LogTargetPlatformManager: Display: Loaded TargetPlatform 'LinuxClient'
[2021.11.20-18.56.06:143][  0]LogTargetPlatformManager: Display: Loaded TargetPlatform 'LinuxServer'
[2021.11.20-18.56.06:150][  0]LogTargetPlatformManager: Display: Loaded TargetPlatform 'LinuxAArch64NoEditor'
[2021.11.20-18.56.06:154][  0]LogTargetPlatformManager: Display: Loaded TargetPlatform 'LinuxAArch64Client'
[2021.11.20-18.56.06:158][  0]LogTargetPlatformManager: Display: Loaded TargetPlatform 'LinuxAArch64Server'
[2021.11.20-18.56.06:177][  0]LogTargetPlatformManager: Display: Loaded TargetPlatform 'Lumin'
[2021.11.20-18.56.06:177][  0]LogTargetPlatformManager: Display: Loaded TargetPlatform 'LuminClient'
[2021.11.20-18.56.06:184][  0]LogTargetPlatformManager: Display: Loaded TargetPlatform 'MacNoEditor'
[2021.11.20-18.56.06:188][  0]LogTargetPlatformManager: Display: Loaded TargetPlatform 'Mac'
[2021.11.20-18.56.06:192][  0]LogTargetPlatformManager: Display: Loaded TargetPlatform 'MacClient'
[2021.11.20-18.56.06:196][  0]LogTargetPlatformManager: Display: Loaded TargetPlatform 'MacServer'
[2021.11.20-18.56.06:204][  0]LogTargetPlatformManager: Display: Loaded TargetPlatform 'TVOSClient'
[2021.11.20-18.56.06:204][  0]LogTargetPlatformManager: Display: Loaded TargetPlatform 'TVOS'
[2021.11.20-18.56.06:212][  0]LogTargetPlatformManager: Display: Loaded TargetPlatform 'WindowsNoEditor'
[2021.11.20-18.56.06:216][  0]LogTargetPlatformManager: Display: Loaded TargetPlatform 'Windows'
[2021.11.20-18.56.06:220][  0]LogTargetPlatformManager: Display: Loaded TargetPlatform 'WindowsClient'
[2021.11.20-18.56.06:224][  0]LogTargetPlatformManager: Display: Loaded TargetPlatform 'WindowsServer'
[2021.11.20-18.56.06:224][  0]LogTargetPlatformManager: Display: Building Assets For Windows
[2021.11.20-18.56.06:230][  0]LogAudioDebug: Display: Lib vorbis DLL was dynamically loaded.
[2021.11.20-18.56.06:254][  0]LogTextureFormatOodle: Display: Oodle Texture 2.9.0 init RDO Off
[2021.11.20-18.56.06:281][  0]LogRendererCore: Ray tracing is disabled. Reason: r.RayTracing=0.
[2021.11.20-18.56.06:281][  0]LogShaderCompilers: Guid format shader working directory is -22 characters bigger than the processId version (C:/Users/Fabio/Documents/Unreal Projects/PuzzleBombUnreal/puzzleBomb/Intermediate/Shaders/WorkingDirectory/7336/).
[2021.11.20-18.56.06:281][  0]LogShaderCompilers: Cleaned the shader compiler working directory 'C:/Users/Fabio/AppData/Local/Temp/UnrealShaderWorkingDir/8C2E9BE244EC06B077E6BE94298112C9/'.
[2021.11.20-18.56.06:281][  0]LogXGEController: Cannot use XGE Controller as Incredibuild is not installed on this machine.
[2021.11.20-18.56.06:281][  0]LogShaderCompilers: Cannot use XGE Shader Compiler as Incredibuild is not installed on this machine.
[2021.11.20-18.56.06:281][  0]LogShaderCompilers: Display: Using Local Shader Compiler.
[2021.11.20-18.56.06:921][  0]LogDerivedDataCache: Display: Max Cache Size: 512 MB
[2021.11.20-18.56.06:978][  0]LogDerivedDataCache: Loaded boot cache 0.06s 94MB C:/Users/Fabio/AppData/Local/UnrealEngine/4.27/DerivedDataCache/Boot.ddc.
[2021.11.20-18.56.06:978][  0]LogDerivedDataCache: Display: Loaded Boot cache: C:/Users/Fabio/AppData/Local/UnrealEngine/4.27/DerivedDataCache/Boot.ddc
[2021.11.20-18.56.06:978][  0]LogDerivedDataCache: FDerivedDataBackendGraph:  Pak pak cache file C:/Users/Fabio/Documents/Unreal Projects/PuzzleBombUnreal/puzzleBomb/DerivedDataCache/DDC.ddp not found, will not use a pak cache.
[2021.11.20-18.56.06:978][  0]LogDerivedDataCache: Unable to find inner node Pak for hierarchical cache Hierarchy.
[2021.11.20-18.56.06:978][  0]LogDerivedDataCache: FDerivedDataBackendGraph:  CompressedPak pak cache file C:/Users/Fabio/Documents/Unreal Projects/PuzzleBombUnreal/puzzleBomb/DerivedDataCache/Compressed.ddp not found, will not use a pak cache.
[2021.11.20-18.56.06:978][  0]LogDerivedDataCache: Unable to find inner node CompressedPak for hierarchical cache Hierarchy.
[2021.11.20-18.56.06:995][  0]LogDerivedDataCache: Display: Pak cache opened for reading ../../../Engine/DerivedDataCache/Compressed.ddp.
[2021.11.20-18.56.06:995][  0]LogDerivedDataCache: FDerivedDataBackendGraph:  EnterprisePak pak cache file ../../../Enterprise/DerivedDataCache/Compressed.ddp not found, will not use a pak cache.
[2021.11.20-18.56.06:995][  0]LogDerivedDataCache: Unable to find inner node EnterprisePak for hierarchical cache Hierarchy.
[2021.11.20-18.56.07:011][  0]LogDerivedDataCache: Speed tests for C:/Users/Fabio/AppData/Local/UnrealEngine/Common/DerivedDataCache took 0.02 seconds
[2021.11.20-18.56.07:011][  0]LogDerivedDataCache: Display: Performance to C:/Users/Fabio/AppData/Local/UnrealEngine/Common/DerivedDataCache: Latency=0.02ms. RandomReadSpeed=1927.61MBs, RandomWriteSpeed=60.75MBs. Assigned SpeedClass 'Local'
[2021.11.20-18.56.07:012][  0]LogDerivedDataCache: Using Local data cache path C:/Users/Fabio/AppData/Local/UnrealEngine/Common/DerivedDataCache: Writable
[2021.11.20-18.56.07:012][  0]LogDerivedDataCache: Shared data cache path not found in *engine.ini, will not use an Shared cache.
[2021.11.20-18.56.07:012][  0]LogDerivedDataCache: Unable to find inner node Shared for hierarchical cache Hierarchy.
[2021.11.20-18.56.07:056][  0]LogSlate: Using FreeType 2.10.0
[2021.11.20-18.56.07:057][  0]LogSlate: SlateFontServices - WITH_FREETYPE: 1, WITH_HARFBUZZ: 1
[2021.11.20-18.56.07:075][  0]LogAssetRegistry: FAssetRegistry took 0.0028 seconds to start up
[2021.11.20-18.56.07:285][  0]LogInit: Selected Device Profile: [Windows]
[2021.11.20-18.56.07:285][  0]LogInit: Active device profile: [0000018F85E1CF00][0000018F841AAD80 49] Windows
[2021.11.20-18.56.07:285][  0]LogInit: Profiles: [0000018F85E1CF00][0000018F841AAD80 49] Windows, [0000018F85DD6600][0000018FFD8D8F00 49] WindowsNoEditor, [0000018F85E1DF00][0000018FFD8DD080 49] WindowsServer, [0000018F85DD5800][0000018FFD8E1200 49] WindowsClient, [0000018F85E1D000][0000018FFD8E5380 49] IOS, [0000018F85DD7C00][0000018FFD8E9500 49] iPadAir, [0000018F85E1F300][0000018FFD8ED680 49] iPadAir2, [0000018F85D7D300][0000018FFD8F5940 49] IPadPro, [0000018F85D7D400][0000018FFD8F1980 49] iPadAir3, [0000018F85DD4B00][0000018FFD8F9B00 49] iPadAir4, [0000018F85D7E100][0000018FFD8FC100 49] iPadMini2, [0000018F85DD7600][0000018FFD900280 49] iPadMini3, [0000018F85D7EC00][0000018F827AA400 49] iPadMini4, [0000018F85DD6900][0000018F827AE580 49] iPadMini5, [0000018F85D94E00][0000018F827B6840 49] iPhone6, [0000018F85D94F00][0000018F827B2880 49] iPodTouch6, [0000018F85E1E800][0000018F827BAAC0 49] iPhone7, [0000018F85E1E900][0000018FFD8D4B00 49] iPodTouch7, [0000018F85D7CC00][0000018F827BEC40 49] iPhone5S, [0000018F85E1D300][0000018F827C2D80 49] iPhone6Plus, [0000018F85D7EA00][0000018F827CAF00 49] iPhone6S, [0000018F85E1ED00][0000018F827CF080 49] iPhone6SPlus, [0000018F85D94100][0000018F827D3200 49] iPhone7Plus, [0000018F85D7DD00][0000018F827D7380 49] iPhoneSE, [0000018F85D94C00][0000018F827DB500 49] iPhone8, [0000018F85D7C400][0000018F827DF680 49] iPhone8Plus, [0000018F85D96A00][0000018FFD7E5800 49] iPhoneX, [0000018F85D7FC00][0000018FFD7E9980 49] iPhoneXS, [0000018F85D96900][0000018FFD7EDB00 49] iPhoneXSMax, [0000018F85D7CB00][0000018FFD7F0100 49] iPhoneXR, [0000018F85E1F800][0000018FFD7F4280 49] iPhone11, [0000018F85D7FD00][0000018FFD7F8400 49] iPhone11Pro, [0000018F85E1DC00][0000018FFD7FC580 49] iPhone11ProMax, [0000018F85D7D100][0000018FFD800700 49] iPhoneSE2, [0000018F85E1D200][0000018FFD804880 49] iPhone12Mini, [0000018F85D7F100][0000018FFD808A00 49] iPhone12, [0000018F85E1C900][0000018F827C6B40 49] iPhone12Pro, [0000018F85D7CD00][0000018FFD80CC80 49] iPhone12ProMax, [0000018F85E1FC00][0000018FFD810DC0 49] iPadPro105, [0000018F85D7F700][0000018FFD814F00 49] iPadPro129, [0000018F85E1F000][0000018FFD81D080 49] iPadPro97, [0000018F85D7CF00][0000018FFD821200 49] iPadPro2_129, [0000018F85E1CC00][0000018FFD825380 49] iPad5, [0000018F85D7FB00][0000018FFD829500 49] iPad6, [0000018F85E1C400][0000018FFD82D680 49] iPad7, [0000018F85D7FE00][0000018FFD831800 49] iPad8, [0000018F85E1DB00][0000018FFD835980 49] iPadPro11, [0000018F85D7E400][0000018FFD839B00 49] iPadPro2_11, [0000018F85E1C800][0000018FFD83C100 49] iPadPro3_129, [0000018F85D7E800][0000018FFD840280 49] iPadPro4_129, [0000018F85E1EF00][0000018FFD844400 49] AppleTV, [0000018F85D7D200][0000018FFD848580 49] AppleTV4K, [0000018F85E1D700][0000018FFD84C700 49] TVOS, [0000018F85D7F600][0000018FFD850880 49] Mac, [0000018F85E1FA00][0000018FFD854A00 49] MacClient, [0000018F85D7E500][0000018FFD858B80 49] MacNoEditor, [0000018F85E1C500][0000018FFD85CD00 49] MacServer, [0000018F85D7E000][0000018FFD818E40 49] Linux, [0000018F85E1FB00][0000018FFD860F80 49] LinuxAArch64, [0000018F85D7C300][0000018FFD8650C0 49] LinuxNoEditor, [0000018F85E1F700][0000018FFD86D240 49] LinuxAArch64NoEditor, [0000018F85D7E600][0000018FFD8713C0 49] LinuxClient, [0000018F85E1E600][0000018FFD875540 49] LinuxAArch64Client, [0000018F85D7DA00][0000018FFD8796C0 49] LinuxServer, [0000018F85E1C200][0000018FFD87D840 49] LinuxAArch64Server, [0000018F85D7D600][0000018FFD8819C0 49] Android, [0000018F85E1E100][0000018FFD885B40 49] Android_Low, [0000018F85D7F800][0000018FFD888140 49] Android_Mid, [0000018F85E1C600][0000018FFD88C2C0 49] Android_High, [0000018F85D7E300][0000018FFD890440 49] Android_Default, [0000018F85E1E300][0000018FFD8945C0 49] Android_Adreno4xx, [0000018F85D7F000][0000018F86412740 49] Android_Adreno5xx_Low, [0000018F85E1EA00][0000018F864168C0 49] Android_Adreno5xx, [0000018F85D7C100][0000018F8641AA40 49] Android_Adreno6xx, [0000018F85E1CB00][0000018F8641EBC0 49] Android_Adreno6xx_Vulkan, [0000018F85D7CA00][0000018F86422D40 49] Android_Mali_T6xx, [0000018F85E1C700][0000018F86426EC0 49] Android_Mali_T7xx, [0000018F85DD5C00][0000018FFD869000 49] Android_Mali_T8xx, [0000018F85D94300][0000018F8642B140 49] Android_Mali_G71, [0000018F85DD4600][0000018F8642F280 49] Android_Mali_G72, [0000018F85D95200][0000018F864333C0 49] Android_Mali_G72_Vulkan, [0000018F85DD5400][0000018F8643B540 49] Android_Mali_G76, [0000018F85D94700][0000018F8643F6C0 49] Android_Mali_G76_Vulkan, [0000018F85DD7F00][0000018F86443840 49] Android_Mali_G77, [0000018F85D97B00][0000018F864479C0 49] Android_Mali_G77_Vulkan, [0000018F85DD5D00][0000018F8644BB40 49] Android_Mali_G78, [0000018F85D97100][0000018F8644E140 49] Android_Mali_G78_Vulkan, [0000018F85DD7B00][0000018F864522C0 49] Android_Mali_G710, [0000018F85D96C00][0000018F86456440 49] Android_Mali_G710_Vulkan, [0000018F85DD7800][0000018F8645A5C0 49] Android_Vulkan_SM5, [0000018F85D97800][0000018F8645E740 49] Android_PowerVR_G6xxx, [0000018F85DD5B00][0000018F864628C0 49] Android_PowerVR_GT7xxx, [0000018F85D95D00][0000018F86466A40 49] Android_PowerVR_GE8xxx, [0000018F85DD6F00][0000018F8646ABC0 49] Android_PowerVR_GM9xxx, [0000018F85D94800][0000018F8646ED40 49] Android_PowerVR_GM9xxx_Vulkan, [0000018F85DD5E00][0000018F86472EC0 49] Android_TegraK1, [0000018F85D95000][0000018F86477040 49] Android_Unknown_Vulkan, [0000018F85DD6500][0000018F86437180 49] Lumin, [0000018F85D97E00][0000018F8647B2C0 49] Lumin_Desktop, [0000018F85DD6D00][0000018F8647F400 49] HoloLens, 
[2021.11.20-18.56.07:391][  0]LogMeshReduction: Using QuadricMeshReduction for automatic static mesh reduction
[2021.11.20-18.56.07:391][  0]LogMeshReduction: Using SimplygonMeshReduction for automatic skeletal mesh reduction
[2021.11.20-18.56.07:391][  0]LogMeshReduction: Using ProxyLODMeshReduction for automatic mesh merging
[2021.11.20-18.56.07:391][  0]LogMeshReduction: No distributed automatic mesh merging module available
[2021.11.20-18.56.07:391][  0]LogMeshMerging: No distributed automatic mesh merging module available
[2021.11.20-18.56.07:403][  0]LogNetVersion: puzzleBomb 1.0.0, NetCL: 17155196, EngineNetVer: 17, GameNetVer: 0 (Checksum: 2720733573)
[2021.11.20-18.56.07:726][  0]LogTexture: Default maximum texture size for cubemaps generated from long-lat sources has been changed from 512 to unlimited. In order to preserve old behaiour for '/Engine/MapTemplates/Sky/DaylightAmbientCubemap.DaylightAmbientCubemap', its maximum texture size has been explicitly set to 512.
[2021.11.20-18.56.08:049][  0]LogHMD: PokeAHoleMaterial loaded successfully
[2021.11.20-18.56.08:055][  0]LogUObjectArray: 17178 objects as part of root set at end of initial load.
[2021.11.20-18.56.08:055][  0]LogUObjectAllocator: 4301856 out of 0 bytes used by permanent object pool.
[2021.11.20-18.56.08:055][  0]LogUObjectArray: CloseDisregardForGC: 0/0 objects in disregard for GC pool
[2021.11.20-18.56.08:257][  0]LogNiagaraDebuggerClient: Niagara Debugger Client Initialized | Session: 4460FDFF4F25CACFD7ECF4AE72E099A1 | Instance: FC06C063453B65364B5A61AFE445CB22 (DESKTOP-B0DIE44-7336).
[2021.11.20-18.56.08:288][  0]LogImageWrapper: Warning: PNG Warning: Duplicate iCCP chunk
[2021.11.20-18.56.08:288][  0]LogImageWrapper: Warning: PNG Warning: Duplicate iCCP chunk
[2021.11.20-18.56.08:288][  0]LogPython: Using Python 3.7.7
[2021.11.20-18.56.09:102][  0]LogUdpMessaging: Initializing bridge on interface 0.0.0.0:0 to multicast group 230.0.0.1:6666.
[2021.11.20-18.56.09:108][  0]LogTcpMessaging: Initializing TcpMessaging bridge
[2021.11.20-18.56.09:326][  0]SourceControl: Source control is disabled
[2021.11.20-18.56.09:326][  0]SourceControl: Source control is disabled
[2021.11.20-18.56.09:335][  0]SourceControl: Source control is disabled
[2021.11.20-18.56.09:337][  0]SourceControl: Source control is disabled
[2021.11.20-18.56.09:344][  0]SourceControl: Source control is disabled
[2021.11.20-18.56.09:346][  0]LogUProjectInfo: Found projects:
[2021.11.20-18.56.09:468][  0]LogOpenImageDenoise: OIDN starting up
[2021.11.20-18.56.09:517][  0]LogAndroidPermission: UAndroidPermissionCallbackProxy::GetInstance
[2021.11.20-18.56.09:532][  0]LogAudioCaptureCore: Display: No Audio Capture implementations found. Audio input will be silent.
[2021.11.20-18.56.09:532][  0]LogAudioCaptureCore: Display: No Audio Capture implementations found. Audio input will be silent.
[2021.11.20-18.56.09:700][  0]LogOcInput: OculusInput pre-init called
[2021.11.20-18.56.09:840][  0]LogImageWrapper: Warning: PNG Warning: Duplicate iCCP chunk
[2021.11.20-18.56.09:840][  0]LogImageWrapper: Warning: PNG Warning: Duplicate iCCP chunk
[2021.11.20-18.56.09:840][  0]LogCollectionManager: Loaded 0 collections in 0.000653 seconds
[2021.11.20-18.56.09:899][  0]LogFileCache: Scanning file cache for directory 'C:/Users/Fabio/Documents/Unreal Projects/PuzzleBombUnreal/puzzleBomb/Saved/Collections/' took 0.00s
[2021.11.20-18.56.09:899][  0]LogFileCache: Scanning file cache for directory 'C:/Users/Fabio/Documents/Unreal Projects/PuzzleBombUnreal/puzzleBomb/Content/Developers/Fabio/Collections/' took 0.00s
[2021.11.20-18.56.09:899][  0]LogFileCache: Scanning file cache for directory 'C:/Users/Fabio/Documents/Unreal Projects/PuzzleBombUnreal/puzzleBomb/Content/Collections/' took 0.00s
[2021.11.20-18.56.09:899][  0]LogEngine: Initializing Engine...
[2021.11.20-18.56.11:104][  0]LogHMD: Failed to enumerate extensions. Please check that you have a valid OpenXR runtime installed.
[2021.11.20-18.56.11:227][  0]LogHMD: Failed to initialize OpenVR with code 110
[2021.11.20-18.56.11:281][  0]LogMagicLeap: Warning: VR disabled because ZI is not enabled.  To enable, in the editor, Edit -> Project Settings -> Plugins -> Magic Leap Plugin -> Enable Zero Iteration
[2021.11.20-18.56.11:281][  0]LogStats: UGameplayTagsManager::InitializeManager -  0.000 s
[2021.11.20-18.56.11:388][  0]LogInit: Initializing FReadOnlyCVARCache
[2021.11.20-18.56.11:396][  0]LogAIModule: Creating AISystem for world Untitled
[2021.11.20-18.56.11:404][  0]LogAudio: Display: Initializing Audio Device Manager...
[2021.11.20-18.56.11:408][  0]LogAudio: Display: Loading Default Audio Settings Objects...
[2021.11.20-18.56.11:408][  0]LogAudio: Display: No default SoundConcurrencyObject specified (or failed to load).
[2021.11.20-18.56.11:409][  0]LogAudio: Display: Audio Device Manager Initialized
[2021.11.20-18.56.11:409][  0]LogAudio: Display: Creating Audio Device:                 Id: 1, Scope: Shared, Realtime: True
[2021.11.20-18.56.11:409][  0]LogAudioMixer: Display: Audio Mixer Platform Settings:
[2021.11.20-18.56.11:409][  0]LogAudioMixer: Display: 	Sample Rate:						  48000
[2021.11.20-18.56.11:409][  0]LogAudioMixer: Display: 	Callback Buffer Frame Size Requested: 1024
[2021.11.20-18.56.11:409][  0]LogAudioMixer: Display: 	Callback Buffer Frame Size To Use:	  1024
[2021.11.20-18.56.11:409][  0]LogAudioMixer: Display: 	Number of buffers to queue:			  2
[2021.11.20-18.56.11:409][  0]LogAudioMixer: Display: 	Max Channels (voices):				  32
[2021.11.20-18.56.11:409][  0]LogAudioMixer: Display: 	Number of Async Source Workers:		  0
[2021.11.20-18.56.11:409][  0]LogAudio: Display: AudioDevice MaxSources: 32
[2021.11.20-18.56.11:409][  0]LogAudio: Display: Audio Spatialization Plugin: None (built-in).
[2021.11.20-18.56.11:409][  0]LogAudio: Display: Audio Reverb Plugin: None (built-in).
[2021.11.20-18.56.11:409][  0]LogAudio: Display: Audio Occlusion Plugin: None (built-in).
[2021.11.20-18.56.11:409][  0]LogAudioMixer: Display: Initializing audio mixer.
[2021.11.20-18.56.11:419][  0]LogAudioMixer: Display: 0: FrontLeft
[2021.11.20-18.56.11:419][  0]LogAudioMixer: Display: 1: FrontRight
[2021.11.20-18.56.11:435][  0]LogAudioMixer: Display: Using Audio Device Altifalantes (Realtek High Definition Audio)
[2021.11.20-18.56.11:438][  0]LogAudioMixer: Display: Initializing Sound Submixes...
[2021.11.20-18.56.11:439][  0]LogAudioMixer: Display: Creating Master Submix 'MasterSubmixDefault'
[2021.11.20-18.56.11:439][  0]LogAudioMixer: Display: Creating Master Submix 'MasterReverbSubmixDefault'
[2021.11.20-18.56.11:440][  0]LogAudioMixer: Display: Creating Master Submix 'MasterEQSubmixDefault'
[2021.11.20-18.56.11:440][  0]LogAudioMixer: FMixerPlatformXAudio2::StartAudioStream() called
[2021.11.20-18.56.11:440][  0]LogAudioMixer: Display: Output buffers initialized: Frames=1024, Channels=2, Samples=2048
[2021.11.20-18.56.11:441][  0]LogAudioMixer: Display: Starting AudioMixerPlatformInterface::RunInternal()
[2021.11.20-18.56.11:441][  0]LogAudioMixer: Display: FMixerPlatformXAudio2::SubmitBuffer() called for the first time
[2021.11.20-18.56.11:441][  0]LogInit: FAudioDevice initialized.
[2021.11.20-18.56.11:442][  0]LogAudio: Display: Audio Device (ID: 1) registered with world 'Untitled'.
[2021.11.20-18.56.11:442][  0]LogNetVersion: Set ProjectVersion to 1.0.0.0. Version Checksum will be recalculated on next use.
[2021.11.20-18.56.11:536][  0]LogDerivedDataCache: Saved boot cache 0.09s 94MB C:/Users/Fabio/AppData/Local/UnrealEngine/4.27/DerivedDataCache/Boot.ddc.
[2021.11.20-18.56.11:536][  0]LogInit: Texture streaming: Enabled
[2021.11.20-18.56.11:548][  0]LogAnalytics: Display: [UEEditor.Rocket.Release] APIServer = https://datarouter.ol.epicgames.com/. AppVersion = 4.27.1-17735300+++UE4+Release-4.27
[2021.11.20-18.56.11:551][  0]LogEngineSessionManager: EngineSessionManager initialized
[2021.11.20-18.56.11:551][  0]LogEditorSessionSummary: Verbose: Initializing EditorSessionSummaryWriter for editor session tracking
[2021.11.20-18.56.11:552][  0]LogEditorSessionSummary: EditorSessionSummaryWriter initialized
[2021.11.20-18.56.11:575][  0]LogInit: Transaction tracking system initialized
[2021.11.20-18.56.11:625][  0]BlueprintLog: New page: Editor Load
[2021.11.20-18.56.11:678][  0]LocalizationService: Localization service is disabled
[2021.11.20-18.56.11:701][  0]TimingProfiler: Initialize
[2021.11.20-18.56.11:701][  0]TimingProfiler: OnSessionChanged
[2021.11.20-18.56.11:701][  0]LoadingProfiler: Initialize
[2021.11.20-18.56.11:701][  0]LoadingProfiler: OnSessionChanged
[2021.11.20-18.56.11:701][  0]NetworkingProfiler: Initialize
[2021.11.20-18.56.11:702][  0]NetworkingProfiler: OnSessionChanged
[2021.11.20-18.56.11:702][  0]MemoryProfiler: Initialize
[2021.11.20-18.56.11:702][  0]MemoryProfiler: OnSessionChanged
[2021.11.20-18.56.11:883][  0]LogCook: Display: CookSettings for Memory: MemoryMaxUsedVirtual 0MiB, MemoryMaxUsedPhysical 16384MiB, MemoryMinFreeVirtual 0MiB, MemoryMinFreePhysical 1024MiB
[2021.11.20-18.56.11:883][  0]LogCook: Display: Mobile HDR setting 1
[2021.11.20-18.56.12:045][  0]LogFileCache: Scanning file cache for directory 'C:/Users/Fabio/Documents/Unreal Projects/PuzzleBombUnreal/puzzleBomb/Content/' took 0.01s
[2021.11.20-18.56.12:173][  0]LogImageWrapper: Warning: PNG Warning: Duplicate iCCP chunk
[2021.11.20-18.56.12:173][  0]LogImageWrapper: Warning: PNG Warning: Duplicate iCCP chunk
[2021.11.20-18.56.12:173][  0]LogInit: Display: Engine is initialized. Leaving FEngineLoop::Init()
[2021.11.20-18.56.12:175][  0]SourceControl: Source control is disabled
[2021.11.20-18.56.12:175][  0]LogUnrealEdMisc: Loading editor; pre map load, took 7.662
[2021.11.20-18.56.12:175][  0]Cmd: MAP LOAD FILE="C:/Users/Fabio/Documents/Unreal Projects/PuzzleBombUnreal/puzzleBomb/Content/Maps/TestLevel.umap" TEMPLATE=0 SHOWPROGRESS=1 FEATURELEVEL=3
[2021.11.20-18.56.12:175][  0]LogEditorServer: Warning: Can't find file 'C:/Users/Fabio/Documents/Unreal Projects/PuzzleBombUnreal/puzzleBomb/Content/Maps/TestLevel.umap'
[2021.11.20-18.56.12:175][  0]Cmd: MAP CHECKDEP NOCLEARLOG
[2021.11.20-18.56.12:176][  0]MapCheck: Map check complete: 0 Error(s), 0 Warning(s), took 0,094ms to complete.
[2021.11.20-18.56.12:176][  0]LogFileHelpers: Loading map 'TestLevel' took 0.000
[2021.11.20-18.56.12:177][  0]LogUnrealEdMisc: Total Editor Startup Time, took 7.664
[2021.11.20-18.56.18:542][  0]LogSlate: Updating window title bar state: overlay mode, drag disabled, window buttons hidden, title bar hidden
[2021.11.20-18.56.18:576][  0]LogSlate: Updating window title bar state: overlay mode, drag disabled, window buttons hidden, title bar hidden
[2021.11.20-18.56.18:582][  0]LogSlate: Updating window title bar state: overlay mode, drag disabled, window buttons hidden, title bar hidden
[2021.11.20-18.56.18:587][  0]LogSlate: Updating window title bar state: overlay mode, drag disabled, window buttons hidden, title bar hidden
[2021.11.20-18.56.20:216][  0]LogNativeClassHierarchy: Verbose: Native class hierarchy populated in 0.0125 seconds. Added 3822 classes and 928 folders.
[2021.11.20-18.56.20:359][  0]LogNativeClassHierarchy: Verbose: Native class hierarchy updated for 'WidgetCarousel' in 0.0005 seconds. Added 0 classes and 0 folders.
[2021.11.20-18.56.21:108][  0]LogPakFile: PakFile PrimaryIndexSize=187
[2021.11.20-18.56.21:108][  0]LogPakFile: PakFile PathHashIndexSize=101
[2021.11.20-18.56.21:109][  0]LogPakFile: PakFile FullDirectoryIndexSize=148
[2021.11.20-18.56.21:135][  0]LogShaderLibrary: Display: ShaderCodeLibraryPakFileMountedCallback: PakFile 'D:/Games/UE_4.27/FeaturePacks/FP_FirstPerson.upack' (chunk index -1, root 'root:/') mounted
[2021.11.20-18.56.21:135][  0]LogShaderLibrary: Display: ShaderCodeLibraryPakFileMountedCallback: pending pak file info (ChunkID:-1 Root:root:/ File:D:/Games/UE_4.27/FeaturePacks/FP_FirstPerson.upack)
[2021.11.20-18.56.21:135][  0]LogPakFile: OnPakFileMounted2Time == 0.026312
[2021.11.20-18.56.21:145][  0]LogPakFile: PakFile PrimaryIndexSize=189
[2021.11.20-18.56.21:145][  0]LogPakFile: PakFile PathHashIndexSize=101
[2021.11.20-18.56.21:145][  0]LogPakFile: PakFile FullDirectoryIndexSize=152
[2021.11.20-18.56.21:145][  0]LogShaderLibrary: Display: ShaderCodeLibraryPakFileMountedCallback: PakFile 'D:/Games/UE_4.27/FeaturePacks/FP_FirstPersonBP.upack' (chunk index -1, root 'root:/') mounted
[2021.11.20-18.56.21:145][  0]LogShaderLibrary: Display: ShaderCodeLibraryPakFileMountedCallback: pending pak file info (ChunkID:-1 Root:root:/ File:D:/Games/UE_4.27/FeaturePacks/FP_FirstPersonBP.upack)
[2021.11.20-18.56.21:145][  0]LogPakFile: OnPakFileMounted2Time == 0.000036
[2021.11.20-18.56.21:173][  0]LogPakFile: PakFile PrimaryIndexSize=191
[2021.11.20-18.56.21:173][  0]LogPakFile: PakFile PathHashIndexSize=101
[2021.11.20-18.56.21:173][  0]LogPakFile: PakFile FullDirectoryIndexSize=160
[2021.11.20-18.56.21:173][  0]LogShaderLibrary: Display: ShaderCodeLibraryPakFileMountedCallback: PakFile 'D:/Games/UE_4.27/FeaturePacks/MobileStarterContent.upack' (chunk index -1, root 'root:/') mounted
[2021.11.20-18.56.21:173][  0]LogShaderLibrary: Display: ShaderCodeLibraryPakFileMountedCallback: pending pak file info (ChunkID:-1 Root:root:/ File:D:/Games/UE_4.27/FeaturePacks/MobileStarterContent.upack)
[2021.11.20-18.56.21:173][  0]LogPakFile: OnPakFileMounted2Time == 0.000053
[2021.11.20-18.56.21:225][  0]LogPakFile: PakFile PrimaryIndexSize=185
[2021.11.20-18.56.21:225][  0]LogPakFile: PakFile PathHashIndexSize=101
[2021.11.20-18.56.21:225][  0]LogPakFile: PakFile FullDirectoryIndexSize=148
[2021.11.20-18.56.21:225][  0]LogShaderLibrary: Display: ShaderCodeLibraryPakFileMountedCallback: PakFile 'D:/Games/UE_4.27/FeaturePacks/StarterContent.upack' (chunk index -1, root 'root:/') mounted
[2021.11.20-18.56.21:225][  0]LogShaderLibrary: Display: ShaderCodeLibraryPakFileMountedCallback: pending pak file info (ChunkID:-1 Root:root:/ File:D:/Games/UE_4.27/FeaturePacks/StarterContent.upack)
[2021.11.20-18.56.21:225][  0]LogPakFile: OnPakFileMounted2Time == 0.000043
[2021.11.20-18.56.21:267][  0]LogPakFile: PakFile PrimaryIndexSize=190
[2021.11.20-18.56.21:268][  0]LogPakFile: PakFile PathHashIndexSize=101
[2021.11.20-18.56.21:268][  0]LogPakFile: PakFile FullDirectoryIndexSize=154
[2021.11.20-18.56.21:268][  0]LogShaderLibrary: Display: ShaderCodeLibraryPakFileMountedCallback: PakFile 'D:/Games/UE_4.27/FeaturePacks/TP_2DSideScroller.upack' (chunk index -1, root 'root:/') mounted
[2021.11.20-18.56.21:268][  0]LogShaderLibrary: Display: ShaderCodeLibraryPakFileMountedCallback: pending pak file info (ChunkID:-1 Root:root:/ File:D:/Games/UE_4.27/FeaturePacks/TP_2DSideScroller.upack)
[2021.11.20-18.56.21:268][  0]LogPakFile: OnPakFileMounted2Time == 0.000040
[2021.11.20-18.56.21:295][  0]LogPakFile: PakFile PrimaryIndexSize=192
[2021.11.20-18.56.21:295][  0]LogPakFile: PakFile PathHashIndexSize=101
[2021.11.20-18.56.21:295][  0]LogPakFile: PakFile FullDirectoryIndexSize=158
[2021.11.20-18.56.21:295][  0]LogShaderLibrary: Display: ShaderCodeLibraryPakFileMountedCallback: PakFile 'D:/Games/UE_4.27/FeaturePacks/TP_2DSideScrollerBP.upack' (chunk index -1, root 'root:/') mounted
[2021.11.20-18.56.21:295][  0]LogShaderLibrary: Display: ShaderCodeLibraryPakFileMountedCallback: pending pak file info (ChunkID:-1 Root:root:/ File:D:/Games/UE_4.27/FeaturePacks/TP_2DSideScrollerBP.upack)
[2021.11.20-18.56.21:295][  0]LogPakFile: OnPakFileMounted2Time == 0.000040
[2021.11.20-18.56.21:323][  0]LogPakFile: PakFile PrimaryIndexSize=182
[2021.11.20-18.56.21:323][  0]LogPakFile: PakFile PathHashIndexSize=101
[2021.11.20-18.56.21:323][  0]LogPakFile: PakFile FullDirectoryIndexSize=138
[2021.11.20-18.56.21:323][  0]LogShaderLibrary: Display: ShaderCodeLibraryPakFileMountedCallback: PakFile 'D:/Games/UE_4.27/FeaturePacks/TP_Flying.upack' (chunk index -1, root 'root:/') mounted
[2021.11.20-18.56.21:323][  0]LogShaderLibrary: Display: ShaderCodeLibraryPakFileMountedCallback: pending pak file info (ChunkID:-1 Root:root:/ File:D:/Games/UE_4.27/FeaturePacks/TP_Flying.upack)
[2021.11.20-18.56.21:323][  0]LogPakFile: OnPakFileMounted2Time == 0.000039
[2021.11.20-18.56.21:369][  0]LogPakFile: PakFile PrimaryIndexSize=184
[2021.11.20-18.56.21:369][  0]LogPakFile: PakFile PathHashIndexSize=101
[2021.11.20-18.56.21:369][  0]LogPakFile: PakFile FullDirectoryIndexSize=142
[2021.11.20-18.56.21:369][  0]LogShaderLibrary: Display: ShaderCodeLibraryPakFileMountedCallback: PakFile 'D:/Games/UE_4.27/FeaturePacks/TP_FlyingBP.upack' (chunk index -1, root 'root:/') mounted
[2021.11.20-18.56.21:369][  0]LogShaderLibrary: Display: ShaderCodeLibraryPakFileMountedCallback: pending pak file info (ChunkID:-1 Root:root:/ File:D:/Games/UE_4.27/FeaturePacks/TP_FlyingBP.upack)
[2021.11.20-18.56.21:369][  0]LogPakFile: OnPakFileMounted2Time == 0.000041
[2021.11.20-18.56.21:400][  0]LogPakFile: PakFile PrimaryIndexSize=188
[2021.11.20-18.56.21:400][  0]LogPakFile: PakFile PathHashIndexSize=101
[2021.11.20-18.56.21:400][  0]LogPakFile: PakFile FullDirectoryIndexSize=150
[2021.11.20-18.56.21:400][  0]LogShaderLibrary: Display: ShaderCodeLibraryPakFileMountedCallback: PakFile 'D:/Games/UE_4.27/FeaturePacks/TP_HandheldARBP.upack' (chunk index -1, root 'root:/') mounted
[2021.11.20-18.56.21:400][  0]LogShaderLibrary: Display: ShaderCodeLibraryPakFileMountedCallback: pending pak file info (ChunkID:-1 Root:root:/ File:D:/Games/UE_4.27/FeaturePacks/TP_HandheldARBP.upack)
[2021.11.20-18.56.21:400][  0]LogPakFile: OnPakFileMounted2Time == 0.000040
[2021.11.20-18.56.21:642][  0]LogPakFile: PakFile PrimaryIndexSize=182
[2021.11.20-18.56.21:642][  0]LogPakFile: PakFile PathHashIndexSize=101
[2021.11.20-18.56.21:642][  0]LogPakFile: PakFile FullDirectoryIndexSize=138
[2021.11.20-18.56.21:642][  0]LogShaderLibrary: Display: ShaderCodeLibraryPakFileMountedCallback: PakFile 'D:/Games/UE_4.27/FeaturePacks/TP_Puzzle.upack' (chunk index -1, root 'root:/') mounted
[2021.11.20-18.56.21:642][  0]LogShaderLibrary: Display: ShaderCodeLibraryPakFileMountedCallback: pending pak file info (ChunkID:-1 Root:root:/ File:D:/Games/UE_4.27/FeaturePacks/TP_Puzzle.upack)
[2021.11.20-18.56.21:642][  0]LogPakFile: OnPakFileMounted2Time == 0.000041
[2021.11.20-18.56.21:652][  0]LogPakFile: PakFile PrimaryIndexSize=184
[2021.11.20-18.56.21:652][  0]LogPakFile: PakFile PathHashIndexSize=101
[2021.11.20-18.56.21:652][  0]LogPakFile: PakFile FullDirectoryIndexSize=142
[2021.11.20-18.56.21:652][  0]LogShaderLibrary: Display: ShaderCodeLibraryPakFileMountedCallback: PakFile 'D:/Games/UE_4.27/FeaturePacks/TP_PuzzleBP.upack' (chunk index -1, root 'root:/') mounted
[2021.11.20-18.56.21:652][  0]LogShaderLibrary: Display: ShaderCodeLibraryPakFileMountedCallback: pending pak file info (ChunkID:-1 Root:root:/ File:D:/Games/UE_4.27/FeaturePacks/TP_PuzzleBP.upack)
[2021.11.20-18.56.21:652][  0]LogPakFile: OnPakFileMounted2Time == 0.000034
[2021.11.20-18.56.21:666][  0]LogPakFile: PakFile PrimaryIndexSize=183
[2021.11.20-18.56.21:666][  0]LogPakFile: PakFile PathHashIndexSize=101
[2021.11.20-18.56.21:666][  0]LogPakFile: PakFile FullDirectoryIndexSize=140
[2021.11.20-18.56.21:666][  0]LogShaderLibrary: Display: ShaderCodeLibraryPakFileMountedCallback: PakFile 'D:/Games/UE_4.27/FeaturePacks/TP_Rolling.upack' (chunk index -1, root 'root:/') mounted
[2021.11.20-18.56.21:666][  0]LogShaderLibrary: Display: ShaderCodeLibraryPakFileMountedCallback: pending pak file info (ChunkID:-1 Root:root:/ File:D:/Games/UE_4.27/FeaturePacks/TP_Rolling.upack)
[2021.11.20-18.56.21:666][  0]LogPakFile: OnPakFileMounted2Time == 0.000063
[2021.11.20-18.56.21:722][  0]LogPakFile: PakFile PrimaryIndexSize=185
[2021.11.20-18.56.21:722][  0]LogPakFile: PakFile PathHashIndexSize=101
[2021.11.20-18.56.21:722][  0]LogPakFile: PakFile FullDirectoryIndexSize=144
[2021.11.20-18.56.21:723][  0]LogShaderLibrary: Display: ShaderCodeLibraryPakFileMountedCallback: PakFile 'D:/Games/UE_4.27/FeaturePacks/TP_RollingBP.upack' (chunk index -1, root 'root:/') mounted
[2021.11.20-18.56.21:723][  0]LogShaderLibrary: Display: ShaderCodeLibraryPakFileMountedCallback: pending pak file info (ChunkID:-1 Root:root:/ File:D:/Games/UE_4.27/FeaturePacks/TP_RollingBP.upack)
[2021.11.20-18.56.21:723][  0]LogPakFile: OnPakFileMounted2Time == 0.000043
[2021.11.20-18.56.21:743][  0]LogPakFile: PakFile PrimaryIndexSize=188
[2021.11.20-18.56.21:743][  0]LogPakFile: PakFile PathHashIndexSize=101
[2021.11.20-18.56.21:743][  0]LogPakFile: PakFile FullDirectoryIndexSize=150
[2021.11.20-18.56.21:743][  0]LogShaderLibrary: Display: ShaderCodeLibraryPakFileMountedCallback: PakFile 'D:/Games/UE_4.27/FeaturePacks/TP_SideScroller.upack' (chunk index -1, root 'root:/') mounted
[2021.11.20-18.56.21:743][  0]LogShaderLibrary: Display: ShaderCodeLibraryPakFileMountedCallback: pending pak file info (ChunkID:-1 Root:root:/ File:D:/Games/UE_4.27/FeaturePacks/TP_SideScroller.upack)
[2021.11.20-18.56.21:743][  0]LogPakFile: OnPakFileMounted2Time == 0.000038
[2021.11.20-18.56.21:767][  0]LogPakFile: PakFile PrimaryIndexSize=190
[2021.11.20-18.56.21:767][  0]LogPakFile: PakFile PathHashIndexSize=101
[2021.11.20-18.56.21:767][  0]LogPakFile: PakFile FullDirectoryIndexSize=154
[2021.11.20-18.56.21:767][  0]LogShaderLibrary: Display: ShaderCodeLibraryPakFileMountedCallback: PakFile 'D:/Games/UE_4.27/FeaturePacks/TP_SideScrollerBP.upack' (chunk index -1, root 'root:/') mounted
[2021.11.20-18.56.21:767][  0]LogShaderLibrary: Display: ShaderCodeLibraryPakFileMountedCallback: pending pak file info (ChunkID:-1 Root:root:/ File:D:/Games/UE_4.27/FeaturePacks/TP_SideScrollerBP.upack)
[2021.11.20-18.56.21:767][  0]LogPakFile: OnPakFileMounted2Time == 0.000062
[2021.11.20-18.56.21:805][  0]LogPakFile: PakFile PrimaryIndexSize=187
[2021.11.20-18.56.21:805][  0]LogPakFile: PakFile PathHashIndexSize=101
[2021.11.20-18.56.21:805][  0]LogPakFile: PakFile FullDirectoryIndexSize=148
[2021.11.20-18.56.21:805][  0]LogShaderLibrary: Display: ShaderCodeLibraryPakFileMountedCallback: PakFile 'D:/Games/UE_4.27/FeaturePacks/TP_ThirdPerson.upack' (chunk index -1, root 'root:/') mounted
[2021.11.20-18.56.21:805][  0]LogShaderLibrary: Display: ShaderCodeLibraryPakFileMountedCallback: pending pak file info (ChunkID:-1 Root:root:/ File:D:/Games/UE_4.27/FeaturePacks/TP_ThirdPerson.upack)
[2021.11.20-18.56.21:805][  0]LogPakFile: OnPakFileMounted2Time == 0.000047
[2021.11.20-18.56.21:826][  0]LogPakFile: PakFile PrimaryIndexSize=189
[2021.11.20-18.56.21:826][  0]LogPakFile: PakFile PathHashIndexSize=101
[2021.11.20-18.56.21:826][  0]LogPakFile: PakFile FullDirectoryIndexSize=152
[2021.11.20-18.56.21:826][  0]LogShaderLibrary: Display: ShaderCodeLibraryPakFileMountedCallback: PakFile 'D:/Games/UE_4.27/FeaturePacks/TP_ThirdPersonBP.upack' (chunk index -1, root 'root:/') mounted
[2021.11.20-18.56.21:826][  0]LogShaderLibrary: Display: ShaderCodeLibraryPakFileMountedCallback: pending pak file info (ChunkID:-1 Root:root:/ File:D:/Games/UE_4.27/FeaturePacks/TP_ThirdPersonBP.upack)
[2021.11.20-18.56.21:826][  0]LogPakFile: OnPakFileMounted2Time == 0.000040
[2021.11.20-18.56.21:838][  0]LogPakFile: PakFile PrimaryIndexSize=183
[2021.11.20-18.56.21:838][  0]LogPakFile: PakFile PathHashIndexSize=101
[2021.11.20-18.56.21:838][  0]LogPakFile: PakFile FullDirectoryIndexSize=140
[2021.11.20-18.56.21:838][  0]LogShaderLibrary: Display: ShaderCodeLibraryPakFileMountedCallback: PakFile 'D:/Games/UE_4.27/FeaturePacks/TP_TopDown.upack' (chunk index -1, root 'root:/') mounted
[2021.11.20-18.56.21:838][  0]LogShaderLibrary: Display: ShaderCodeLibraryPakFileMountedCallback: pending pak file info (ChunkID:-1 Root:root:/ File:D:/Games/UE_4.27/FeaturePacks/TP_TopDown.upack)
[2021.11.20-18.56.21:838][  0]LogPakFile: OnPakFileMounted2Time == 0.000049
[2021.11.20-18.56.21:848][  0]LogPakFile: PakFile PrimaryIndexSize=185
[2021.11.20-18.56.21:848][  0]LogPakFile: PakFile PathHashIndexSize=101
[2021.11.20-18.56.21:848][  0]LogPakFile: PakFile FullDirectoryIndexSize=144
[2021.11.20-18.56.21:848][  0]LogShaderLibrary: Display: ShaderCodeLibraryPakFileMountedCallback: PakFile 'D:/Games/UE_4.27/FeaturePacks/TP_TopDownBP.upack' (chunk index -1, root 'root:/') mounted
[2021.11.20-18.56.21:848][  0]LogShaderLibrary: Display: ShaderCodeLibraryPakFileMountedCallback: pending pak file info (ChunkID:-1 Root:root:/ File:D:/Games/UE_4.27/FeaturePacks/TP_TopDownBP.upack)
[2021.11.20-18.56.21:848][  0]LogPakFile: OnPakFileMounted2Time == 0.000039
[2021.11.20-18.56.21:881][  0]LogPakFile: PakFile PrimaryIndexSize=185
[2021.11.20-18.56.21:881][  0]LogPakFile: PakFile PathHashIndexSize=101
[2021.11.20-18.56.21:881][  0]LogPakFile: PakFile FullDirectoryIndexSize=144
[2021.11.20-18.56.21:881][  0]LogShaderLibrary: Display: ShaderCodeLibraryPakFileMountedCallback: PakFile 'D:/Games/UE_4.27/FeaturePacks/TP_TwinStick.upack' (chunk index -1, root 'root:/') mounted
[2021.11.20-18.56.21:881][  0]LogShaderLibrary: Display: ShaderCodeLibraryPakFileMountedCallback: pending pak file info (ChunkID:-1 Root:root:/ File:D:/Games/UE_4.27/FeaturePacks/TP_TwinStick.upack)
[2021.11.20-18.56.21:881][  0]LogPakFile: OnPakFileMounted2Time == 0.000044
[2021.11.20-18.56.21:895][  0]LogPakFile: PakFile PrimaryIndexSize=187
[2021.11.20-18.56.21:895][  0]LogPakFile: PakFile PathHashIndexSize=101
[2021.11.20-18.56.21:895][  0]LogPakFile: PakFile FullDirectoryIndexSize=148
[2021.11.20-18.56.21:895][  0]LogShaderLibrary: Display: ShaderCodeLibraryPakFileMountedCallback: PakFile 'D:/Games/UE_4.27/FeaturePacks/TP_TwinStickBP.upack' (chunk index -1, root 'root:/') mounted
[2021.11.20-18.56.21:895][  0]LogShaderLibrary: Display: ShaderCodeLibraryPakFileMountedCallback: pending pak file info (ChunkID:-1 Root:root:/ File:D:/Games/UE_4.27/FeaturePacks/TP_TwinStickBP.upack)
[2021.11.20-18.56.21:895][  0]LogPakFile: OnPakFileMounted2Time == 0.000030
[2021.11.20-18.56.21:920][  0]LogPakFile: PakFile PrimaryIndexSize=183
[2021.11.20-18.56.21:920][  0]LogPakFile: PakFile PathHashIndexSize=101
[2021.11.20-18.56.21:920][  0]LogPakFile: PakFile FullDirectoryIndexSize=140
[2021.11.20-18.56.21:920][  0]LogShaderLibrary: Display: ShaderCodeLibraryPakFileMountedCallback: PakFile 'D:/Games/UE_4.27/FeaturePacks/TP_Vehicle.upack' (chunk index -1, root 'root:/') mounted
[2021.11.20-18.56.21:920][  0]LogShaderLibrary: Display: ShaderCodeLibraryPakFileMountedCallback: pending pak file info (ChunkID:-1 Root:root:/ File:D:/Games/UE_4.27/FeaturePacks/TP_Vehicle.upack)
[2021.11.20-18.56.21:920][  0]LogPakFile: OnPakFileMounted2Time == 0.000033
[2021.11.20-18.56.21:961][  0]LogPakFile: PakFile PrimaryIndexSize=186
[2021.11.20-18.56.21:961][  0]LogPakFile: PakFile PathHashIndexSize=101
[2021.11.20-18.56.21:961][  0]LogPakFile: PakFile FullDirectoryIndexSize=146
[2021.11.20-18.56.21:961][  0]LogShaderLibrary: Display: ShaderCodeLibraryPakFileMountedCallback: PakFile 'D:/Games/UE_4.27/FeaturePacks/TP_VehicleAdv.upack' (chunk index -1, root 'root:/') mounted
[2021.11.20-18.56.21:961][  0]LogShaderLibrary: Display: ShaderCodeLibraryPakFileMountedCallback: pending pak file info (ChunkID:-1 Root:root:/ File:D:/Games/UE_4.27/FeaturePacks/TP_VehicleAdv.upack)
[2021.11.20-18.56.21:961][  0]LogPakFile: OnPakFileMounted2Time == 0.000033
[2021.11.20-18.56.21:988][  0]LogPakFile: PakFile PrimaryIndexSize=188
[2021.11.20-18.56.21:988][  0]LogPakFile: PakFile PathHashIndexSize=101
[2021.11.20-18.56.21:988][  0]LogPakFile: PakFile FullDirectoryIndexSize=150
[2021.11.20-18.56.21:988][  0]LogShaderLibrary: Display: ShaderCodeLibraryPakFileMountedCallback: PakFile 'D:/Games/UE_4.27/FeaturePacks/TP_VehicleAdvBP.upack' (chunk index -1, root 'root:/') mounted
[2021.11.20-18.56.21:988][  0]LogShaderLibrary: Display: ShaderCodeLibraryPakFileMountedCallback: pending pak file info (ChunkID:-1 Root:root:/ File:D:/Games/UE_4.27/FeaturePacks/TP_VehicleAdvBP.upack)
[2021.11.20-18.56.21:988][  0]LogPakFile: OnPakFileMounted2Time == 0.000035
[2021.11.20-18.56.22:011][  0]LogPakFile: PakFile PrimaryIndexSize=185
[2021.11.20-18.56.22:011][  0]LogPakFile: PakFile PathHashIndexSize=101
[2021.11.20-18.56.22:011][  0]LogPakFile: PakFile FullDirectoryIndexSize=144
[2021.11.20-18.56.22:011][  0]LogShaderLibrary: Display: ShaderCodeLibraryPakFileMountedCallback: PakFile 'D:/Games/UE_4.27/FeaturePacks/TP_VehicleBP.upack' (chunk index -1, root 'root:/') mounted
[2021.11.20-18.56.22:011][  0]LogShaderLibrary: Display: ShaderCodeLibraryPakFileMountedCallback: pending pak file info (ChunkID:-1 Root:root:/ File:D:/Games/UE_4.27/FeaturePacks/TP_VehicleBP.upack)
[2021.11.20-18.56.22:011][  0]LogPakFile: OnPakFileMounted2Time == 0.000038
[2021.11.20-18.56.22:033][  0]LogPakFile: PakFile PrimaryIndexSize=192
[2021.11.20-18.56.22:033][  0]LogPakFile: PakFile PathHashIndexSize=101
[2021.11.20-18.56.22:033][  0]LogPakFile: PakFile FullDirectoryIndexSize=158
[2021.11.20-18.56.22:033][  0]LogShaderLibrary: Display: ShaderCodeLibraryPakFileMountedCallback: PakFile 'D:/Games/UE_4.27/FeaturePacks/TP_VirtualRealityBP.upack' (chunk index -1, root 'root:/') mounted
[2021.11.20-18.56.22:033][  0]LogShaderLibrary: Display: ShaderCodeLibraryPakFileMountedCallback: pending pak file info (ChunkID:-1 Root:root:/ File:D:/Games/UE_4.27/FeaturePacks/TP_VirtualRealityBP.upack)
[2021.11.20-18.56.22:033][  0]LogPakFile: OnPakFileMounted2Time == 0.000036
[2021.11.20-18.56.25:104][  0]LogNativeClassHierarchy: Verbose: Native class hierarchy updated for 'AddContentDialog' in 0.0003 seconds. Added 0 classes and 0 folders.
[2021.11.20-18.56.25:180][  0]LogNativeClassHierarchy: Verbose: Native class hierarchy updated for 'SceneOutliner' in 0.0003 seconds. Added 2 classes and 0 folders.
[2021.11.20-18.56.25:688][  0]LogSlate: Took 0.000112 seconds to synchronously load lazily loaded font '../../../Engine/Content/Slate/Fonts/Roboto-Regular.ttf' (155K)
[2021.11.20-18.56.25:701][  0]LogSlate: Took 0.012069 seconds to synchronously load lazily loaded font '../../../Engine/Content/Editor/Slate/Fonts/FontAwesome.ttf' (139K)
[2021.11.20-18.56.25:710][  0]LogSlate: Took 0.000080 seconds to synchronously load lazily loaded font '../../../Engine/Content/Slate/Fonts/Roboto-Bold.ttf' (160K)
[2021.11.20-18.56.25:942][  0]LogRenderer: Reallocating scene render targets to support 1208x616 Format 10 NumSamples 1 (Frame:1).
[2021.11.20-18.56.26:253][  0]LogNativeClassHierarchy: Verbose: Native class hierarchy updated for 'HierarchicalLODOutliner' in 0.0003 seconds. Added 0 classes and 0 folders.
[2021.11.20-18.56.26:253][  0]LogLoad: (Engine Initialization) Total time: 21.74 seconds
[2021.11.20-18.56.26:254][  0]LogLoad: (Engine Initialization) Total Blueprint compile time: 0.00 seconds
[2021.11.20-18.56.26:321][  0]LogAssetRegistry: Asset discovery search completed in 19.2472 seconds
[2021.11.20-18.56.26:325][  0]LogCollectionManager: Fixed up redirectors for 0 collections in 0.000003 seconds (updated 0 objects)
[2021.11.20-18.56.26:330][  0]LogContentStreaming: Texture pool size now 1000 MB
[2021.11.20-18.56.27:289][104]LogSlate: Took 0.021300 seconds to synchronously load lazily loaded font '../../../Engine/Content/Slate/Fonts/Roboto-Light.ttf' (167K)
[2021.11.20-18.57.12:711][495]LogSlate: Took 0.000080 seconds to synchronously load lazily loaded font '../../../Engine/Content/Slate/Fonts/Roboto-Light.ttf' (167K)
[2021.11.20-18.57.22:236][435]LogAssetEditorSubsystem: Opening Asset editor for Blueprint /Game/Character/Character_BP.Character_BP
[2021.11.20-18.57.22:699][435]LogNativeClassHierarchy: Verbose: Native class hierarchy updated for 'BlueprintGraph' in 0.0005 seconds. Added 126 classes and 0 folders.
[2021.11.20-18.57.24:411][435]LogSlate: Took 0.000155 seconds to synchronously load lazily loaded font '../../../Engine/Content/Slate/Fonts/Roboto-BoldCondensed.ttf' (158K)
[2021.11.20-18.59.19:041][790]BlueprintLog: New page: Compile Character_BP
[2021.11.20-18.59.19:155][790]LogUObjectHash: Compacting FUObjectHashTables data took   2.47ms
[2021.11.20-18.59.19:248][790]LogSlate: Took 0.042619 seconds to synchronously load lazily loaded font '../../../Engine/Content/Slate/Fonts/DroidSansMono.ttf' (77K)
[2021.11.20-18.59.21:244][ 27]LogUObjectHash: Compacting FUObjectHashTables data took   2.66ms
[2021.11.20-18.59.21:317][ 27]Cmd: OBJ SAVEPACKAGE PACKAGE="/Game/Character/Character_BP" FILE="C:/Users/Fabio/Documents/Unreal Projects/PuzzleBombUnreal/puzzleBomb/Content/Character/Character_BP.uasset" SILENT=true
[2021.11.20-18.59.21:404][ 27]LogSavePackage: Moving 'C:/Users/Fabio/Documents/Unreal Projects/PuzzleBombUnreal/puzzleBomb/Saved/Character_BP53AA86E54F426920E1E9FDB178AF3C10.tmp' to 'C:/Users/Fabio/Documents/Unreal Projects/PuzzleBombUnreal/puzzleBomb/Content/Character/Character_BP.uasset'
[2021.11.20-18.59.21:424][ 27]AssetCheck: New page: Asset Save: Character_BP
[2021.11.20-18.59.21:424][ 27]LogContentValidation: Display: Validating Blueprint /Game/Character/Character_BP.Character_BP
[2021.11.20-18.59.25:646][516]LogSlate: Took 0.017199 seconds to synchronously load lazily loaded font '../../../Engine/Content/Slate/Fonts/Roboto-Italic.ttf' (157K)
[2021.11.20-19.03.25:048][652]BlueprintLog: New page: Compile Character_BP
[2021.11.20-19.03.25:101][652]LogUObjectHash: Compacting FUObjectHashTables data took   2.52ms
[2021.11.20-19.06.26:499][794]LogUObjectHash: Compacting FUObjectHashTables data took   2.54ms
[2021.11.20-19.06.26:500][794]LogFileHelpers: Editor autosave (incl. external actors) for '/Temp/Untitled_0' took 0.019
[2021.11.20-19.06.26:501][794]OBJ SavePackage: Generating thumbnails for [1] asset(s) in package [/Game/Character/Character_BP] ([2] browsable assets)...
[2021.11.20-19.06.26:514][794]OBJ SavePackage:     Rendered thumbnail for [Blueprint /Game/Character/Character_BP.Character_BP]
[2021.11.20-19.06.26:514][794]OBJ SavePackage: Finished generating thumbnails for package [/Game/Character/Character_BP]
[2021.11.20-19.06.26:546][794]LogSavePackage: Moving 'C:/Users/Fabio/Documents/Unreal Projects/PuzzleBombUnreal/puzzleBomb/Saved/Character_BP_Auto13A1997C5492457E6A99CC3BADB71C62C.tmp' to 'C:/Users/Fabio/Documents/Unreal Projects/PuzzleBombUnreal/puzzleBomb/Saved/Autosaves/Game/Character/Character_BP_Auto1.uasset'
[2021.11.20-19.06.26:547][794]LogFileHelpers: Auto-saving content packages took 0.046
[2021.11.20-19.11.26:936][881]Cmd: OBJ SAVEPACKAGE PACKAGE="/Game/Character/Character_BP" FILE="C:/Users/Fabio/Documents/Unreal Projects/PuzzleBombUnreal/puzzleBomb/Content/Character/Character_BP.uasset" SILENT=true
[2021.11.20-19.11.26:963][881]LogSavePackage: Moving 'C:/Users/Fabio/Documents/Unreal Projects/PuzzleBombUnreal/puzzleBomb/Saved/Character_BPB162B4BB48C3CDD78023059DB52F46C2.tmp' to 'C:/Users/Fabio/Documents/Unreal Projects/PuzzleBombUnreal/puzzleBomb/Content/Character/Character_BP.uasset'
[2021.11.20-19.11.26:975][881]AssetCheck: New page: Asset Save: Character_BP
[2021.11.20-19.11.26:975][881]LogContentValidation: Display: Validating Blueprint /Game/Character/Character_BP.Character_BP
